TN:
SF:..\core\src\column.ts
FN:14,makeTitle
FN:19,(anonymous_1)
FN:29,(anonymous_2)
FN:32,(anonymous_3)
FN:35,(anonymous_4)
FN:37,(anonymous_5)
FN:45,(anonymous_6)
FN:61,(anonymous_7)
FN:65,(anonymous_8)
FN:72,(anonymous_9)
FN:73,(anonymous_10)
FN:77,(anonymous_11)
FN:135,(anonymous_12)
FN:97,(anonymous_13)
FN:102,(anonymous_14)
FN:107,(anonymous_15)
FN:112,(anonymous_16)
FN:138,(anonymous_17)
FN:142,(anonymous_18)
FN:149,(anonymous_20)
FN:156,(anonymous_21)
FN:160,(anonymous_22)
FN:165,(anonymous_24)
FN:172,(anonymous_25)
FN:175,(anonymous_27)
FNF:25
FNH:25
FNDA:2902,makeTitle
FNDA:2902,(anonymous_1)
FNDA:15,(anonymous_2)
FNDA:1,(anonymous_3)
FNDA:19,(anonymous_4)
FNDA:38,(anonymous_5)
FNDA:1,(anonymous_6)
FNDA:7,(anonymous_7)
FNDA:14,(anonymous_8)
FNDA:2,(anonymous_9)
FNDA:2,(anonymous_10)
FNDA:4,(anonymous_11)
FNDA:199,(anonymous_12)
FNDA:1,(anonymous_13)
FNDA:207,(anonymous_14)
FNDA:182,(anonymous_15)
FNDA:219,(anonymous_16)
FNDA:179,(anonymous_17)
FNDA:186,(anonymous_18)
FNDA:2,(anonymous_20)
FNDA:1,(anonymous_21)
FNDA:3,(anonymous_22)
FNDA:2,(anonymous_24)
FNDA:2,(anonymous_25)
FNDA:1,(anonymous_27)
DA:17,2902
DA:19,2902
DA:30,15
DA:33,1
DA:36,19
DA:37,19
DA:38,38
DA:39,19
DA:40,38
DA:42,19
DA:46,1
DA:62,7
DA:63,7
DA:64,7
DA:65,7
DA:66,14
DA:68,7
DA:73,2
DA:74,2
DA:75,2
DA:76,1
DA:77,2
DA:78,4
DA:79,4
DA:80,2
DA:81,4
DA:82,4
DA:83,4
DA:98,1
DA:99,1
DA:100,1
DA:103,207
DA:104,79
DA:105,128
DA:108,182
DA:109,35
DA:110,147
DA:113,219
DA:114,76
DA:115,6
DA:117,70
DA:118,70
DA:119,68
DA:120,68
DA:123,2
DA:127,143
DA:128,1
DA:131,142
DA:135,199
DA:140,179
DA:143,186
DA:146,1
DA:149,2
DA:150,2
DA:157,1
DA:158,1
DA:161,3
DA:162,1
DA:163,2
DA:164,2
DA:165,2
DA:166,2
DA:167,2
DA:168,2
DA:173,2
DA:176,1
DA:177,1
DA:178,1
DA:180,1
LF:69
LH:69
BRDA:38,0,0,19
BRDA:38,0,1,19
BRDA:75,1,0,1
BRDA:75,1,1,1
BRDA:79,2,0,2
BRDA:79,2,1,2
BRDA:81,3,0,4
BRDA:81,3,1,0
BRDA:98,4,0,1
BRDA:98,4,1,0
BRDA:103,5,0,79
BRDA:103,5,1,128
BRDA:103,6,0,207
BRDA:103,6,1,146
BRDA:108,7,0,35
BRDA:108,7,1,147
BRDA:108,8,0,182
BRDA:108,8,1,149
BRDA:113,9,0,76
BRDA:113,9,1,143
BRDA:114,10,0,6
BRDA:114,10,1,70
BRDA:114,11,0,76
BRDA:114,11,1,74
BRDA:118,12,0,68
BRDA:118,12,1,2
BRDA:127,13,0,1
BRDA:127,13,1,142
BRDA:161,14,0,1
BRDA:161,14,1,2
BRDA:163,15,0,2
BRDA:163,15,1,0
BRF:32
BRH:29
end_of_record
TN:
SF:..\core\src\context.ts
FN:17,(anonymous_0)
FN:20,(anonymous_1)
FN:21,(anonymous_3)
FN:23,(anonymous_4)
FN:26,(anonymous_5)
FN:29,(anonymous_6)
FN:30,(anonymous_8)
FN:33,retry
FN:42,(anonymous_11)
FN:43,(anonymous_12)
FN:54,toPromise
FN:61,(anonymous_14)
FN:65,(anonymous_15)
FN:65,(anonymous_16)
FN:70,processHttpException
FN:104,isBackend
FN:231,(anonymous_20)
FN:258,(anonymous_21)
FN:259,(anonymous_22)
FN:115,(anonymous_23)
FN:130,(anonymous_24)
FN:141,(anonymous_25)
FN:167,(anonymous_27)
FN:176,(anonymous_28)
FN:205,(anonymous_29)
FN:220,(anonymous_30)
FN:264,(anonymous_31)
FN:269,(anonymous_32)
FN:268,(anonymous_33)
FN:283,(anonymous_34)
FN:286,(anonymous_35)
FN:291,setControllerSettings
FN:319,(anonymous_37)
FN:320,(anonymous_38)
FN:342,(anonymous_39)
FN:350,(anonymous_40)
FN:350,(anonymous_41)
FN:353,(anonymous_42)
FN:354,(anonymous_43)
FN:344,(anonymous_44)
FNF:40
FNH:40
FNDA:55,(anonymous_0)
FNDA:126,(anonymous_1)
FNDA:126,(anonymous_3)
FNDA:1,(anonymous_4)
FNDA:10,(anonymous_5)
FNDA:84,(anonymous_6)
FNDA:84,(anonymous_8)
FNDA:219,retry
FNDA:1,(anonymous_11)
FNDA:1,(anonymous_12)
FNDA:225,toPromise
FNDA:224,(anonymous_14)
FNDA:1,(anonymous_15)
FNDA:1,(anonymous_16)
FNDA:11,processHttpException
FNDA:1772,isBackend
FNDA:802,(anonymous_20)
FNDA:1040,(anonymous_21)
FNDA:28,(anonymous_22)
FNDA:969,(anonymous_23)
FNDA:41,(anonymous_24)
FNDA:11,(anonymous_25)
FNDA:5,(anonymous_27)
FNDA:462,(anonymous_28)
FNDA:208,(anonymous_29)
FNDA:1,(anonymous_30)
FNDA:448,(anonymous_31)
FNDA:3,(anonymous_32)
FNDA:668,(anonymous_33)
FNDA:6,(anonymous_34)
FNDA:12,(anonymous_35)
FNDA:143,setControllerSettings
FNDA:1,(anonymous_37)
FNDA:2,(anonymous_38)
FNDA:802,(anonymous_39)
FNDA:1,(anonymous_40)
FNDA:1,(anonymous_41)
FNDA:1,(anonymous_42)
FNDA:1,(anonymous_43)
FNDA:11,(anonymous_44)
DA:17,55
DA:21,126
DA:24,1
DA:27,10
DA:30,84
DA:34,219
DA:35,220
DA:36,220
DA:38,7
DA:42,1
DA:43,1
DA:44,1
DA:47,1
DA:49,6
DA:56,225
DA:57,1
DA:60,224
DA:61,225
DA:62,224
DA:63,1
DA:64,223
DA:65,1
DA:66,1
DA:71,11
DA:73,11
DA:74,6
DA:76,5
DA:77,5
DA:78,2
DA:80,3
DA:83,11
DA:84,1
DA:85,11
DA:86,1
DA:87,11
DA:88,6
DA:92,11
DA:93,11
DA:94,1
DA:95,11
DA:96,9
DA:98,11
DA:101,11
DA:105,1772
DA:116,969
DA:117,962
DA:118,969
DA:119,969
DA:120,507
DA:122,969
DA:123,969
DA:125,600
DA:127,969
DA:131,41
DA:132,12
DA:138,29
DA:142,11
DA:143,11
DA:144,11
DA:145,8
DA:146,2
DA:147,8
DA:148,1
DA:150,8
DA:151,4
DA:153,11
DA:154,1
DA:155,11
DA:165,802
DA:168,5
DA:177,462
DA:178,88
DA:179,374
DA:180,9
DA:181,13
DA:182,5
DA:185,4
DA:188,365
DA:189,3
DA:191,362
DA:192,337
DA:193,25
DA:194,25
DA:195,12
DA:198,13
DA:206,208
DA:208,1
DA:209,2
DA:210,1
DA:214,207
DA:215,11
DA:216,196
DA:221,1
DA:224,802
DA:233,802
DA:234,43
DA:235,43
DA:238,759
DA:240,759
DA:241,1
DA:244,759
DA:245,758
DA:247,759
DA:248,759
DA:249,1
DA:255,1
DA:257,802
DA:265,448
DA:268,1
DA:270,3
DA:277,1
DA:282,1
DA:284,6
DA:287,12
DA:292,143
DA:293,143
DA:294,481
DA:295,481
DA:296,6
DA:297,12
DA:300,481
DA:301,481
DA:302,143
DA:303,338
DA:319,1
DA:320,2
DA:333,1
DA:343,802
DA:345,11
DA:346,1
DA:349,802
DA:350,1
DA:351,1
DA:352,1
DA:353,1
DA:354,1
LF:136
LH:136
BRDA:38,0,0,1
BRDA:38,0,1,6
BRDA:38,1,0,7
BRDA:38,1,1,6
BRDA:38,1,2,6
BRDA:38,1,3,6
BRDA:38,2,0,2
BRDA:38,2,1,5
BRDA:38,3,0,7
BRDA:38,3,1,7
BRDA:39,4,0,2
BRDA:39,4,1,4
BRDA:38,5,0,6
BRDA:38,5,1,6
BRDA:40,6,0,2
BRDA:40,6,1,4
BRDA:39,7,0,6
BRDA:39,7,1,6
BRDA:41,8,0,2
BRDA:41,8,1,4
BRDA:40,9,0,6
BRDA:40,9,1,6
BRDA:56,10,0,1
BRDA:56,10,1,224
BRDA:62,11,0,1
BRDA:62,11,1,223
BRDA:62,12,0,224
BRDA:62,12,1,223
BRDA:62,12,2,222
BRDA:62,12,3,1
BRDA:62,12,4,1
BRDA:62,12,5,1
BRDA:73,13,0,6
BRDA:73,13,1,5
BRDA:76,14,0,5
BRDA:76,14,1,0
BRDA:77,15,0,2
BRDA:77,15,1,3
BRDA:77,16,0,1
BRDA:77,16,1,4
BRDA:77,17,0,5
BRDA:77,17,1,5
BRDA:80,18,0,1
BRDA:80,18,1,2
BRDA:80,19,0,3
BRDA:80,19,1,3
BRDA:80,20,0,0
BRDA:80,20,1,3
BRDA:80,21,0,3
BRDA:80,21,1,3
BRDA:83,22,0,1
BRDA:83,22,1,10
BRDA:85,23,0,1
BRDA:85,23,1,10
BRDA:85,24,0,11
BRDA:85,24,1,1
BRDA:87,25,0,6
BRDA:87,25,1,5
BRDA:93,26,0,1
BRDA:93,26,1,10
BRDA:94,27,0,1
BRDA:94,27,1,0
BRDA:94,28,0,1
BRDA:94,28,1,1
BRDA:95,29,0,9
BRDA:95,29,1,2
BRDA:95,30,0,11
BRDA:95,30,1,10
BRDA:233,31,0,43
BRDA:233,31,1,759
BRDA:233,32,0,802
BRDA:233,32,1,44
BRDA:240,33,0,1
BRDA:240,33,1,758
BRDA:244,34,0,758
BRDA:244,34,1,1
BRDA:248,35,0,1
BRDA:248,35,1,758
BRDA:116,36,0,962
BRDA:116,36,1,7
BRDA:119,37,0,507
BRDA:119,37,1,462
BRDA:123,38,0,600
BRDA:123,38,1,369
BRDA:131,39,0,12
BRDA:131,39,1,29
BRDA:144,40,0,8
BRDA:144,40,1,3
BRDA:145,41,0,2
BRDA:145,41,1,6
BRDA:145,42,0,8
BRDA:145,42,1,5
BRDA:147,43,0,1
BRDA:147,43,1,7
BRDA:147,44,0,8
BRDA:147,44,1,2
BRDA:150,45,0,4
BRDA:150,45,1,4
BRDA:153,46,0,1
BRDA:153,46,1,10
BRDA:153,47,0,11
BRDA:153,47,1,8
BRDA:177,48,0,88
BRDA:177,48,1,374
BRDA:179,49,0,9
BRDA:179,49,1,365
BRDA:181,50,0,5
BRDA:181,50,1,8
BRDA:188,51,0,3
BRDA:188,51,1,362
BRDA:191,52,0,337
BRDA:191,52,1,25
BRDA:193,53,0,25
BRDA:193,53,1,0
BRDA:194,54,0,12
BRDA:194,54,1,13
BRDA:206,55,0,1
BRDA:206,55,1,207
BRDA:209,56,0,1
BRDA:209,56,1,1
BRDA:214,57,0,11
BRDA:214,57,1,196
BRDA:295,58,0,6
BRDA:295,58,1,475
BRDA:301,59,0,143
BRDA:301,59,1,338
BRF:126
BRH:122
end_of_record
TN:
SF:..\core\src\data-api.ts
FN:14,(anonymous_0)
FN:16,(anonymous_1)
FN:22,(anonymous_2)
FN:36,(anonymous_3)
FN:41,(anonymous_5)
FN:41,(anonymous_6)
FN:43,(anonymous_7)
FN:57,(anonymous_9)
FN:63,(anonymous_11)
FN:70,(anonymous_12)
FN:71,(anonymous_13)
FN:72,(anonymous_14)
FN:76,(anonymous_15)
FN:77,(anonymous_16)
FN:78,(anonymous_17)
FN:79,(anonymous_18)
FN:80,(anonymous_19)
FN:81,(anonymous_20)
FN:82,(anonymous_21)
FN:83,(anonymous_22)
FN:84,(anonymous_23)
FN:86,(anonymous_24)
FN:112,(anonymous_25)
FN:112,(anonymous_26)
FN:113,(anonymous_27)
FN:113,(anonymous_28)
FN:128,(anonymous_29)
FN:138,(anonymous_31)
FN:153,(anonymous_32)
FN:161,(anonymous_34)
FN:161,(anonymous_35)
FN:173,(anonymous_36)
FN:175,(anonymous_38)
FN:175,(anonymous_39)
FN:187,(anonymous_40)
FN:188,(anonymous_42)
FN:188,(anonymous_43)
FN:200,(anonymous_44)
FN:236,determineSort
FN:241,(anonymous_47)
FN:254,serializeError
FNF:41
FNH:29
FNDA:136,(anonymous_0)
FNDA:83,(anonymous_1)
FNDA:126,(anonymous_2)
FNDA:9,(anonymous_3)
FNDA:6,(anonymous_5)
FNDA:6,(anonymous_6)
FNDA:33,(anonymous_7)
FNDA:90,(anonymous_9)
FNDA:88,(anonymous_11)
FNDA:0,(anonymous_12)
FNDA:0,(anonymous_13)
FNDA:2,(anonymous_14)
FNDA:0,(anonymous_15)
FNDA:0,(anonymous_16)
FNDA:0,(anonymous_17)
FNDA:0,(anonymous_18)
FNDA:0,(anonymous_19)
FNDA:0,(anonymous_20)
FNDA:0,(anonymous_21)
FNDA:0,(anonymous_22)
FNDA:0,(anonymous_23)
FNDA:0,(anonymous_24)
FNDA:88,(anonymous_25)
FNDA:88,(anonymous_26)
FNDA:123,(anonymous_27)
FNDA:123,(anonymous_28)
FNDA:121,(anonymous_29)
FNDA:4375,(anonymous_31)
FNDA:57,(anonymous_32)
FNDA:57,(anonymous_34)
FNDA:57,(anonymous_35)
FNDA:37,(anonymous_36)
FNDA:35,(anonymous_38)
FNDA:35,(anonymous_39)
FNDA:12,(anonymous_40)
FNDA:10,(anonymous_42)
FNDA:10,(anonymous_43)
FNDA:130,(anonymous_44)
FNDA:14,determineSort
FNDA:22,(anonymous_47)
FNDA:5,serializeError
DA:14,136
DA:17,83
DA:18,27
DA:20,56
DA:23,126
DA:24,126
DA:25,0
DA:26,126
DA:28,8
DA:30,1
DA:32,117
DA:35,1
DA:37,9
DA:38,1
DA:39,1
DA:41,8
DA:44,33
DA:45,1
DA:46,1
DA:48,32
DA:50,32
DA:52,0
DA:58,90
DA:59,1
DA:60,1
DA:62,89
DA:63,89
DA:64,89
DA:65,89
DA:66,2
DA:67,2
DA:68,2
DA:69,2
DA:73,2
DA:74,1
DA:89,2
DA:90,1
DA:91,1
DA:94,88
DA:96,86
DA:97,86
DA:98,14
DA:99,14
DA:102,86
DA:103,86
DA:104,0
DA:105,86
DA:106,86
DA:109,88
DA:111,88
DA:112,88
DA:113,123
DA:115,88
DA:116,0
DA:120,0
DA:122,88
DA:125,0
DA:129,121
DA:130,121
DA:131,14
DA:132,3
DA:134,11
DA:136,121
DA:137,119
DA:139,4375
DA:140,4375
DA:141,9
DA:142,4366
DA:146,121
DA:147,16
DA:148,121
DA:154,57
DA:158,57
DA:161,57
DA:162,57
DA:163,6
DA:164,51
DA:165,0
DA:167,51
DA:170,12
DA:175,37
DA:176,35
DA:177,35
DA:178,35
DA:179,1
DA:180,1
DA:182,34
DA:183,25
DA:188,12
DA:190,10
DA:191,2
DA:192,2
DA:194,8
DA:195,5
DA:202,130
DA:203,130
DA:204,130
DA:205,130
DA:206,1
DA:207,1
DA:210,129
DA:211,126
DA:213,3
DA:237,14
DA:238,14
DA:239,14
DA:240,14
DA:241,14
DA:242,22
DA:243,22
DA:244,3
DA:246,19
DA:248,14
DA:255,5
DA:256,2
DA:258,5
DA:259,5
DA:260,1
DA:261,5
DA:262,0
DA:263,5
LF:121
LH:113
BRDA:17,0,0,27
BRDA:17,0,1,56
BRDA:23,1,0,0
BRDA:23,1,1,126
BRDA:23,2,0,126
BRDA:23,2,1,126
BRDA:24,3,0,0
BRDA:24,3,1,126
BRDA:24,4,0,117
BRDA:24,4,1,9
BRDA:24,5,0,126
BRDA:24,5,1,126
BRDA:27,6,0,8
BRDA:27,6,1,1
BRDA:27,6,2,117
BRDA:37,7,0,1
BRDA:37,7,1,8
BRDA:44,8,0,1
BRDA:44,8,1,32
BRDA:58,9,0,1
BRDA:58,9,1,89
BRDA:65,10,0,2
BRDA:65,10,1,87
BRDA:68,11,0,2
BRDA:68,11,1,0
BRDA:73,12,0,1
BRDA:73,12,1,1
BRDA:89,13,0,1
BRDA:89,13,1,1
BRDA:94,14,0,86
BRDA:94,14,1,2
BRDA:97,15,0,14
BRDA:97,15,1,72
BRDA:103,16,0,0
BRDA:103,16,1,86
BRDA:103,17,0,86
BRDA:103,17,1,60
BRDA:109,18,0,2
BRDA:109,18,1,86
BRDA:109,19,0,88
BRDA:109,19,1,88
BRDA:115,20,0,0
BRDA:115,20,1,88
BRDA:115,21,0,88
BRDA:115,21,1,0
BRDA:115,22,0,0
BRDA:115,22,1,0
BRDA:115,23,0,0
BRDA:115,23,1,0
BRDA:130,24,0,14
BRDA:130,24,1,107
BRDA:131,25,0,3
BRDA:131,25,1,11
BRDA:136,26,0,119
BRDA:136,26,1,2
BRDA:140,27,0,9
BRDA:140,27,1,4366
BRDA:140,28,0,4375
BRDA:140,28,1,44
BRDA:146,29,0,16
BRDA:146,29,1,105
BRDA:162,30,0,6
BRDA:162,30,1,51
BRDA:164,31,0,0
BRDA:164,31,1,51
BRDA:178,32,0,1
BRDA:178,32,1,34
BRDA:190,33,0,2
BRDA:190,33,1,8
BRDA:205,34,0,1
BRDA:205,34,1,129
BRDA:238,35,0,14
BRDA:238,35,1,0
BRDA:243,36,0,3
BRDA:243,36,1,19
BRDA:243,37,0,22
BRDA:243,37,1,22
BRDA:255,38,0,2
BRDA:255,38,1,3
BRDA:259,39,0,1
BRDA:259,39,1,4
BRDA:259,40,0,5
BRDA:259,40,1,1
BRDA:261,41,0,0
BRDA:261,41,1,5
BRF:85
BRH:72
end_of_record
TN:
SF:..\core\src\id-entity.ts
FNF:0
FNH:0
DA:5,1
LF:1
LH:1
BRF:0
BRH:0
end_of_record
TN:
SF:..\core\src\server-action.ts
FN:31,(anonymous_0)
FN:36,(anonymous_1)
FN:45,(anonymous_3)
FN:45,(anonymous_4)
FN:48,(anonymous_5)
FN:48,(anonymous_6)
FN:75,(anonymous_7)
FN:76,(anonymous_8)
FN:76,(anonymous_9)
FN:93,(anonymous_10)
FN:100,(anonymous_11)
FN:104,(anonymous_12)
FN:107,(anonymous_14)
FN:107,(anonymous_15)
FN:140,(anonymous_16)
FN:141,(anonymous_17)
FN:142,(anonymous_18)
FN:143,(anonymous_19)
FN:174,Controller
FN:175,(anonymous_21)
FN:187,BackendMethod
FN:188,(anonymous_23)
FN:195,(anonymous_24)
FN:199,(anonymous_25)
FN:205,(anonymous_27)
FN:205,(anonymous_28)
FN:233,(anonymous_29)
FN:245,(anonymous_30)
FN:245,(anonymous_31)
FN:247,(anonymous_32)
FN:257,(anonymous_33)
FN:257,(anonymous_34)
FN:330,(anonymous_35)
FN:345,(anonymous_37)
FN:372,(anonymous_39)
FN:407,registerAction
FN:412,isCustomUndefined
FN:428,(anonymous_43)
FN:429,(anonymous_44)
FN:433,prepareArgsToSend
FN:458,(anonymous_46)
FN:461,prepareReceivedArgs
FNF:42
FNH:27
FNDA:21,(anonymous_0)
FNDA:22,(anonymous_1)
FNDA:0,(anonymous_3)
FNDA:0,(anonymous_4)
FNDA:0,(anonymous_5)
FNDA:0,(anonymous_6)
FNDA:132,(anonymous_7)
FNDA:7,(anonymous_8)
FNDA:7,(anonymous_9)
FNDA:0,(anonymous_10)
FNDA:6,(anonymous_11)
FNDA:7,(anonymous_12)
FNDA:7,(anonymous_14)
FNDA:7,(anonymous_15)
FNDA:0,(anonymous_16)
FNDA:0,(anonymous_17)
FNDA:0,(anonymous_18)
FNDA:0,(anonymous_19)
FNDA:3,Controller
FNDA:3,(anonymous_21)
FNDA:18,BackendMethod
FNDA:18,(anonymous_23)
FNDA:7,(anonymous_24)
FNDA:7,(anonymous_25)
FNDA:0,(anonymous_27)
FNDA:0,(anonymous_28)
FNDA:264,(anonymous_29)
FNDA:15,(anonymous_30)
FNDA:15,(anonymous_31)
FNDA:1,(anonymous_32)
FNDA:15,(anonymous_33)
FNDA:15,(anonymous_34)
FNDA:17,(anonymous_35)
FNDA:0,(anonymous_37)
FNDA:0,(anonymous_39)
FNDA:18,registerAction
FNDA:10,isCustomUndefined
FNDA:0,(anonymous_43)
FNDA:0,(anonymous_44)
FNDA:25,prepareArgsToSend
FNDA:10,(anonymous_46)
FNDA:22,prepareReceivedArgs
DA:31,21
DA:34,1
DA:38,22
DA:39,17
DA:40,17
DA:42,0
DA:43,0
DA:45,0
DA:46,0
DA:47,0
DA:48,0
DA:49,0
DA:51,0
DA:52,0
DA:53,0
DA:57,0
DA:58,0
DA:59,0
DA:60,0
DA:64,0
DA:68,17
DA:76,132
DA:78,7
DA:79,7
DA:80,6
DA:83,1
DA:84,0
DA:86,1
DA:94,0
DA:100,6
DA:101,6
DA:105,7
DA:106,7
DA:107,7
DA:108,7
DA:109,7
DA:110,0
DA:112,7
DA:113,7
DA:114,7
DA:119,1
DA:122,6
DA:137,1
DA:140,0
DA:141,0
DA:148,1
DA:172,1
DA:173,1
DA:175,3
DA:176,3
DA:177,3
DA:178,3
DA:182,3
DA:188,18
DA:189,18
DA:190,6
DA:192,6
DA:195,7
DA:199,6
DA:200,7
DA:203,7
DA:204,7
DA:205,0
DA:208,7
DA:211,0
DA:213,6
DA:214,6
DA:217,6
DA:221,12
DA:222,12
DA:223,12
DA:224,6
DA:225,6
DA:227,12
DA:228,12
DA:229,12
DA:230,12
DA:231,12
DA:235,264
DA:236,264
DA:237,264
DA:240,264
DA:241,0
DA:245,264
DA:247,15
DA:248,15
DA:251,15
DA:252,15
DA:254,15
DA:257,15
DA:258,15
DA:259,15
DA:260,15
DA:261,8
DA:264,8
DA:265,4
DA:266,4
DA:267,4
DA:272,4
DA:278,4
DA:279,1
DA:280,3
DA:281,3
DA:283,7
DA:284,0
DA:285,7
DA:286,7
DA:287,6
DA:288,6
DA:298,0
DA:302,7
DA:303,7
DA:304,7
DA:305,7
DA:306,0
DA:308,7
DA:309,6
DA:310,6
DA:315,1
DA:320,11
DA:323,4
DA:330,12
DA:331,17
DA:332,17
DA:333,17
DA:335,17
DA:336,9
DA:337,9
DA:338,8
DA:339,8
DA:340,0
DA:342,8
DA:344,8
DA:346,0
DA:358,6
DA:359,6
DA:362,2
DA:363,0
DA:368,8
DA:369,8
DA:370,8
DA:371,7
DA:373,0
DA:379,5
DA:380,5
DA:383,3
DA:388,0
DA:390,12
DA:391,12
DA:394,12
DA:404,1
DA:408,18
DA:409,18
DA:413,10
DA:428,0
DA:430,0
DA:435,25
DA:436,25
DA:437,10
DA:438,10
DA:439,20
DA:440,0
DA:441,20
DA:442,2
DA:445,10
DA:446,7
DA:447,7
DA:448,7
DA:449,7
DA:450,7
DA:451,7
DA:452,2
DA:453,2
DA:458,25
DA:462,22
DA:463,9
DA:464,9
DA:465,2
DA:468,22
DA:469,22
DA:470,9
DA:471,0
DA:473,9
DA:475,2
DA:476,7
DA:477,0
DA:478,7
DA:479,0
DA:481,7
DA:482,7
DA:483,7
DA:484,7
DA:485,7
DA:486,7
DA:487,2
DA:488,1
DA:494,22
DA:497,1
LF:198
LH:161
BRDA:40,0,0,0
BRDA:40,0,1,17
BRDA:40,1,0,17
BRDA:40,1,1,17
BRDA:46,2,0,0
BRDA:46,2,1,0
BRDA:47,3,0,0
BRDA:47,3,1,0
BRDA:52,4,0,0
BRDA:52,4,1,0
BRDA:57,5,0,0
BRDA:57,5,1,0
BRDA:83,6,0,0
BRDA:83,6,1,1
BRDA:109,7,0,0
BRDA:109,7,1,7
BRDA:189,8,0,6
BRDA:189,8,1,12
BRDA:200,9,0,7
BRDA:200,9,1,0
BRDA:204,10,0,0
BRDA:204,10,1,7
BRDA:223,11,0,6
BRDA:223,11,1,6
BRDA:240,12,0,0
BRDA:240,12,1,264
BRDA:245,13,0,264
BRDA:245,13,1,0
BRDA:247,14,0,0
BRDA:247,14,1,1
BRDA:260,15,0,8
BRDA:260,15,1,7
BRDA:264,16,0,4
BRDA:264,16,1,4
BRDA:278,17,0,1
BRDA:278,17,1,3
BRDA:283,18,0,0
BRDA:283,18,1,7
BRDA:305,19,0,0
BRDA:305,19,1,7
BRDA:331,20,0,17
BRDA:331,20,1,0
BRDA:335,21,0,9
BRDA:335,21,1,8
BRDA:339,22,0,0
BRDA:339,22,1,8
BRDA:348,23,0,8
BRDA:348,23,1,0
BRDA:375,24,0,7
BRDA:375,24,1,0
BRDA:408,25,0,18
BRDA:408,25,1,6
BRDA:413,26,0,10
BRDA:413,26,1,9
BRDA:435,27,0,25
BRDA:435,27,1,0
BRDA:439,28,0,0
BRDA:439,28,1,20
BRDA:441,29,0,2
BRDA:441,29,1,18
BRDA:445,30,0,7
BRDA:445,30,1,3
BRDA:448,31,0,7
BRDA:448,31,1,0
BRDA:451,32,0,2
BRDA:451,32,1,5
BRDA:458,33,0,8
BRDA:458,33,1,2
BRDA:464,34,0,2
BRDA:464,34,1,7
BRDA:468,35,0,22
BRDA:468,35,1,0
BRDA:470,36,0,0
BRDA:470,36,1,9
BRDA:473,37,0,2
BRDA:473,37,1,7
BRDA:473,38,0,9
BRDA:473,38,1,7
BRDA:476,39,0,0
BRDA:476,39,1,7
BRDA:476,40,0,7
BRDA:476,40,1,0
BRDA:478,41,0,0
BRDA:478,41,1,7
BRDA:483,42,0,7
BRDA:483,42,1,0
BRDA:486,43,0,2
BRDA:486,43,1,5
BRDA:487,44,0,1
BRDA:487,44,1,1
BRDA:487,45,0,2
BRDA:487,45,1,1
BRF:92
BRH:61
end_of_record
TN:
SF:..\core\src\sort.ts
FN:17,(anonymous_0)
FN:6,(anonymous_1)
FN:21,(anonymous_2)
FN:28,(anonymous_3)
FN:46,(anonymous_4)
FN:71,(anonymous_5)
FN:79,(anonymous_6)
FN:85,(anonymous_7)
FN:90,(anonymous_8)
FNF:9
FNH:8
FNDA:191,(anonymous_0)
FNDA:20,(anonymous_1)
FNDA:0,(anonymous_2)
FNDA:188,(anonymous_3)
FNDA:764,(anonymous_4)
FNDA:34,(anonymous_5)
FNDA:3,(anonymous_6)
FNDA:37,(anonymous_7)
FNDA:56,(anonymous_8)
DA:7,20
DA:8,20
DA:9,20
DA:10,1
DA:13,19
DA:15,20
DA:18,191
DA:22,0
DA:23,0
DA:24,0
DA:26,0
DA:29,188
DA:30,188
DA:31,199
DA:32,199
DA:33,199
DA:34,199
DA:35,121
DA:36,78
DA:37,67
DA:38,199
DA:39,188
DA:40,21
DA:41,188
DA:44,0
DA:47,764
DA:48,603
DA:50,161
DA:51,161
DA:52,161
DA:53,228
DA:54,228
DA:55,228
DA:56,228
DA:57,227
DA:59,21
DA:60,21
DA:62,206
DA:68,161
DA:72,34
DA:73,28
DA:74,34
DA:75,28
DA:77,34
DA:78,1
DA:79,3
DA:80,2
DA:85,37
DA:86,0
DA:88,34
DA:91,56
DA:92,9
DA:93,56
DA:94,6
DA:97,56
DA:98,5
DA:99,10
DA:100,5
DA:105,51
DA:106,8
DA:109,56
LF:61
LH:55
BRDA:9,0,0,1
BRDA:9,0,1,19
BRDA:34,1,0,121
BRDA:34,1,1,78
BRDA:36,2,0,67
BRDA:36,2,1,11
BRDA:38,3,0,188
BRDA:38,3,1,11
BRDA:39,4,0,21
BRDA:39,4,1,167
BRDA:47,5,0,603
BRDA:47,5,1,161
BRDA:50,6,0,161
BRDA:50,6,1,0
BRDA:53,7,0,228
BRDA:53,7,1,0
BRDA:56,8,0,227
BRDA:56,8,1,1
BRDA:58,9,0,21
BRDA:58,9,1,206
BRDA:72,10,0,28
BRDA:72,10,1,6
BRDA:72,11,0,34
BRDA:72,11,1,6
BRDA:74,12,0,28
BRDA:74,12,1,6
BRDA:77,13,0,1
BRDA:77,13,1,33
BRDA:79,14,0,2
BRDA:79,14,1,0
BRDA:85,15,0,0
BRDA:85,15,1,33
BRDA:91,16,0,9
BRDA:91,16,1,47
BRDA:91,17,0,56
BRDA:91,17,1,50
BRDA:93,18,0,6
BRDA:93,18,1,50
BRDA:97,19,0,5
BRDA:97,19,1,51
BRDA:99,20,0,5
BRDA:99,20,1,5
BRDA:105,21,0,8
BRDA:105,21,1,43
BRF:44
BRH:40
end_of_record
TN:
SF:..\core\src\test.ts
FNF:0
FNH:0
DA:15,1
DA:20,1
DA:22,1
LF:3
LH:3
BRF:0
BRH:0
end_of_record
TN:
SF:..\core\src\validators.ts
FN:5,(anonymous_0)
FN:9,(anonymous_1)
FN:10,(anonymous_2)
FN:14,(anonymous_3)
FN:14,(anonymous_4)
FN:22,(anonymous_5)
FN:23,(anonymous_6)
FN:27,(anonymous_7)
FN:27,(anonymous_8)
FN:31,(anonymous_9)
FN:32,(anonymous_10)
FNF:11
FNH:5
FNDA:20,(anonymous_0)
FNDA:1,(anonymous_1)
FNDA:1,(anonymous_2)
FNDA:10,(anonymous_3)
FNDA:10,(anonymous_4)
FNDA:0,(anonymous_5)
FNDA:0,(anonymous_6)
FNDA:0,(anonymous_7)
FNDA:0,(anonymous_8)
FNDA:0,(anonymous_9)
FNDA:0,(anonymous_10)
DA:5,1
DA:6,20
DA:7,6
DA:10,1
DA:14,10
DA:15,10
DA:16,0
DA:17,10
DA:18,10
DA:19,4
DA:23,0
DA:27,1
DA:28,0
DA:29,0
DA:32,0
LF:15
LH:10
BRDA:5,0,0,18
BRDA:6,1,0,6
BRDA:6,1,1,14
BRDA:6,2,0,20
BRDA:6,2,1,14
BRDA:6,2,2,14
BRDA:7,3,0,6
BRDA:7,3,1,4
BRDA:14,4,0,10
BRDA:15,5,0,0
BRDA:15,5,1,10
BRDA:17,6,0,10
BRDA:17,6,1,0
BRDA:17,7,0,10
BRDA:17,7,1,0
BRDA:18,8,0,4
BRDA:18,8,1,6
BRDA:19,9,0,4
BRDA:19,9,1,4
BRDA:27,10,0,0
BRDA:28,11,0,0
BRDA:28,11,1,0
BRF:22
BRH:16
end_of_record
TN:
SF:..\core\src\data-providers\array-entity-data-provider.ts
FN:18,(anonymous_0)
FN:10,(anonymous_1)
FN:29,(anonymous_2)
FN:48,(anonymous_3)
FN:64,(anonymous_5)
FN:68,(anonymous_7)
FN:75,(anonymous_8)
FN:82,(anonymous_9)
FN:86,(anonymous_10)
FN:93,(anonymous_11)
FN:101,(anonymous_12)
FN:102,(anonymous_13)
FN:108,(anonymous_14)
FN:129,(anonymous_15)
FN:139,(anonymous_16)
FN:151,(anonymous_18)
FN:162,pageArray
FN:173,(anonymous_20)
FN:183,(anonymous_21)
FN:184,(anonymous_22)
FN:190,(anonymous_23)
FN:193,(anonymous_24)
FN:203,(anonymous_25)
FN:207,(anonymous_26)
FN:211,(anonymous_27)
FN:220,(anonymous_28)
FN:226,(anonymous_29)
FN:231,(anonymous_30)
FN:236,(anonymous_31)
FN:242,(anonymous_32)
FN:247,(anonymous_33)
FN:251,(anonymous_34)
FNF:32
FNH:30
FNDA:413,(anonymous_0)
FNDA:5,(anonymous_1)
FNDA:890,(anonymous_2)
FNDA:146,(anonymous_3)
FNDA:532,(anonymous_5)
FNDA:989,(anonymous_7)
FNDA:188,(anonymous_8)
FNDA:521,(anonymous_9)
FNDA:1293,(anonymous_10)
FNDA:718,(anonymous_11)
FNDA:79,(anonymous_12)
FNDA:84,(anonymous_13)
FNDA:55,(anonymous_14)
FNDA:24,(anonymous_15)
FNDA:720,(anonymous_16)
FNDA:766,(anonymous_18)
FNDA:532,pageArray
FNDA:318,(anonymous_20)
FNDA:1664,(anonymous_21)
FNDA:35,(anonymous_22)
FNDA:0,(anonymous_23)
FNDA:142,(anonymous_24)
FNDA:6,(anonymous_25)
FNDA:0,(anonymous_26)
FNDA:147,(anonymous_27)
FNDA:911,(anonymous_28)
FNDA:69,(anonymous_29)
FNDA:70,(anonymous_30)
FNDA:136,(anonymous_31)
FNDA:40,(anonymous_32)
FNDA:10,(anonymous_33)
FNDA:71,(anonymous_34)
DA:11,5
DA:18,413
DA:19,413
DA:20,0
DA:22,413
DA:23,118
DA:30,890
DA:31,3672
DA:32,2831
DA:33,2391
DA:34,709
DA:35,709
DA:36,5
DA:37,704
DA:38,2
DA:39,702
DA:40,210
DA:41,709
DA:44,440
DA:45,23
DA:49,146
DA:50,146
DA:51,146
DA:52,392
DA:53,0
DA:56,392
DA:57,392
DA:58,392
DA:59,193
DA:62,146
DA:65,532
DA:66,532
DA:67,532
DA:68,532
DA:69,989
DA:70,989
DA:71,989
DA:74,532
DA:75,70
DA:76,188
DA:79,532
DA:81,532
DA:82,532
DA:83,521
DA:87,1293
DA:88,1293
DA:89,5674
DA:91,1293
DA:94,718
DA:95,718
DA:96,3053
DA:98,718
DA:102,79
DA:103,84
DA:104,84
DA:105,84
DA:109,55
DA:110,55
DA:111,55
DA:112,57
DA:113,57
DA:114,54
DA:115,54
DA:116,232
DA:117,180
DA:118,65
DA:122,54
DA:123,54
DA:124,54
DA:127,1
DA:130,24
DA:131,24
DA:132,27
DA:133,24
DA:134,24
DA:137,0
DA:141,720
DA:142,720
DA:143,719
DA:144,7
DA:145,7
DA:146,4
DA:147,4
DA:150,719
DA:151,692
DA:152,766
DA:153,2
DA:156,718
DA:157,718
DA:158,718
DA:159,718
DA:163,532
DA:164,0
DA:165,532
DA:166,356
DA:167,176
DA:168,176
DA:169,9
DA:170,176
DA:171,0
DA:172,176
DA:173,176
DA:174,318
DA:175,318
DA:176,318
DA:177,318
DA:182,1664
DA:183,1664
DA:185,35
DA:186,20
DA:187,12
DA:191,0
DA:194,142
DA:195,199
DA:196,199
DA:197,199
DA:198,96
DA:201,46
DA:204,6
DA:205,2
DA:208,0
DA:209,0
DA:213,147
DA:214,226
DA:215,68
DA:218,79
DA:222,911
DA:223,454
DA:227,69
DA:228,26
DA:232,70
DA:233,18
DA:238,136
DA:239,91
DA:243,40
DA:244,11
DA:248,10
DA:249,6
DA:252,71
DA:253,71
DA:254,0
DA:255,0
DA:258,71
DA:259,71
DA:260,31
DA:261,71
DA:262,31
DA:263,71
DA:264,8
LF:149
LH:139
BRDA:19,0,0,0
BRDA:19,0,1,413
BRDA:31,1,0,2831
BRDA:31,1,1,841
BRDA:32,2,0,2391
BRDA:32,2,1,440
BRDA:33,3,0,709
BRDA:33,3,1,1682
BRDA:33,4,0,2391
BRDA:33,4,1,1684
BRDA:35,5,0,5
BRDA:35,5,1,704
BRDA:37,6,0,2
BRDA:37,6,1,702
BRDA:39,7,0,210
BRDA:39,7,1,492
BRDA:44,8,0,23
BRDA:44,8,1,417
BRDA:52,9,0,0
BRDA:52,9,1,392
BRDA:58,10,0,193
BRDA:58,10,1,199
BRDA:66,11,0,532
BRDA:66,11,1,0
BRDA:67,12,0,532
BRDA:67,12,1,0
BRDA:74,13,0,70
BRDA:74,13,1,462
BRDA:81,14,0,532
BRDA:81,14,1,0
BRDA:113,15,0,54
BRDA:113,15,1,3
BRDA:116,16,0,180
BRDA:116,16,1,52
BRDA:116,17,0,232
BRDA:116,17,1,232
BRDA:117,18,0,65
BRDA:117,18,1,115
BRDA:132,19,0,24
BRDA:132,19,1,3
BRDA:142,20,0,719
BRDA:142,20,1,1
BRDA:143,21,0,7
BRDA:143,21,1,712
BRDA:143,22,0,0
BRDA:143,22,1,719
BRDA:143,23,0,719
BRDA:143,23,1,719
BRDA:146,24,0,4
BRDA:146,24,1,0
BRDA:150,25,0,692
BRDA:150,25,1,27
BRDA:152,26,0,2
BRDA:152,26,1,764
BRDA:163,27,0,0
BRDA:163,27,1,532
BRDA:165,28,0,356
BRDA:165,28,1,176
BRDA:168,29,0,9
BRDA:168,29,1,167
BRDA:170,30,0,0
BRDA:170,30,1,176
BRDA:177,31,0,318
BRDA:177,31,1,293
BRDA:185,32,0,20
BRDA:185,32,1,15
BRDA:185,33,0,35
BRDA:185,33,1,35
BRDA:186,34,0,12
BRDA:186,34,1,8
BRDA:197,35,0,96
BRDA:197,35,1,103
BRDA:204,36,0,2
BRDA:204,36,1,4
BRDA:208,37,0,0
BRDA:208,37,1,0
BRDA:214,38,0,68
BRDA:214,38,1,158
BRDA:222,39,0,454
BRDA:222,39,1,457
BRDA:227,40,0,26
BRDA:227,40,1,43
BRDA:232,41,0,18
BRDA:232,41,1,52
BRDA:238,42,0,91
BRDA:238,42,1,45
BRDA:243,43,0,11
BRDA:243,43,1,29
BRDA:248,44,0,6
BRDA:248,44,1,4
BRDA:253,45,0,0
BRDA:253,45,1,71
BRDA:259,46,0,31
BRDA:259,46,1,40
BRDA:261,47,0,31
BRDA:261,47,1,40
BRDA:263,48,0,8
BRDA:263,48,1,63
BRF:98
BRH:86
end_of_record
TN:
SF:..\core\src\data-providers\in-memory-database.ts
FN:6,(anonymous_0)
FN:7,(anonymous_1)
FN:11,(anonymous_3)
FN:17,(anonymous_4)
FNF:4
FNH:3
FNDA:317,(anonymous_0)
FNDA:23,(anonymous_1)
FNDA:391,(anonymous_3)
FNDA:0,(anonymous_4)
DA:8,23
DA:10,317
DA:12,391
DA:13,391
DA:14,344
DA:15,391
DA:17,0
LF:7
LH:6
BRDA:13,0,0,344
BRDA:13,0,1,47
BRF:2
BRH:2
end_of_record
TN:
SF:..\core\src\data-providers\json-data-provider.ts
FN:14,(anonymous_0)
FN:17,(anonymous_1)
FN:20,(anonymous_2)
FN:27,(anonymous_4)
FN:30,(anonymous_5)
FN:37,(anonymous_7)
FN:40,(anonymous_8)
FN:41,(anonymous_9)
FN:41,(anonymous_10)
FN:43,(anonymous_11)
FN:44,(anonymous_12)
FN:44,(anonymous_13)
FN:48,(anonymous_14)
FN:49,(anonymous_15)
FN:49,(anonymous_16)
FN:49,(anonymous_17)
FN:55,(anonymous_18)
FN:56,(anonymous_19)
FN:56,(anonymous_20)
FN:56,(anonymous_21)
FN:61,(anonymous_22)
FN:62,(anonymous_24)
FN:62,(anonymous_25)
FN:62,(anonymous_26)
FNF:24
FNH:19
FNDA:2,(anonymous_0)
FNDA:2,(anonymous_1)
FNDA:0,(anonymous_2)
FNDA:2,(anonymous_4)
FNDA:17,(anonymous_5)
FNDA:9,(anonymous_7)
FNDA:3,(anonymous_8)
FNDA:3,(anonymous_9)
FNDA:3,(anonymous_10)
FNDA:5,(anonymous_11)
FNDA:5,(anonymous_12)
FNDA:5,(anonymous_13)
FNDA:0,(anonymous_14)
FNDA:0,(anonymous_15)
FNDA:0,(anonymous_16)
FNDA:0,(anonymous_17)
FNDA:3,(anonymous_18)
FNDA:3,(anonymous_19)
FNDA:3,(anonymous_20)
FNDA:3,(anonymous_21)
FNDA:6,(anonymous_22)
FNDA:6,(anonymous_24)
FNDA:6,(anonymous_25)
FNDA:6,(anonymous_26)
DA:14,2
DA:18,2
DA:21,0
DA:27,2
DA:31,17
DA:32,17
DA:33,17
DA:34,17
DA:35,16
DA:36,17
DA:37,17
DA:39,2
DA:41,3
DA:44,5
DA:49,0
DA:50,0
DA:51,0
DA:56,3
DA:57,3
DA:58,3
DA:62,6
DA:63,6
DA:64,6
LF:23
LH:19
BRDA:34,0,0,16
BRDA:34,0,1,1
BRF:2
BRH:2
end_of_record
TN:
SF:..\core\src\data-providers\rest-data-provider.ts
FN:12,(anonymous_0)
FN:15,(anonymous_1)
FN:18,(anonymous_2)
FN:26,(anonymous_4)
FN:29,(anonymous_5)
FN:36,(anonymous_6)
FN:44,(anonymous_7)
FN:55,(anonymous_9)
FN:57,(anonymous_10)
FN:59,(anonymous_11)
FN:64,(anonymous_12)
FN:64,(anonymous_13)
FN:67,(anonymous_14)
FN:67,(anonymous_15)
FN:70,(anonymous_16)
FN:83,(anonymous_17)
FN:104,(anonymous_18)
FN:112,(anonymous_19)
FN:116,(anonymous_20)
FN:120,(anonymous_21)
FN:121,(anonymous_22)
FN:126,(anonymous_23)
FN:128,(anonymous_24)
FN:129,(anonymous_26)
FN:129,(anonymous_27)
FN:129,(anonymous_28)
FN:133,(anonymous_29)
FN:139,(anonymous_30)
FN:143,(anonymous_31)
FN:145,(anonymous_33)
FN:151,(anonymous_34)
FN:160,(anonymous_35)
FN:164,(anonymous_36)
FN:164,(anonymous_37)
FN:172,onSuccess
FN:179,(anonymous_39)
FN:181,(anonymous_40)
FN:194,addFilterToUrlAndReturnTrueIfSuccessful
FN:215,(anonymous_42)
FNF:39
FNH:39
FNDA:763,(anonymous_0)
FNDA:23,(anonymous_1)
FNDA:1,(anonymous_2)
FNDA:77,(anonymous_4)
FNDA:217,(anonymous_5)
FNDA:118,(anonymous_6)
FNDA:30,(anonymous_7)
FNDA:1,(anonymous_9)
FNDA:29,(anonymous_10)
FNDA:65,(anonymous_11)
FNDA:8,(anonymous_12)
FNDA:18,(anonymous_13)
FNDA:57,(anonymous_14)
FNDA:71,(anonymous_15)
FNDA:65,(anonymous_16)
FNDA:20,(anonymous_17)
FNDA:10,(anonymous_18)
FNDA:10,(anonymous_19)
FNDA:1,(anonymous_20)
FNDA:118,(anonymous_21)
FNDA:118,(anonymous_22)
FNDA:766,(anonymous_23)
FNDA:5,(anonymous_24)
FNDA:5,(anonymous_26)
FNDA:5,(anonymous_27)
FNDA:1,(anonymous_28)
FNDA:1,(anonymous_29)
FNDA:1,(anonymous_30)
FNDA:1,(anonymous_31)
FNDA:1,(anonymous_33)
FNDA:8,(anonymous_34)
FNDA:7,(anonymous_35)
FNDA:4,(anonymous_36)
FNDA:4,(anonymous_37)
FNDA:7,onSuccess
FNDA:2,(anonymous_39)
FNDA:1,(anonymous_40)
FNDA:100,addFilterToUrlAndReturnTrueIfSuccessful
FNDA:14,(anonymous_42)
DA:12,763
DA:16,23
DA:19,1
DA:21,763
DA:26,77
DA:30,217
DA:31,217
DA:32,735
DA:34,217
DA:37,118
DA:38,118
DA:39,353
DA:41,118
DA:45,30
DA:46,30
DA:49,30
DA:50,30
DA:51,30
DA:52,29
DA:54,30
DA:55,1
DA:57,29
DA:60,65
DA:62,65
DA:63,8
DA:64,18
DA:67,71
DA:71,65
DA:73,65
DA:74,64
DA:76,64
DA:77,64
DA:78,56
DA:80,64
DA:81,13
DA:82,13
DA:83,13
DA:84,20
DA:85,7
DA:86,7
DA:88,20
DA:89,20
DA:92,13
DA:93,13
DA:95,64
DA:96,26
DA:97,64
DA:98,3
DA:101,65
DA:105,10
DA:106,10
DA:107,10
DA:108,42
DA:109,10
DA:112,10
DA:117,1
DA:121,118
DA:126,766
DA:129,5
DA:130,1
DA:134,1
DA:141,1
DA:145,1
DA:152,8
DA:153,5
DA:154,8
DA:155,8
DA:156,8
DA:157,8
DA:158,8
DA:160,8
DA:162,7
DA:164,4
DA:165,4
DA:166,3
DA:173,7
DA:174,1
DA:175,6
DA:177,3
DA:179,3
DA:180,2
DA:182,1
DA:195,100
DA:196,78
DA:197,78
DA:198,78
DA:199,28
DA:200,10
DA:201,18
DA:202,1
DA:207,89
DA:208,67
DA:209,67
DA:210,67
DA:211,17
DA:212,10
DA:215,14
DA:218,50
DA:219,8
DA:221,42
DA:224,89
LF:101
LH:101
BRDA:49,0,0,30
BRDA:49,0,1,0
BRDA:51,1,0,29
BRDA:51,1,1,1
BRDA:54,2,0,1
BRDA:54,2,1,29
BRDA:62,3,0,8
BRDA:62,3,1,57
BRDA:73,4,0,64
BRDA:73,4,1,1
BRDA:74,5,0,64
BRDA:74,5,1,0
BRDA:77,6,0,56
BRDA:77,6,1,8
BRDA:80,7,0,13
BRDA:80,7,1,51
BRDA:80,8,0,64
BRDA:80,8,1,13
BRDA:84,9,0,7
BRDA:84,9,1,13
BRDA:89,10,0,2
BRDA:89,10,1,18
BRDA:95,11,0,26
BRDA:95,11,1,38
BRDA:97,12,0,3
BRDA:97,12,1,61
BRDA:108,13,0,10
BRDA:108,13,1,32
BRDA:152,14,0,5
BRDA:152,14,1,3
BRDA:154,15,0,8
BRDA:154,15,1,0
BRDA:160,16,0,8
BRDA:160,16,1,0
BRDA:173,17,0,1
BRDA:173,17,1,6
BRDA:175,18,0,3
BRDA:175,18,1,3
BRDA:175,19,0,6
BRDA:175,19,1,6
BRDA:180,20,0,2
BRDA:180,20,1,1
BRDA:196,21,0,78
BRDA:196,21,1,0
BRDA:198,22,0,28
BRDA:198,22,1,50
BRDA:199,23,0,10
BRDA:199,23,1,18
BRDA:199,24,0,28
BRDA:199,24,1,27
BRDA:201,25,0,1
BRDA:201,25,1,17
BRDA:208,26,0,67
BRDA:208,26,1,0
BRDA:210,27,0,17
BRDA:210,27,1,50
BRDA:211,28,0,10
BRDA:211,28,1,7
BRDA:218,29,0,8
BRDA:218,29,1,42
BRF:60
BRH:54
end_of_record
TN:
SF:..\core\src\data-providers\sql-database.ts
FN:66,(anonymous_0)
FN:14,(anonymous_1)
FN:17,(anonymous_2)
FN:20,(anonymous_4)
FN:22,(anonymous_5)
FN:22,(anonymous_6)
FN:30,(anonymous_7)
FN:31,(anonymous_8)
FN:31,(anonymous_9)
FN:35,(anonymous_10)
FN:38,(anonymous_11)
FN:39,(anonymous_12)
FN:39,(anonymous_13)
FN:47,(anonymous_14)
FN:48,(anonymous_15)
FN:56,(anonymous_16)
FN:76,(anonymous_17)
FN:81,(anonymous_18)
FN:86,(anonymous_19)
FN:108,(anonymous_21)
FN:112,(anonymous_22)
FN:120,(anonymous_24)
FN:131,(anonymous_26)
FN:136,(anonymous_27)
FN:158,(anonymous_29)
FN:187,(anonymous_30)
FN:188,(anonymous_31)
FN:194,(anonymous_32)
FN:208,(anonymous_33)
FN:224,(anonymous_34)
FN:255,(anonymous_36)
FN:261,(anonymous_37)
FN:268,(anonymous_39)
FN:270,(anonymous_40)
FN:303,(anonymous_42)
FNF:35
FNH:35
FNDA:61,(anonymous_0)
FNDA:361,(anonymous_1)
FNDA:109,(anonymous_2)
FNDA:65,(anonymous_4)
FNDA:252,(anonymous_5)
FNDA:252,(anonymous_6)
FNDA:4,(anonymous_7)
FNDA:2,(anonymous_8)
FNDA:2,(anonymous_9)
FNDA:2,(anonymous_10)
FNDA:2,(anonymous_11)
FNDA:2,(anonymous_12)
FNDA:2,(anonymous_13)
FNDA:2,(anonymous_14)
FNDA:1,(anonymous_15)
FNDA:5,(anonymous_16)
FNDA:361,(anonymous_17)
FNDA:404,(anonymous_18)
FNDA:361,(anonymous_19)
FNDA:65,(anonymous_21)
FNDA:252,(anonymous_22)
FNDA:34,(anonymous_24)
FNDA:33,(anonymous_26)
FNDA:74,(anonymous_27)
FNDA:2,(anonymous_29)
FNDA:74,(anonymous_30)
FNDA:92,(anonymous_31)
FNDA:232,(anonymous_32)
FNDA:214,(anonymous_33)
FNDA:13,(anonymous_34)
FNDA:13,(anonymous_36)
FNDA:4,(anonymous_37)
FNDA:4,(anonymous_39)
FNDA:127,(anonymous_40)
FNDA:127,(anonymous_42)
DA:15,361
DA:18,109
DA:22,252
DA:24,252
DA:25,63
DA:26,63
DA:31,4
DA:32,2
DA:33,2
DA:34,2
DA:36,2
DA:37,2
DA:38,2
DA:39,2
DA:40,2
DA:41,1
DA:42,1
DA:47,2
DA:48,1
DA:52,2
DA:57,5
DA:64,1
DA:65,1
DA:66,61
DA:69,61
DA:76,361
DA:80,361
DA:82,404
DA:83,404
DA:84,404
DA:88,361
DA:89,361
DA:90,361
DA:91,360
DA:92,257
DA:93,257
DA:94,257
DA:97,360
DA:100,1
DA:101,1
DA:107,1
DA:108,65
DA:113,252
DA:114,252
DA:115,252
DA:121,34
DA:123,34
DA:124,34
DA:125,34
DA:126,34
DA:127,34
DA:128,34
DA:131,34
DA:132,33
DA:137,74
DA:139,74
DA:140,74
DA:142,74
DA:143,74
DA:144,74
DA:145,74
DA:146,74
DA:147,74
DA:148,74
DA:150,74
DA:151,34
DA:153,74
DA:154,38
DA:155,38
DA:156,38
DA:157,44
DA:158,2
DA:160,43
DA:162,38
DA:163,45
DA:164,38
DA:165,38
DA:168,7
DA:170,45
DA:171,45
DA:172,2
DA:176,74
DA:178,34
DA:179,34
DA:180,1
DA:181,34
DA:182,0
DA:183,34
DA:187,74
DA:188,74
DA:189,92
DA:195,232
DA:196,232
DA:197,695
DA:198,695
DA:199,695
DA:202,1
DA:205,231
DA:209,214
DA:210,214
DA:211,214
DA:212,744
DA:215,644
DA:216,430
DA:217,644
DA:218,644
DA:221,214
DA:225,13
DA:226,13
DA:227,13
DA:228,13
DA:230,13
DA:231,13
DA:234,13
DA:235,65
DA:237,65
DA:238,59
DA:239,17
DA:240,17
DA:241,17
DA:242,13
DA:244,4
DA:246,17
DA:251,13
DA:252,13
DA:253,13
DA:255,13
DA:256,13
DA:262,4
DA:263,4
DA:264,4
DA:265,4
DA:266,4
DA:267,4
DA:268,4
DA:271,127
DA:273,127
DA:274,127
DA:275,127
DA:276,127
DA:278,127
DA:280,396
DA:283,343
DA:284,343
DA:285,278
DA:286,127
DA:288,151
DA:289,151
DA:292,278
DA:293,278
DA:299,127
DA:301,127
DA:302,127
DA:303,127
LF:154
LH:153
BRDA:24,0,0,63
BRDA:24,0,1,189
BRDA:40,1,0,1
BRDA:40,1,1,1
BRDA:91,2,0,257
BRDA:91,2,1,103
BRDA:93,3,0,257
BRDA:93,3,1,0
BRDA:125,4,0,34
BRDA:125,4,1,0
BRDA:144,5,0,74
BRDA:144,5,1,0
BRDA:145,6,0,74
BRDA:145,6,1,0
BRDA:150,7,0,34
BRDA:150,7,1,40
BRDA:153,8,0,38
BRDA:153,8,1,36
BRDA:157,9,0,1
BRDA:157,9,1,43
BRDA:163,10,0,38
BRDA:163,10,1,7
BRDA:171,11,0,2
BRDA:171,11,1,43
BRDA:176,12,0,34
BRDA:176,12,1,40
BRDA:179,13,0,1
BRDA:179,13,1,33
BRDA:181,14,0,0
BRDA:181,14,1,34
BRDA:212,15,0,100
BRDA:212,15,1,644
BRDA:215,16,0,430
BRDA:215,16,1,214
BRDA:235,17,0,0
BRDA:235,17,1,65
BRDA:237,18,0,6
BRDA:237,18,1,59
BRDA:238,19,0,17
BRDA:238,19,1,42
BRDA:240,20,0,17
BRDA:240,20,1,0
BRDA:241,21,0,13
BRDA:241,21,1,4
BRDA:280,22,0,53
BRDA:280,22,1,343
BRDA:284,23,0,278
BRDA:284,23,1,65
BRDA:285,24,0,127
BRDA:285,24,1,151
BRF:50
BRH:43
end_of_record
TN:
SF:..\core\src\data-providers\web-sql-data-provider.ts
FN:18,(anonymous_0)
FN:24,(anonymous_1)
FN:27,(anonymous_2)
FN:31,(anonymous_4)
FN:38,(anonymous_6)
FN:65,(anonymous_8)
FN:69,(anonymous_9)
FN:73,(anonymous_11)
FN:92,(anonymous_12)
FN:99,(anonymous_13)
FN:102,(anonymous_14)
FN:106,(anonymous_15)
FN:107,(anonymous_16)
FN:108,(anonymous_17)
FN:113,(anonymous_18)
FN:117,(anonymous_19)
FN:118,(anonymous_20)
FN:138,(anonymous_21)
FN:127,(anonymous_22)
FNF:19
FNH:17
FNDA:59,(anonymous_0)
FNDA:34,(anonymous_1)
FNDA:63,(anonymous_2)
FNDA:12,(anonymous_4)
FNDA:70,(anonymous_6)
FNDA:443,(anonymous_8)
FNDA:2,(anonymous_9)
FNDA:218,(anonymous_11)
FNDA:0,(anonymous_12)
FNDA:443,(anonymous_13)
FNDA:404,(anonymous_14)
FNDA:442,(anonymous_15)
FNDA:442,(anonymous_16)
FNDA:442,(anonymous_17)
FNDA:403,(anonymous_18)
FNDA:442,(anonymous_19)
FNDA:0,(anonymous_20)
FNDA:442,(anonymous_21)
FNDA:695,(anonymous_22)
DA:18,59
DA:21,59
DA:25,34
DA:28,63
DA:32,12
DA:33,12
DA:34,12
DA:35,12
DA:36,12
DA:39,70
DA:40,70
DA:41,70
DA:42,252
DA:43,221
DA:44,151
DA:45,221
DA:46,221
DA:47,3
DA:48,0
DA:49,3
DA:52,218
DA:53,218
DA:54,66
DA:59,70
DA:60,70
DA:61,52
DA:62,70
DA:66,443
DA:70,2
DA:74,218
DA:75,218
DA:76,218
DA:77,3
DA:79,215
DA:80,6
DA:81,209
DA:82,72
DA:83,22
DA:85,50
DA:88,137
DA:89,218
DA:92,0
DA:99,443
DA:101,443
DA:103,404
DA:104,404
DA:107,442
DA:108,442
DA:109,442
DA:110,442
DA:111,442
DA:112,442
DA:113,207
DA:114,403
DA:115,403
DA:117,442
DA:119,0
DA:120,0
DA:128,695
DA:129,695
DA:130,695
DA:131,1653
DA:132,695
DA:134,0
DA:138,442
DA:139,442
DA:140,442
DA:141,421
LF:68
LH:63
BRDA:18,0,0,59
BRDA:34,1,0,12
BRDA:34,1,1,0
BRDA:42,2,0,221
BRDA:42,2,1,31
BRDA:42,3,0,252
BRDA:42,3,1,34
BRDA:43,4,0,151
BRDA:43,4,1,70
BRDA:46,5,0,3
BRDA:46,5,1,218
BRDA:47,6,0,0
BRDA:47,6,1,3
BRDA:53,7,0,66
BRDA:53,7,1,152
BRDA:60,8,0,52
BRDA:60,8,1,18
BRDA:75,9,0,32
BRDA:75,9,1,186
BRDA:76,10,0,3
BRDA:76,10,1,215
BRDA:79,11,0,6
BRDA:79,11,1,209
BRDA:81,12,0,72
BRDA:81,12,1,137
BRDA:82,13,0,22
BRDA:82,13,1,50
BRDA:88,14,0,28
BRDA:88,14,1,109
BRDA:112,15,0,207
BRDA:112,15,1,235
BRDA:128,16,0,0
BRDA:128,16,1,695
BRDA:131,17,0,695
BRDA:131,17,1,958
BRF:35
BRH:32
end_of_record
TN:
SF:..\core\src\filter\filter-consumer-bridge-to-sql-request.ts
FN:22,(anonymous_0)
FN:11,(anonymous_1)
FN:24,(anonymous_3)
FN:28,(anonymous_4)
FN:30,(anonymous_5)
FN:30,(anonymous_6)
FN:53,(anonymous_7)
FN:54,(anonymous_8)
FN:54,(anonymous_9)
FN:57,(anonymous_10)
FN:58,(anonymous_11)
FN:58,(anonymous_12)
FN:60,(anonymous_13)
FN:61,(anonymous_14)
FN:61,(anonymous_15)
FN:63,(anonymous_16)
FN:68,(anonymous_17)
FN:71,(anonymous_18)
FN:74,(anonymous_19)
FN:77,(anonymous_20)
FN:80,(anonymous_21)
FN:83,(anonymous_22)
FN:86,(anonymous_23)
FN:87,(anonymous_24)
FN:87,(anonymous_25)
FN:92,(anonymous_26)
FN:93,(anonymous_27)
FN:93,(anonymous_28)
FN:101,(anonymous_29)
FN:110,(anonymous_30)
FN:111,(anonymous_31)
FN:111,(anonymous_32)
FN:128,(anonymous_33)
FN:132,(anonymous_34)
FN:139,getDbNameProvider
FN:148,(anonymous_37)
FN:151,(anonymous_38)
FN:155,(anonymous_39)
FNF:38
FNH:32
FNDA:141,(anonymous_0)
FNDA:141,(anonymous_1)
FNDA:0,(anonymous_3)
FNDA:6,(anonymous_4)
FNDA:6,(anonymous_5)
FNDA:6,(anonymous_6)
FNDA:3,(anonymous_7)
FNDA:3,(anonymous_8)
FNDA:3,(anonymous_9)
FNDA:0,(anonymous_10)
FNDA:0,(anonymous_11)
FNDA:0,(anonymous_12)
FNDA:11,(anonymous_13)
FNDA:11,(anonymous_14)
FNDA:11,(anonymous_15)
FNDA:18,(anonymous_16)
FNDA:81,(anonymous_17)
FNDA:6,(anonymous_18)
FNDA:1,(anonymous_19)
FNDA:4,(anonymous_20)
FNDA:0,(anonymous_21)
FNDA:0,(anonymous_22)
FNDA:6,(anonymous_23)
FNDA:6,(anonymous_24)
FNDA:6,(anonymous_25)
FNDA:92,(anonymous_26)
FNDA:92,(anonymous_27)
FNDA:92,(anonymous_28)
FNDA:118,(anonymous_29)
FNDA:3,(anonymous_30)
FNDA:3,(anonymous_31)
FNDA:3,(anonymous_32)
FNDA:2,(anonymous_33)
FNDA:4,(anonymous_34)
FNDA:344,getDbNameProvider
FNDA:344,(anonymous_37)
FNDA:1943,(anonymous_38)
FNDA:715,(anonymous_39)
DA:8,141
DA:9,141
DA:10,141
DA:12,141
DA:13,105
DA:14,105
DA:15,105
DA:16,121
DA:19,141
DA:22,141
DA:25,0
DA:29,6
DA:30,6
DA:31,6
DA:32,11
DA:33,11
DA:34,11
DA:35,11
DA:36,11
DA:37,2
DA:38,9
DA:39,9
DA:40,5
DA:42,9
DA:43,9
DA:46,0
DA:49,4
DA:54,3
DA:58,0
DA:61,11
DA:62,11
DA:63,18
DA:65,1
DA:69,81
DA:72,6
DA:75,1
DA:78,4
DA:81,0
DA:84,0
DA:87,6
DA:88,6
DA:93,92
DA:94,92
DA:95,92
DA:102,118
DA:103,103
DA:104,94
DA:107,15
DA:108,118
DA:111,3
DA:112,3
DA:113,2
DA:114,2
DA:115,2
DA:116,2
DA:128,2
DA:131,2
DA:133,4
DA:134,1
DA:135,4
DA:141,344
DA:142,344
DA:143,1222
DA:145,344
DA:146,344
DA:150,344
DA:152,1943
DA:156,715
LF:68
LH:63
BRDA:36,0,0,2
BRDA:36,0,1,9
BRDA:38,1,0,9
BRDA:38,1,1,0
BRDA:39,2,0,5
BRDA:39,2,1,4
BRDA:42,3,0,9
BRDA:42,3,1,0
BRDA:62,4,0,10
BRDA:62,4,1,1
BRDA:62,5,0,11
BRDA:62,5,1,11
BRDA:102,6,0,103
BRDA:102,6,1,15
BRDA:103,7,0,94
BRDA:103,7,1,9
BRDA:112,8,0,2
BRDA:112,8,1,1
BRDA:112,9,0,0
BRDA:112,9,1,3
BRDA:112,10,0,3
BRDA:112,10,1,3
BRDA:115,11,0,2
BRDA:115,11,1,0
BRDA:133,12,0,1
BRDA:133,12,1,3
BRDA:156,13,0,715
BRDA:156,13,1,707
BRDA:156,13,2,625
BRF:29
BRH:25
end_of_record
TN:
SF:..\core\src\filter\filter-interfaces.ts
FN:8,(anonymous_0)
FN:10,(anonymous_1)
FN:13,(anonymous_2)
FN:16,(anonymous_3)
FN:23,(anonymous_5)
FN:26,(anonymous_6)
FN:38,(anonymous_7)
FN:45,(anonymous_8)
FN:48,(anonymous_9)
FN:51,(anonymous_10)
FN:55,(anonymous_11)
FN:124,(anonymous_12)
FN:129,(anonymous_13)
FN:132,(anonymous_14)
FN:133,(anonymous_15)
FN:137,(anonymous_16)
FN:138,(anonymous_18)
FN:138,(anonymous_19)
FN:153,(anonymous_20)
FN:159,(anonymous_21)
FN:163,(anonymous_22)
FN:175,(anonymous_23)
FN:176,(anonymous_24)
FN:179,(anonymous_25)
FN:181,(anonymous_26)
FN:183,(anonymous_27)
FN:185,(anonymous_28)
FN:187,(anonymous_29)
FN:188,(anonymous_30)
FN:194,(anonymous_31)
FN:197,(anonymous_32)
FN:198,(anonymous_33)
FN:200,(anonymous_34)
FN:202,(anonymous_35)
FN:204,(anonymous_36)
FN:206,(anonymous_37)
FN:208,(anonymous_38)
FN:211,(anonymous_39)
FN:212,(anonymous_40)
FN:214,(anonymous_41)
FN:215,(anonymous_42)
FN:216,(anonymous_43)
FN:239,(anonymous_44)
FN:240,(anonymous_45)
FN:248,(anonymous_46)
FN:256,(anonymous_47)
FN:257,(anonymous_48)
FN:258,(anonymous_49)
FN:274,(anonymous_50)
FN:277,(anonymous_51)
FN:280,(anonymous_52)
FN:284,(anonymous_53)
FN:301,(anonymous_54)
FN:302,(anonymous_55)
FN:308,(anonymous_56)
FN:311,(anonymous_57)
FN:314,(anonymous_58)
FN:315,(anonymous_59)
FN:318,(anonymous_60)
FN:322,(anonymous_61)
FN:326,(anonymous_62)
FN:330,(anonymous_63)
FN:334,(anonymous_64)
FN:338,(anonymous_65)
FN:341,(anonymous_66)
FN:348,entityFilterToJson
FN:359,buildFilterFromRequestParameters
FN:364,(anonymous_69)
FN:365,addFilter
FN:368,(anonymous_71)
FN:376,(anonymous_72)
FN:386,(anonymous_73)
FN:403,(anonymous_74)
FN:404,(anonymous_75)
FN:405,(anonymous_76)
FN:406,(anonymous_77)
FN:407,(anonymous_78)
FN:408,(anonymous_79)
FN:409,(anonymous_80)
FN:425,(anonymous_81)
FN:433,(anonymous_82)
FN:434,(anonymous_83)
FN:435,(anonymous_84)
FN:454,separateArrayFromInnerArray
FN:475,(anonymous_86)
FN:472,(anonymous_87)
FN:473,(anonymous_88)
FN:479,(anonymous_89)
FN:481,(anonymous_90)
FN:481,(anonymous_91)
FN:485,(anonymous_92)
FN:486,(anonymous_93)
FN:489,(anonymous_94)
FN:491,(anonymous_95)
FN:492,(anonymous_96)
FN:494,(anonymous_97)
FN:495,(anonymous_98)
FN:497,(anonymous_99)
FN:498,(anonymous_100)
FN:500,(anonymous_101)
FN:501,(anonymous_102)
FN:503,(anonymous_103)
FN:504,(anonymous_104)
FN:506,(anonymous_105)
FN:507,(anonymous_106)
FN:509,(anonymous_107)
FN:510,(anonymous_108)
FN:512,(anonymous_109)
FN:513,(anonymous_110)
FN:515,(anonymous_111)
FN:516,(anonymous_112)
FN:519,(anonymous_113)
FN:520,(anonymous_114)
FN:522,(anonymous_115)
FN:524,(anonymous_116)
FN:524,(anonymous_117)
FN:528,(anonymous_118)
FN:535,(anonymous_119)
FN:536,(anonymous_120)
FN:538,(anonymous_121)
FNF:120
FNH:108
FNDA:4606,(anonymous_0)
FNDA:0,(anonymous_1)
FNDA:5439,(anonymous_2)
FNDA:24,(anonymous_3)
FNDA:7,(anonymous_5)
FNDA:24,(anonymous_6)
FNDA:2098,(anonymous_7)
FNDA:133,(anonymous_8)
FNDA:842,(anonymous_9)
FNDA:36,(anonymous_10)
FNDA:10,(anonymous_11)
FNDA:194,(anonymous_12)
FNDA:13,(anonymous_13)
FNDA:44,(anonymous_14)
FNDA:1883,(anonymous_15)
FNDA:784,(anonymous_16)
FNDA:26,(anonymous_18)
FNDA:26,(anonymous_19)
FNDA:1487,(anonymous_20)
FNDA:1751,(anonymous_21)
FNDA:943,(anonymous_22)
FNDA:37,(anonymous_23)
FNDA:37,(anonymous_24)
FNDA:4,(anonymous_25)
FNDA:4,(anonymous_26)
FNDA:16,(anonymous_27)
FNDA:16,(anonymous_28)
FNDA:5,(anonymous_29)
FNDA:5,(anonymous_30)
FNDA:28,(anonymous_31)
FNDA:0,(anonymous_32)
FNDA:28,(anonymous_33)
FNDA:10,(anonymous_34)
FNDA:10,(anonymous_35)
FNDA:58,(anonymous_36)
FNDA:58,(anonymous_37)
FNDA:700,(anonymous_38)
FNDA:12,(anonymous_39)
FNDA:688,(anonymous_40)
FNDA:67,(anonymous_41)
FNDA:116,(anonymous_42)
FNDA:67,(anonymous_43)
FNDA:2695,(anonymous_44)
FNDA:2695,(anonymous_45)
FNDA:0,(anonymous_46)
FNDA:74,(anonymous_47)
FNDA:74,(anonymous_48)
FNDA:133,(anonymous_49)
FNDA:228,(anonymous_50)
FNDA:0,(anonymous_51)
FNDA:10,(anonymous_52)
FNDA:234,(anonymous_53)
FNDA:17,(anonymous_54)
FNDA:34,(anonymous_55)
FNDA:3,(anonymous_56)
FNDA:0,(anonymous_57)
FNDA:16,(anonymous_58)
FNDA:28,(anonymous_59)
FNDA:142,(anonymous_60)
FNDA:13,(anonymous_61)
FNDA:0,(anonymous_62)
FNDA:22,(anonymous_63)
FNDA:0,(anonymous_64)
FNDA:2,(anonymous_65)
FNDA:9,(anonymous_66)
FNDA:84,entityFilterToJson
FNDA:187,buildFilterFromRequestParameters
FNDA:779,(anonymous_69)
FNDA:6232,addFilter
FNDA:141,(anonymous_71)
FNDA:38,(anonymous_72)
FNDA:33,(anonymous_73)
FNDA:84,(anonymous_74)
FNDA:8,(anonymous_75)
FNDA:0,(anonymous_76)
FNDA:0,(anonymous_77)
FNDA:0,(anonymous_78)
FNDA:18,(anonymous_79)
FNDA:21,(anonymous_80)
FNDA:10,(anonymous_81)
FNDA:12,(anonymous_82)
FNDA:24,(anonymous_83)
FNDA:996,(anonymous_84)
FNDA:116,separateArrayFromInnerArray
FNDA:864,(anonymous_86)
FNDA:1697,(anonymous_87)
FNDA:1642,(anonymous_88)
FNDA:38,(anonymous_89)
FNDA:80,(anonymous_90)
FNDA:80,(anonymous_91)
FNDA:210,(anonymous_92)
FNDA:38,(anonymous_93)
FNDA:148,(anonymous_94)
FNDA:420,(anonymous_95)
FNDA:879,(anonymous_96)
FNDA:26,(anonymous_97)
FNDA:75,(anonymous_98)
FNDA:9,(anonymous_99)
FNDA:9,(anonymous_100)
FNDA:0,(anonymous_101)
FNDA:0,(anonymous_102)
FNDA:16,(anonymous_103)
FNDA:70,(anonymous_104)
FNDA:36,(anonymous_105)
FNDA:140,(anonymous_106)
FNDA:10,(anonymous_107)
FNDA:40,(anonymous_108)
FNDA:2,(anonymous_109)
FNDA:10,(anonymous_110)
FNDA:28,(anonymous_111)
FNDA:75,(anonymous_112)
FNDA:50,(anonymous_113)
FNDA:158,(anonymous_114)
FNDA:26,(anonymous_115)
FNDA:26,(anonymous_116)
FNDA:26,(anonymous_117)
FNDA:26,(anonymous_118)
FNDA:10,(anonymous_119)
FNDA:38,(anonymous_120)
FNDA:864,(anonymous_121)
DA:8,4606
DA:9,4606
DA:10,0
DA:14,5439
DA:17,24
DA:18,19
DA:19,5
DA:25,7
DA:26,7
DA:27,24
DA:28,24
DA:29,8
DA:30,24
DA:31,0
DA:32,24
DA:39,2098
DA:40,2098
DA:41,1645
DA:42,1645
DA:44,1645
DA:45,133
DA:47,1571
DA:48,842
DA:50,974
DA:51,36
DA:52,36
DA:54,938
DA:55,10
DA:58,928
DA:59,928
DA:60,928
DA:61,905
DA:62,4
DA:63,905
DA:64,1114
DA:65,1114
DA:66,1114
DA:69,16
DA:70,16
DA:71,16
DA:75,58
DA:76,58
DA:77,58
DA:80,10
DA:81,10
DA:82,10
DA:85,4
DA:86,4
DA:87,4
DA:90,33
DA:91,33
DA:92,5
DA:95,28
DA:96,33
DA:98,37
DA:99,37
DA:100,37
DA:105,905
DA:106,67
DA:107,67
DA:110,928
DA:111,700
DA:119,2098
DA:125,194
DA:126,194
DA:127,194
DA:130,13
DA:133,1883
DA:138,784
DA:139,26
DA:140,26
DA:142,86
DA:143,86
DA:144,86
DA:145,26
DA:149,26
DA:151,784
DA:152,784
DA:153,1487
DA:154,784
DA:159,1751
DA:164,943
DA:165,943
DA:166,53
DA:167,12
DA:168,41
DA:169,13
DA:170,28
DA:172,890
DA:176,37
DA:180,4
DA:181,4
DA:184,16
DA:185,16
DA:188,5
DA:189,5
DA:190,11
DA:195,28
DA:196,28
DA:197,0
DA:198,28
DA:201,10
DA:202,10
DA:205,58
DA:206,58
DA:209,700
DA:210,700
DA:211,12
DA:212,688
DA:215,116
DA:216,67
DA:240,2695
DA:241,2695
DA:242,2484
DA:243,2484
DA:246,2695
DA:249,0
DA:257,74
DA:258,133
DA:259,74
DA:260,55
DA:262,19
DA:263,19
DA:265,74
DA:270,1
DA:271,1
DA:273,228
DA:278,0
DA:281,10
DA:283,228
DA:285,234
DA:286,0
DA:287,234
DA:288,234
DA:289,215
DA:290,215
DA:292,19
DA:293,19
DA:294,5
DA:297,14
DA:298,19
DA:302,17
DA:303,34
DA:304,34
DA:305,34
DA:309,3
DA:312,0
DA:315,28
DA:319,142
DA:323,13
DA:327,0
DA:331,22
DA:335,0
DA:339,2
DA:342,9
DA:349,84
DA:350,0
DA:351,84
DA:362,187
DA:364,187
DA:366,6232
DA:367,6232
DA:368,122
DA:369,141
DA:370,141
DA:372,21
DA:373,0
DA:375,21
DA:376,38
DA:378,120
DA:380,141
DA:381,141
DA:382,141
DA:385,122
DA:386,16
DA:387,33
DA:391,106
DA:392,19
DA:393,13
DA:395,106
DA:396,106
DA:397,108
DA:402,779
DA:403,779
DA:404,779
DA:405,779
DA:406,779
DA:407,779
DA:408,779
DA:409,779
DA:410,779
DA:411,779
DA:412,3
DA:413,3
DA:417,3
DA:418,3
DA:420,0
DA:421,0
DA:425,779
DA:429,187
DA:430,187
DA:431,10
DA:432,10
DA:433,12
DA:435,996
DA:441,187
DA:443,94
DA:444,94
DA:445,56
DA:446,56
DA:447,12
DA:452,187
DA:455,116
DA:456,87
DA:457,29
DA:458,29
DA:459,60
DA:460,4
DA:463,56
DA:465,29
DA:466,29
DA:473,1697
DA:475,864
DA:477,864
DA:478,864
DA:481,80
DA:482,80
DA:483,80
DA:484,80
DA:485,210
DA:487,38
DA:489,148
DA:492,879
DA:495,75
DA:498,9
DA:501,0
DA:504,70
DA:507,140
DA:510,40
DA:513,10
DA:516,75
DA:520,158
DA:523,26
DA:524,26
DA:525,26
DA:526,26
DA:527,26
DA:528,26
DA:530,0
DA:536,38
DA:539,864
DA:540,60
DA:541,60
DA:542,60
LF:254
LH:239
BRDA:9,0,0,0
BRDA:9,0,1,4606
BRDA:17,1,0,19
BRDA:17,1,1,5
BRDA:23,2,0,6
BRDA:28,3,0,8
BRDA:28,3,1,16
BRDA:30,4,0,0
BRDA:30,4,1,24
BRDA:41,5,0,1645
BRDA:41,5,1,0
BRDA:44,6,0,74
BRDA:44,6,1,1571
BRDA:47,7,0,597
BRDA:47,7,1,974
BRDA:50,8,0,36
BRDA:50,8,1,938
BRDA:54,9,0,10
BRDA:54,9,1,928
BRDA:60,10,0,905
BRDA:60,10,1,23
BRDA:60,11,0,928
BRDA:60,11,1,925
BRDA:61,12,0,4
BRDA:61,12,1,901
BRDA:64,13,0,1114
BRDA:64,13,1,0
BRDA:67,14,0,6
BRDA:67,14,1,16
BRDA:67,14,2,58
BRDA:67,14,3,58
BRDA:67,14,4,9
BRDA:67,14,5,10
BRDA:67,14,6,4
BRDA:67,14,7,4
BRDA:67,14,8,29
BRDA:67,14,9,33
BRDA:67,14,10,37
BRDA:91,15,0,5
BRDA:91,15,1,28
BRDA:105,16,0,67
BRDA:105,16,1,838
BRDA:110,17,0,700
BRDA:110,17,1,228
BRDA:110,18,0,928
BRDA:110,18,1,703
BRDA:143,19,0,86
BRDA:143,19,1,0
BRDA:143,20,0,86
BRDA:143,20,1,86
BRDA:143,20,2,86
BRDA:144,21,0,26
BRDA:144,21,1,60
BRDA:165,22,0,53
BRDA:165,22,1,890
BRDA:166,23,0,12
BRDA:166,23,1,41
BRDA:168,24,0,13
BRDA:168,24,1,28
BRDA:168,25,0,41
BRDA:168,25,1,40
BRDA:196,26,0,0
BRDA:196,26,1,28
BRDA:196,27,0,28
BRDA:196,27,1,24
BRDA:196,27,2,4
BRDA:210,28,0,12
BRDA:210,28,1,688
BRDA:210,29,0,700
BRDA:210,29,1,680
BRDA:210,29,2,20
BRDA:242,30,0,2484
BRDA:242,30,1,0
BRDA:259,31,0,55
BRDA:259,31,1,19
BRDA:262,32,0,19
BRDA:262,32,1,0
BRDA:285,33,0,0
BRDA:285,33,1,234
BRDA:288,34,0,215
BRDA:288,34,1,19
BRDA:293,35,0,5
BRDA:293,35,1,14
BRDA:349,36,0,0
BRDA:349,36,1,84
BRDA:365,37,0,4674
BRDA:365,38,0,5453
BRDA:367,39,0,122
BRDA:367,39,1,6110
BRDA:370,40,0,21
BRDA:370,40,1,120
BRDA:372,41,0,0
BRDA:372,41,1,21
BRDA:376,42,0,0
BRDA:376,42,1,38
BRDA:378,43,0,10
BRDA:378,43,1,110
BRDA:381,44,0,141
BRDA:381,44,1,0
BRDA:385,45,0,16
BRDA:385,45,1,106
BRDA:385,46,0,122
BRDA:385,46,1,103
BRDA:391,47,0,19
BRDA:391,47,1,87
BRDA:392,48,0,13
BRDA:392,48,1,6
BRDA:411,49,0,3
BRDA:411,49,1,776
BRDA:414,50,0,0
BRDA:414,50,1,3
BRDA:414,50,2,3
BRDA:414,50,3,0
BRDA:430,51,0,10
BRDA:430,51,1,177
BRDA:444,52,0,56
BRDA:444,52,1,38
BRDA:444,53,0,94
BRDA:444,53,1,78
BRDA:444,53,2,56
BRDA:446,54,0,12
BRDA:446,54,1,44
BRDA:455,55,0,87
BRDA:455,55,1,29
BRDA:459,56,0,4
BRDA:459,56,1,56
BRDA:526,57,0,26
BRDA:526,57,1,0
BRDA:527,58,0,26
BRDA:527,58,1,0
BRF:130
BRH:113
end_of_record
TN:
SF:..\core\src\remult3\RepositoryImplementation.ts
FN:84,(anonymous_0)
FN:44,(anonymous_1)
FN:81,(anonymous_3)
FN:88,(anonymous_4)
FN:96,(anonymous_5)
FN:105,(anonymous_7)
FN:117,(anonymous_8)
FN:123,(anonymous_9)
FN:127,(anonymous_10)
FN:131,(anonymous_11)
FN:138,(anonymous_12)
FN:147,(anonymous_13)
FN:152,(anonymous_14)
FN:161,(anonymous_15)
FN:170,(anonymous_17)
FN:188,(anonymous_19)
FN:197,(anonymous_21)
FN:211,(anonymous_22)
FN:219,(anonymous_23)
FN:221,(anonymous_25)
FN:238,(anonymous_26)
FN:283,(anonymous_28)
FN:283,(anonymous_29)
FN:289,loadManyToOne
FN:297,(anonymous_32)
FN:303,(anonymous_34)
FN:311,(anonymous_35)
FN:315,(anonymous_37)
FN:354,(anonymous_39)
FN:354,(anonymous_40)
FN:367,(anonymous_41)
FN:376,(anonymous_42)
FN:378,(anonymous_43)
FN:381,(anonymous_44)
FN:392,(anonymous_45)
FN:409,(anonymous_47)
FN:423,(anonymous_48)
FN:443,__updateEntityBasedOnWhere
FN:445,(anonymous_51)
FN:452,(anonymous_52)
FN:473,getEntitySettings
FN:485,getEntityKey
FN:489,createOldEntity
FN:503,(anonymous_56)
FN:503,(anonymous_57)
FN:515,(anonymous_58)
FN:515,(anonymous_59)
FN:541,(anonymous_60)
FN:551,(anonymous_61)
FN:566,(anonymous_62)
FN:533,(anonymous_63)
FN:537,(anonymous_64)
FN:588,(anonymous_65)
FN:594,(anonymous_66)
FN:608,(anonymous_67)
FN:613,(anonymous_68)
FN:626,(anonymous_69)
FN:630,(anonymous_70)
FN:636,(anonymous_71)
FN:637,(anonymous_73)
FN:640,(anonymous_74)
FN:662,(anonymous_75)
FN:666,(anonymous_76)
FN:686,(anonymous_77)
FN:692,(anonymous_78)
FN:701,(anonymous_79)
FN:706,(anonymous_80)
FN:727,(anonymous_81)
FN:730,(anonymous_82)
FN:738,(anonymous_84)
FN:745,(anonymous_86)
FN:748,(anonymous_88)
FN:773,(anonymous_89)
FN:788,(anonymous_91)
FN:797,(anonymous_92)
FN:818,(anonymous_93)
FN:819,(anonymous_94)
FN:820,(anonymous_95)
FN:822,(anonymous_96)
FN:836,(anonymous_97)
FN:841,(anonymous_98)
FN:846,(anonymous_99)
FN:847,(anonymous_101)
FN:847,(anonymous_102)
FN:858,(anonymous_103)
FN:862,(anonymous_104)
FN:863,(anonymous_105)
FN:864,(anonymous_106)
FN:876,(anonymous_107)
FN:891,(anonymous_109)
FN:964,(anonymous_110)
FN:968,(anonymous_111)
FN:981,(anonymous_113)
FN:991,(anonymous_114)
FN:1016,(anonymous_116)
FN:1020,(anonymous_117)
FN:1029,(anonymous_119)
FN:1033,(anonymous_120)
FN:1042,(anonymous_121)
FN:1053,(anonymous_123)
FN:1059,prepareColumnInfo
FN:1060,(anonymous_125)
FN:1063,getFields
FN:1066,getControllerRef
FN:1080,(anonymous_128)
FN:1080,(anonymous_129)
FN:1092,(anonymous_130)
FN:1098,(anonymous_131)
FN:1099,(anonymous_132)
FN:1100,(anonymous_133)
FN:1111,(anonymous_134)
FN:1124,(anonymous_136)
FN:1128,(anonymous_137)
FN:1134,(anonymous_138)
FN:1142,(anonymous_139)
FN:1147,(anonymous_140)
FN:1159,(anonymous_142)
FN:1163,(anonymous_143)
FN:1169,(anonymous_144)
FN:1175,(anonymous_145)
FN:1181,(anonymous_146)
FN:1193,(anonymous_147)
FN:1194,(anonymous_148)
FN:1195,(anonymous_149)
FN:1202,(anonymous_150)
FN:1205,(anonymous_151)
FN:1208,(anonymous_152)
FN:1215,(anonymous_153)
FN:1222,(anonymous_154)
FN:1230,(anonymous_155)
FN:1242,(anonymous_156)
FN:1258,(anonymous_158)
FN:1268,getEntityRef
FN:1276,(anonymous_161)
FN:1278,buildCaption
FN:1295,(anonymous_163)
FN:1309,(anonymous_164)
FN:1312,(anonymous_165)
FN:1312,(anonymous_166)
FN:1322,(anonymous_167)
FN:1340,(anonymous_168)
FN:1355,(anonymous_169)
FN:1365,(anonymous_170)
FN:1450,(anonymous_171)
FN:1453,(anonymous_172)
FN:1458,(anonymous_173)
FN:1461,(anonymous_174)
FN:1465,(anonymous_175)
FN:1385,(anonymous_176)
FN:1386,(anonymous_177)
FN:1387,(anonymous_178)
FN:1416,(anonymous_179)
FN:1417,(anonymous_180)
FN:1418,(anonymous_181)
FN:1419,(anonymous_182)
FN:1422,(anonymous_183)
FN:1439,(anonymous_184)
FN:1498,FieldType
FN:1499,(anonymous_186)
FN:1513,(anonymous_187)
FN:1518,(anonymous_188)
FN:1519,(anonymous_189)
FN:1523,(anonymous_190)
FN:1524,(anonymous_191)
FN:1526,(anonymous_192)
FN:1527,(anonymous_193)
FN:1531,(anonymous_194)
FN:1532,(anonymous_195)
FN:1539,(anonymous_196)
FN:1540,(anonymous_197)
FN:1543,(anonymous_198)
FN:1544,(anonymous_199)
FN:1546,(anonymous_200)
FN:1549,(anonymous_201)
FN:1550,(anonymous_202)
FN:1552,(anonymous_203)
FN:1553,(anonymous_204)
FN:1557,isAutoIncrement
FN:1563,ValueListFieldType
FN:1564,(anonymous_207)
FN:1565,(anonymous_208)
FN:1567,(anonymous_209)
FN:1587,(anonymous_210)
FN:1612,(anonymous_211)
FN:1619,(anonymous_212)
FN:1576,(anonymous_213)
FN:1629,(anonymous_214)
FN:1632,(anonymous_215)
FN:1637,(anonymous_216)
FN:1640,(anonymous_217)
FN:1645,(anonymous_218)
FN:1648,(anonymous_219)
FN:1651,(anonymous_220)
FN:1654,(anonymous_221)
FN:1657,(anonymous_222)
FN:1669,getValueList
FN:1697,Field
FN:1701,(anonymous_225)
FN:1702,(anonymous_226)
FN:1728,(anonymous_227)
FN:1736,(anonymous_228)
FN:1749,buildOptions
FN:1763,decorateColumnSettings
FN:1779,(anonymous_231)
FN:1780,(anonymous_232)
FN:1805,(anonymous_233)
FN:1806,(anonymous_234)
FN:1813,(anonymous_235)
FN:1816,(anonymous_236)
FN:1819,(anonymous_237)
FN:1822,(anonymous_238)
FN:1825,(anonymous_239)
FN:1828,(anonymous_240)
FN:1846,BuildEntity
FN:1880,Entity
FN:1882,(anonymous_243)
FN:1893,(anonymous_244)
FN:1937,(anonymous_245)
FN:1938,(anonymous_246)
FN:1939,(anonymous_247)
FN:1943,(anonymous_248)
FN:1944,(anonymous_249)
FN:1945,(anonymous_250)
FN:1949,(anonymous_251)
FN:1952,(anonymous_252)
FN:1956,(anonymous_253)
FN:1957,(anonymous_254)
FN:1962,(anonymous_255)
FN:1970,(anonymous_256)
FN:1985,(anonymous_258)
FN:1991,(anonymous_260)
FN:1999,(anonymous_262)
FN:2014,(anonymous_264)
FN:2017,(anonymous_265)
FN:2026,(anonymous_266)
FN:2043,(anonymous_267)
FN:2043,(anonymous_268)
FN:2073,(anonymous_269)
FN:2073,(anonymous_270)
FN:2082,(anonymous_271)
FN:2087,(anonymous_272)
FN:2089,(anonymous_273)
FN:2091,(anonymous_274)
FN:2093,(anonymous_275)
FN:2096,(anonymous_276)
FN:2107,(anonymous_277)
FN:2108,(anonymous_278)
FN:2117,(anonymous_279)
FN:2117,(anonymous_280)
FNF:249
FNH:227
FNDA:600,(anonymous_0)
FNDA:28,(anonymous_1)
FNDA:2808,(anonymous_3)
FNDA:147,(anonymous_4)
FNDA:275,(anonymous_5)
FNDA:30,(anonymous_7)
FNDA:95,(anonymous_8)
FNDA:9500,(anonymous_9)
FNDA:32,(anonymous_10)
FNDA:0,(anonymous_11)
FNDA:18,(anonymous_12)
FNDA:2175,(anonymous_13)
FNDA:1924,(anonymous_14)
FNDA:6,(anonymous_15)
FNDA:58,(anonymous_17)
FNDA:9,(anonymous_19)
FNDA:14,(anonymous_21)
FNDA:9,(anonymous_22)
FNDA:351,(anonymous_23)
FNDA:2,(anonymous_25)
FNDA:668,(anonymous_26)
FNDA:698,(anonymous_28)
FNDA:698,(anonymous_29)
FNDA:23,loadManyToOne
FNDA:701,(anonymous_32)
FNDA:463,(anonymous_34)
FNDA:210,(anonymous_35)
FNDA:138,(anonymous_37)
FNDA:135,(anonymous_39)
FNDA:135,(anonymous_40)
FNDA:50,(anonymous_41)
FNDA:330,(anonymous_42)
FNDA:958,(anonymous_43)
FNDA:1217,(anonymous_44)
FNDA:4,(anonymous_45)
FNDA:58,(anonymous_47)
FNDA:878,(anonymous_48)
FNDA:14,__updateEntityBasedOnWhere
FNDA:1,(anonymous_51)
FNDA:15,(anonymous_52)
FNDA:15748,getEntitySettings
FNDA:601,getEntityKey
FNDA:600,createOldEntity
FNDA:418,(anonymous_56)
FNDA:427,(anonymous_57)
FNDA:2,(anonymous_58)
FNDA:2,(anonymous_59)
FNDA:1952,(anonymous_60)
FNDA:179,(anonymous_61)
FNDA:20,(anonymous_62)
FNDA:2257,(anonymous_63)
FNDA:1194,(anonymous_64)
FNDA:3,(anonymous_65)
FNDA:4,(anonymous_66)
FNDA:30,(anonymous_67)
FNDA:3,(anonymous_68)
FNDA:2,(anonymous_69)
FNDA:2166,(anonymous_70)
FNDA:0,(anonymous_71)
FNDA:0,(anonymous_73)
FNDA:2206,(anonymous_74)
FNDA:14,(anonymous_75)
FNDA:1,(anonymous_76)
FNDA:1150,(anonymous_77)
FNDA:2235,(anonymous_78)
FNDA:2214,(anonymous_79)
FNDA:4015,(anonymous_80)
FNDA:2960,(anonymous_81)
FNDA:3,(anonymous_82)
FNDA:1113,(anonymous_84)
FNDA:0,(anonymous_86)
FNDA:315,(anonymous_88)
FNDA:191,(anonymous_89)
FNDA:619,(anonymous_91)
FNDA:1929,(anonymous_92)
FNDA:35,(anonymous_93)
FNDA:10,(anonymous_94)
FNDA:130,(anonymous_95)
FNDA:234,(anonymous_96)
FNDA:1087,(anonymous_97)
FNDA:1,(anonymous_98)
FNDA:1,(anonymous_99)
FNDA:1,(anonymous_101)
FNDA:1,(anonymous_102)
FNDA:2059,(anonymous_103)
FNDA:446,(anonymous_104)
FNDA:1289,(anonymous_105)
FNDA:1,(anonymous_106)
FNDA:1084,(anonymous_107)
FNDA:1,(anonymous_109)
FNDA:2,(anonymous_110)
FNDA:33,(anonymous_111)
FNDA:1,(anonymous_113)
FNDA:1744,(anonymous_114)
FNDA:14,(anonymous_116)
FNDA:1744,(anonymous_117)
FNDA:1130,(anonymous_119)
FNDA:43,(anonymous_120)
FNDA:1101,(anonymous_121)
FNDA:4,(anonymous_123)
FNDA:623,prepareColumnInfo
FNDA:2294,(anonymous_125)
FNDA:10,getFields
FNDA:25,getControllerRef
FNDA:2,(anonymous_128)
FNDA:2,(anonymous_129)
FNDA:23,(anonymous_130)
FNDA:0,(anonymous_131)
FNDA:27,(anonymous_132)
FNDA:0,(anonymous_133)
FNDA:15,(anonymous_134)
FNDA:5600,(anonymous_136)
FNDA:1,(anonymous_137)
FNDA:1,(anonymous_138)
FNDA:0,(anonymous_139)
FNDA:643,(anonymous_140)
FNDA:628,(anonymous_142)
FNDA:36,(anonymous_143)
FNDA:34,(anonymous_144)
FNDA:36,(anonymous_145)
FNDA:1,(anonymous_146)
FNDA:1237,(anonymous_147)
FNDA:17,(anonymous_148)
FNDA:31,(anonymous_149)
FNDA:24,(anonymous_150)
FNDA:1,(anonymous_151)
FNDA:2,(anonymous_152)
FNDA:3,(anonymous_153)
FNDA:1,(anonymous_154)
FNDA:558,(anonymous_155)
FNDA:116,(anonymous_156)
FNDA:1,(anonymous_158)
FNDA:1512,getEntityRef
FNDA:2894,(anonymous_161)
FNDA:2894,buildCaption
FNDA:2294,(anonymous_163)
FNDA:1223,(anonymous_164)
FNDA:229,(anonymous_165)
FNDA:229,(anonymous_166)
FNDA:229,(anonymous_167)
FNDA:0,(anonymous_168)
FNDA:5247,(anonymous_169)
FNDA:600,(anonymous_170)
FNDA:2,(anonymous_171)
FNDA:5,(anonymous_172)
FNDA:2,(anonymous_173)
FNDA:249,(anonymous_174)
FNDA:7,(anonymous_175)
FNDA:237,(anonymous_176)
FNDA:7852,(anonymous_177)
FNDA:330,(anonymous_178)
FNDA:0,(anonymous_179)
FNDA:134,(anonymous_180)
FNDA:0,(anonymous_181)
FNDA:0,(anonymous_182)
FNDA:372,(anonymous_183)
FNDA:81,(anonymous_184)
FNDA:16,FieldType
FNDA:16,(anonymous_186)
FNDA:5,(anonymous_187)
FNDA:3,(anonymous_188)
FNDA:11,(anonymous_189)
FNDA:7,(anonymous_190)
FNDA:19,(anonymous_191)
FNDA:52,(anonymous_192)
FNDA:334,(anonymous_193)
FNDA:4,(anonymous_194)
FNDA:8,(anonymous_195)
FNDA:27,(anonymous_196)
FNDA:651,(anonymous_197)
FNDA:4,(anonymous_198)
FNDA:28,(anonymous_199)
FNDA:21,(anonymous_200)
FNDA:80,(anonymous_201)
FNDA:764,(anonymous_202)
FNDA:13,(anonymous_203)
FNDA:63,(anonymous_204)
FNDA:256,isAutoIncrement
FNDA:11,ValueListFieldType
FNDA:11,(anonymous_207)
FNDA:268,(anonymous_208)
FNDA:0,(anonymous_209)
FNDA:11,(anonymous_210)
FNDA:5,(anonymous_211)
FNDA:19,(anonymous_212)
FNDA:282,(anonymous_213)
FNDA:23,(anonymous_214)
FNDA:1098,(anonymous_215)
FNDA:1097,(anonymous_216)
FNDA:879,(anonymous_217)
FNDA:62,(anonymous_218)
FNDA:26,(anonymous_219)
FNDA:2,(anonymous_220)
FNDA:0,(anonymous_221)
FNDA:0,(anonymous_222)
FNDA:7,getValueList
FNDA:223,Field
FNDA:223,(anonymous_225)
FNDA:2296,(anonymous_226)
FNDA:184,(anonymous_227)
FNDA:2,(anonymous_228)
FNDA:2587,buildOptions
FNDA:2318,decorateColumnSettings
FNDA:6043,(anonymous_231)
FNDA:6157,(anonymous_232)
FNDA:15,(anonymous_233)
FNDA:14,(anonymous_234)
FNDA:592,(anonymous_235)
FNDA:392,(anonymous_236)
FNDA:174,(anonymous_237)
FNDA:299,(anonymous_238)
FNDA:0,(anonymous_239)
FNDA:0,(anonymous_240)
FNDA:3,BuildEntity
FNDA:140,Entity
FNDA:140,(anonymous_243)
FNDA:750,(anonymous_244)
FNDA:964,(anonymous_245)
FNDA:322,(anonymous_246)
FNDA:0,(anonymous_247)
FNDA:9,(anonymous_248)
FNDA:16,(anonymous_249)
FNDA:70,(anonymous_250)
FNDA:0,(anonymous_251)
FNDA:0,(anonymous_252)
FNDA:0,(anonymous_253)
FNDA:0,(anonymous_254)
FNDA:18,(anonymous_255)
FNDA:3,(anonymous_256)
FNDA:4,(anonymous_258)
FNDA:1,(anonymous_260)
FNDA:40,(anonymous_262)
FNDA:24,(anonymous_264)
FNDA:4,(anonymous_265)
FNDA:9,(anonymous_266)
FNDA:47,(anonymous_267)
FNDA:47,(anonymous_268)
FNDA:47,(anonymous_269)
FNDA:47,(anonymous_270)
FNDA:0,(anonymous_271)
FNDA:41,(anonymous_272)
FNDA:13,(anonymous_273)
FNDA:178,(anonymous_274)
FNDA:99,(anonymous_275)
FNDA:4,(anonymous_276)
FNDA:13,(anonymous_277)
FNDA:92,(anonymous_278)
FNDA:2,(anonymous_279)
FNDA:2,(anonymous_280)
DA:24,1
DA:45,28
DA:47,28
DA:48,44
DA:57,44
DA:60,28
DA:61,28
DA:62,28
DA:63,44
DA:64,44
DA:65,44
DA:66,16
DA:68,44
DA:69,44
DA:70,3
DA:73,41
DA:74,44
DA:76,28
DA:82,2808
DA:84,600
DA:85,600
DA:87,600
DA:89,147
DA:90,147
DA:91,147
DA:92,147
DA:93,30
DA:94,117
DA:97,275
DA:98,275
DA:99,275
DA:100,30
DA:101,245
DA:102,215
DA:104,30
DA:105,30
DA:106,30
DA:107,1
DA:110,29
DA:111,30
DA:112,30
DA:114,30
DA:115,30
DA:118,95
DA:119,95
DA:123,9500
DA:128,32
DA:129,16
DA:130,32
DA:131,32
DA:132,0
DA:141,18
DA:148,2175
DA:149,2175
DA:150,1218
DA:151,1218
DA:152,1924
DA:154,1218
DA:157,2175
DA:162,6
DA:163,1
DA:165,5
DA:171,58
DA:172,7
DA:173,7
DA:174,14
DA:176,7
DA:178,51
DA:179,51
DA:180,2
DA:181,1
DA:182,1
DA:184,49
DA:190,9
DA:192,9
DA:198,14
DA:199,14
DA:200,10
DA:202,10
DA:203,31
DA:205,10
DA:206,10
DA:207,8
DA:208,2
DA:209,10
DA:210,10
DA:211,9
DA:214,14
DA:220,351
DA:221,2
DA:223,350
DA:224,350
DA:225,338
DA:226,12
DA:227,1
DA:230,11
DA:231,11
DA:232,4
DA:233,7
DA:239,668
DA:240,668
DA:241,668
DA:242,180
DA:244,668
DA:245,668
DA:246,581
DA:248,668
DA:249,668
DA:251,668
DA:252,668
DA:254,668
DA:255,667
DA:256,667
DA:257,91
DA:259,667
DA:260,2980
DA:262,2980
DA:263,60
DA:264,60
DA:265,9
DA:266,60
DA:267,44
DA:268,44
DA:269,44
DA:270,46
DA:271,46
DA:272,27
DA:275,44
DA:276,23
DA:283,698
DA:284,698
DA:286,667
DA:290,23
DA:291,23
DA:292,27
DA:298,701
DA:299,0
DA:300,701
DA:301,701
DA:302,701
DA:303,463
DA:305,701
DA:306,701
DA:308,701
DA:312,210
DA:314,600
DA:317,138
DA:318,65
DA:319,138
DA:320,101
DA:321,57
DA:322,57
DA:329,44
DA:334,138
DA:335,53
DA:336,53
DA:337,53
DA:338,53
DA:339,3
DA:340,0
DA:341,0
DA:343,3
DA:346,50
DA:350,50
DA:354,135
DA:355,135
DA:356,135
DA:357,120
DA:358,135
DA:359,9
DA:360,9
DA:361,9
DA:364,135
DA:366,135
DA:367,50
DA:368,50
DA:369,50
DA:373,135
DA:377,330
DA:378,958
DA:382,1217
DA:383,1217
DA:384,316
DA:385,568
DA:387,1217
DA:390,1217
DA:393,4
DA:394,4
DA:395,14
DA:396,11
DA:399,4
DA:400,1
DA:401,1
DA:402,1
DA:403,1
DA:406,3
DA:410,58
DA:411,2
DA:412,56
DA:413,0
DA:414,56
DA:424,878
DA:425,13
DA:426,13
DA:432,878
DA:433,878
DA:434,784
DA:436,878
DA:444,14
DA:445,14
DA:446,14
DA:447,14
DA:453,15
DA:470,1
DA:471,1
DA:472,1
DA:474,15748
DA:475,1
DA:476,0
DA:478,1
DA:479,15747
DA:480,15747
DA:481,0
DA:483,15747
DA:486,601
DA:488,1
DA:490,600
DA:491,600
DA:492,42
DA:494,600
DA:495,600
DA:498,600
DA:499,600
DA:501,1878
DA:502,1878
DA:503,427
DA:507,1878
DA:508,1878
DA:509,74
DA:510,74
DA:511,74
DA:512,74
DA:513,370
DA:514,2
DA:515,2
DA:516,2
DA:517,2
DA:523,1878
DA:527,600
DA:534,2257
DA:535,2257
DA:538,1194
DA:539,1194
DA:541,1952
DA:542,1952
DA:543,8438
DA:545,8438
DA:546,199
DA:547,199
DA:548,199
DA:550,199
DA:552,179
DA:553,2
DA:554,2
DA:555,1
DA:556,1
DA:557,0
DA:560,2
DA:563,179
DA:567,20
DA:568,20
DA:569,20
DA:570,14
DA:571,14
DA:572,13
DA:575,20
DA:579,199
DA:589,3
DA:590,3
DA:593,1952
DA:595,4
DA:596,4
DA:597,4
DA:598,6
DA:599,6
DA:600,6
DA:601,6
DA:604,4
DA:607,4
DA:609,30
DA:610,30
DA:611,30
DA:614,3
DA:615,3
DA:616,3
DA:627,2
DA:628,2
DA:631,2166
DA:632,2166
DA:635,1952
DA:637,0
DA:641,2206
DA:642,30
DA:646,30
DA:647,30
DA:648,122
DA:649,30
DA:650,30
DA:651,30
DA:656,30
DA:663,14
DA:665,14
DA:666,1
DA:668,13
DA:669,0
DA:672,13
DA:673,11
DA:674,2
DA:675,0
DA:676,2
DA:677,13
DA:678,13
DA:679,9
DA:680,13
DA:681,4
DA:683,13
DA:687,1150
DA:688,1150
DA:689,1150
DA:693,2235
DA:694,2
DA:695,2
DA:696,2
DA:697,2
DA:702,2214
DA:703,2214
DA:707,4015
DA:708,4015
DA:709,16676
DA:710,16676
DA:711,16676
DA:712,439
DA:714,16237
DA:715,16676
DA:716,8726
DA:717,8726
DA:718,8595
DA:722,16676
DA:724,4015
DA:726,1952
DA:728,2960
DA:731,3
DA:732,3
DA:733,0
DA:734,3
DA:735,3
DA:736,3
DA:739,1113
DA:740,1113
DA:741,0
DA:742,1113
DA:743,1113
DA:749,315
DA:750,315
DA:751,1175
DA:753,1173
DA:754,1173
DA:755,35
DA:757,1138
DA:758,1138
DA:759,26
DA:760,7
DA:761,7
DA:762,1
DA:767,1173
DA:770,315
DA:774,191
DA:775,191
DA:776,619
DA:777,461
DA:778,460
DA:779,454
DA:780,454
DA:781,18
DA:783,436
DA:788,619
DA:797,1929
DA:798,1929
DA:799,1929
DA:800,1929
DA:801,1218
DA:803,5244
DA:804,23
DA:805,23
DA:807,0
DA:808,0
DA:813,1929
DA:814,7
DA:815,1929
DA:816,1
DA:818,35
DA:819,10
DA:820,130
DA:823,234
DA:824,4
DA:826,230
DA:830,1929
DA:837,1087
DA:838,1087
DA:842,1
DA:843,1
DA:847,1
DA:848,1
DA:849,1
DA:852,1
DA:853,1
DA:859,2059
DA:860,1278
DA:861,1278
DA:862,446
DA:863,1289
DA:864,1
DA:866,1278
DA:867,5475
DA:870,1278
DA:872,2059
DA:875,1929
DA:877,1084
DA:878,1084
DA:879,1
DA:880,1083
DA:881,1083
DA:882,1
DA:883,1082
DA:884,1082
DA:885,1064
DA:886,1064
DA:887,4236
DA:888,3
DA:890,1064
DA:891,196
DA:894,1062
DA:896,1055
DA:897,1055
DA:898,1055
DA:899,4202
DA:900,16
DA:901,16
DA:902,16
DA:903,16
DA:908,1055
DA:909,5
DA:911,1055
DA:913,1055
DA:914,1055
DA:915,965
DA:918,90
DA:919,90
DA:920,90
DA:921,389
DA:922,389
DA:923,389
DA:924,96
DA:925,96
DA:929,90
DA:930,10
DA:931,80
DA:932,1
DA:936,79
DA:939,1040
DA:940,1040
DA:941,1040
DA:942,3
DA:944,1040
DA:945,1040
DA:946,1040
DA:949,5
DA:953,1084
DA:954,1084
DA:955,1084
DA:965,2
DA:969,33
DA:970,33
DA:971,4
DA:972,31
DA:974,30
DA:975,30
DA:976,28
DA:977,28
DA:978,1
DA:980,28
DA:981,1
DA:982,1
DA:985,28
DA:987,2
DA:992,1744
DA:993,7240
DA:994,7240
DA:995,193
DA:996,193
DA:997,178
DA:998,136
DA:1001,15
DA:1002,3
DA:1006,7047
DA:1009,1744
DA:1010,1744
DA:1011,15
DA:1013,1729
DA:1017,14
DA:1021,1744
DA:1022,287
DA:1023,1352
DA:1024,296
DA:1030,1130
DA:1031,1130
DA:1034,43
DA:1035,43
DA:1036,112
DA:1037,17
DA:1039,26
DA:1043,1101
DA:1044,4366
DA:1045,59
DA:1046,59
DA:1050,1101
DA:1051,2
DA:1052,1101
DA:1053,4
DA:1054,2
DA:1058,1
DA:1060,2294
DA:1064,10
DA:1068,25
DA:1069,25
DA:1070,23
DA:1071,25
DA:1072,23
DA:1073,23
DA:1074,0
DA:1075,23
DA:1076,23
DA:1078,48
DA:1079,48
DA:1080,2
DA:1082,48
DA:1085,23
DA:1087,25
DA:1093,23
DA:1096,23
DA:1097,23
DA:1098,0
DA:1099,27
DA:1100,0
DA:1103,23
DA:1104,66
DA:1107,23
DA:1112,15
DA:1113,56
DA:1114,56
DA:1124,5600
DA:1129,1
DA:1130,1
DA:1132,1
DA:1135,1
DA:1136,1
DA:1137,1
DA:1138,1
DA:1140,0
DA:1143,0
DA:1144,0
DA:1145,0
DA:1148,643
DA:1149,643
DA:1150,47
DA:1151,21
DA:1153,47
DA:1155,596
DA:1157,5600
DA:1160,628
DA:1161,628
DA:1164,36
DA:1165,36
DA:1170,34
DA:1171,34
DA:1172,10
DA:1173,24
DA:1176,36
DA:1177,35
DA:1178,36
DA:1179,36
DA:1182,1
DA:1183,1
DA:1184,1
DA:1185,0
DA:1186,1
DA:1187,0
DA:1189,1
DA:1191,0
DA:1193,1237
DA:1194,17
DA:1196,31
DA:1197,31
DA:1198,31
DA:1199,3
DA:1200,28
DA:1203,24
DA:1206,1
DA:1209,2
DA:1210,2
DA:1211,2
DA:1212,0
DA:1216,3
DA:1217,3
DA:1218,3
DA:1219,3
DA:1220,0
DA:1223,1
DA:1224,1
DA:1225,1
DA:1228,0
DA:1231,558
DA:1232,558
DA:1233,558
DA:1234,558
DA:1235,74
DA:1237,558
DA:1239,5600
DA:1243,116
DA:1244,116
DA:1245,116
DA:1246,3
DA:1247,6
DA:1249,113
DA:1250,70
DA:1252,2
DA:1253,1
DA:1255,1
DA:1259,1
DA:1260,1
DA:1269,1512
DA:1270,1512
DA:1271,0
DA:1272,1512
DA:1275,1
DA:1276,2894
DA:1280,2894
DA:1281,0
DA:1282,0
DA:1284,2894
DA:1285,4
DA:1286,2894
DA:1287,2894
DA:1288,4
DA:1289,2890
DA:1290,2890
DA:1291,0
DA:1295,2294
DA:1296,2294
DA:1297,421
DA:1298,2294
DA:1299,38
DA:1300,2294
DA:1301,2294
DA:1302,2294
DA:1310,1223
DA:1311,994
DA:1312,229
DA:1314,229
DA:1315,3
DA:1316,3
DA:1318,0
DA:1320,226
DA:1323,229
DA:1324,228
DA:1325,1
DA:1328,229
DA:1332,2294
DA:1333,2294
DA:1336,2294
DA:1337,2294
DA:1342,0
DA:1343,0
DA:1344,0
DA:1346,0
DA:1348,0
DA:1349,0
DA:1350,0
DA:1353,2294
DA:1354,2294
DA:1356,5247
DA:1359,2294
DA:1363,600
DA:1365,600
DA:1366,600
DA:1367,400
DA:1368,381
DA:1369,400
DA:1370,395
DA:1371,400
DA:1372,378
DA:1373,400
DA:1374,396
DA:1376,600
DA:1377,200
DA:1378,600
DA:1379,103
DA:1380,600
DA:1381,597
DA:1383,600
DA:1384,600
DA:1385,237
DA:1386,7852
DA:1387,330
DA:1391,600
DA:1392,2228
DA:1395,600
DA:1397,600
DA:1399,600
DA:1400,15
DA:1401,15
DA:1402,11
DA:1403,11
DA:1404,0
DA:1405,0
DA:1408,4
DA:1410,585
DA:1411,473
DA:1413,112
DA:1416,0
DA:1417,134
DA:1418,0
DA:1419,0
DA:1424,372
DA:1425,291
DA:1426,81
DA:1427,79
DA:1429,81
DA:1430,0
DA:1431,81
DA:1433,2
DA:1434,2
DA:1435,2
DA:1436,0
DA:1437,0
DA:1439,81
DA:1440,81
DA:1441,0
DA:1442,81
DA:1444,81
DA:1448,600
DA:1451,2
DA:1452,2
DA:1453,5
DA:1459,2
DA:1462,249
DA:1463,7
DA:1464,7
DA:1465,7
DA:1468,242
DA:1469,239
DA:1472,3
DA:1499,16
DA:1500,16
DA:1501,0
DA:1503,16
DA:1505,16
DA:1506,16
DA:1516,5
DA:1519,11
DA:1524,19
DA:1527,334
DA:1532,8
DA:1540,651
DA:1544,28
DA:1546,21
DA:1550,764
DA:1553,63
DA:1558,256
DA:1564,11
DA:1565,11
DA:1566,268
DA:1567,0
DA:1577,282
DA:1578,282
DA:1579,11
DA:1580,10
DA:1582,281
DA:1584,11
DA:1585,11
DA:1586,11
DA:1587,11
DA:1589,11
DA:1590,16
DA:1591,16
DA:1592,16
DA:1593,7
DA:1594,16
DA:1595,6
DA:1596,16
DA:1597,11
DA:1598,16
DA:1599,16
DA:1602,11
DA:1603,3
DA:1605,11
DA:1607,11
DA:1608,11
DA:1609,25
DA:1610,3
DA:1611,3
DA:1612,3
DA:1613,5
DA:1614,1
DA:1615,5
DA:1619,19
DA:1620,1
DA:1622,0
DA:1630,23
DA:1633,1098
DA:1634,1077
DA:1635,1098
DA:1638,1097
DA:1641,879
DA:1642,629
DA:1643,250
DA:1646,62
DA:1649,26
DA:1652,2
DA:1655,0
DA:1658,0
DA:1659,0
DA:1660,0
DA:1665,1
DA:1671,7
DA:1672,7
DA:1673,1
DA:1676,6
DA:1677,6
DA:1678,1
DA:1681,5
DA:1701,223
DA:1702,223
DA:1703,2296
DA:1704,2296
DA:1705,2274
DA:1707,2296
DA:1708,2296
DA:1710,2296
DA:1711,2088
DA:1712,2296
DA:1713,2296
DA:1714,22
DA:1715,22
DA:1717,2296
DA:1718,2296
DA:1719,2296
DA:1722,223
DA:1723,223
DA:1724,109
DA:1725,109
DA:1728,223
DA:1729,223
DA:1730,221
DA:1735,2
DA:1736,2
DA:1737,2
DA:1738,2
DA:1739,2
DA:1748,1
DA:1750,2587
DA:1751,2587
DA:1752,1973
DA:1753,1973
DA:1754,269
DA:1757,1704
DA:1760,2587
DA:1765,2318
DA:1766,2316
DA:1767,2316
DA:1768,291
DA:1775,2318
DA:1776,792
DA:1777,792
DA:1778,791
DA:1779,6043
DA:1780,6157
DA:1784,2318
DA:1785,1001
DA:1786,1001
DA:1787,659
DA:1789,2318
DA:1790,35
DA:1791,35
DA:1792,23
DA:1796,2318
DA:1797,64
DA:1798,64
DA:1799,64
DA:1801,2318
DA:1802,130
DA:1803,130
DA:1804,105
DA:1805,15
DA:1806,14
DA:1810,25
DA:1812,2318
DA:1813,592
DA:1815,2318
DA:1816,392
DA:1818,2318
DA:1819,799
DA:1821,2318
DA:1822,798
DA:1824,2318
DA:1825,904
DA:1827,2318
DA:1828,904
DA:1835,2318
DA:1847,3
DA:1848,3
DA:1849,6
DA:1850,6
DA:1851,6
DA:1882,140
DA:1883,140
DA:1884,18
DA:1885,13
DA:1886,13
DA:1887,7
DA:1888,6
DA:1893,140
DA:1894,750
DA:1895,750
DA:1896,562
DA:1897,562
DA:1898,1
DA:1900,561
DA:1907,750
DA:1908,750
DA:1909,750
DA:1910,750
DA:1911,76
DA:1912,76
DA:1913,76
DA:1920,750
DA:1923,140
DA:1924,140
DA:1925,140
DA:1926,140
DA:1927,140
DA:1937,964
DA:1938,322
DA:1940,0
DA:1941,0
DA:1943,9
DA:1944,16
DA:1945,70
DA:1949,0
DA:1953,0
DA:1954,0
DA:1956,0
DA:1957,0
DA:1962,18
DA:1963,18
DA:1964,4
DA:1965,18
DA:1966,13
DA:1969,18
DA:1973,3
DA:1974,0
DA:1976,3
DA:1986,4
DA:1987,4
DA:1988,4
DA:1992,1
DA:1993,1
DA:1994,0
DA:1995,0
DA:1997,1
DA:2000,40
DA:2003,40
DA:2010,40
DA:2011,40
DA:2012,40
DA:2013,24
DA:2014,24
DA:2016,40
DA:2017,4
DA:2028,9
DA:2029,7
DA:2031,9
DA:2032,9
DA:2036,9
DA:2037,9
DA:2041,9
DA:2043,47
DA:2044,47
DA:2045,0
DA:2047,47
DA:2048,31
DA:2049,6
DA:2050,25
DA:2051,25
DA:2052,16
DA:2054,9
DA:2056,25
DA:2057,25
DA:2058,3
DA:2060,22
DA:2061,14
DA:2062,0
DA:2067,38
DA:2068,38
DA:2072,9
DA:2073,47
DA:2074,47
DA:2075,47
DA:2083,0
DA:2088,41
DA:2089,15
DA:2092,178
DA:2093,99
DA:2105,4
DA:2106,3
DA:2107,13
DA:2111,1
DA:2113,4
DA:2114,4
DA:2116,4
DA:2117,4
LF:1031
LH:962
BRDA:69,0,0,3
BRDA:69,0,1,41
BRDA:82,1,0,2270
BRDA:82,1,1,538
BRDA:92,2,0,30
BRDA:92,2,1,117
BRDA:99,3,0,30
BRDA:99,3,1,245
BRDA:101,4,0,215
BRDA:101,4,1,30
BRDA:106,5,0,1
BRDA:106,5,1,29
BRDA:118,6,0,95
BRDA:118,6,1,0
BRDA:128,7,0,16
BRDA:128,7,1,16
BRDA:149,8,0,1218
BRDA:149,8,1,957
BRDA:162,9,0,1
BRDA:162,9,1,5
BRDA:162,10,0,6
BRDA:162,10,1,6
BRDA:171,11,0,7
BRDA:171,11,1,51
BRDA:179,12,0,2
BRDA:179,12,1,49
BRDA:180,13,0,1
BRDA:180,13,1,1
BRDA:199,14,0,10
BRDA:199,14,1,4
BRDA:206,15,0,8
BRDA:206,15,1,2
BRDA:220,16,0,1
BRDA:220,16,1,350
BRDA:224,17,0,338
BRDA:224,17,1,12
BRDA:226,18,0,1
BRDA:226,18,1,11
BRDA:231,19,0,4
BRDA:231,19,1,7
BRDA:241,20,0,180
BRDA:241,20,1,488
BRDA:245,21,0,581
BRDA:245,21,1,87
BRDA:245,22,0,668
BRDA:245,22,1,90
BRDA:256,23,0,91
BRDA:256,23,1,576
BRDA:262,24,0,60
BRDA:262,24,1,2920
BRDA:264,25,0,9
BRDA:264,25,1,51
BRDA:266,26,0,44
BRDA:266,26,1,16
BRDA:271,27,0,27
BRDA:271,27,1,19
BRDA:271,28,0,46
BRDA:271,28,1,39
BRDA:271,28,2,35
BRDA:271,28,3,33
BRDA:275,29,0,23
BRDA:275,29,1,21
BRDA:298,30,0,0
BRDA:298,30,1,701
BRDA:317,31,0,65
BRDA:317,31,1,73
BRDA:319,32,0,101
BRDA:319,32,1,37
BRDA:320,33,0,57
BRDA:320,33,1,44
BRDA:334,34,0,53
BRDA:334,34,1,85
BRDA:338,35,0,3
BRDA:338,35,1,50
BRDA:339,36,0,0
BRDA:339,36,1,3
BRDA:339,37,0,3
BRDA:339,37,1,2
BRDA:356,38,0,120
BRDA:356,38,1,15
BRDA:358,39,0,9
BRDA:358,39,1,126
BRDA:358,40,0,135
BRDA:358,40,1,15
BRDA:360,41,0,9
BRDA:360,41,1,0
BRDA:366,42,0,50
BRDA:366,42,1,85
BRDA:383,43,0,316
BRDA:383,43,1,901
BRDA:395,44,0,11
BRDA:395,44,1,3
BRDA:399,45,0,1
BRDA:399,45,1,3
BRDA:410,46,0,2
BRDA:410,46,1,56
BRDA:410,47,0,58
BRDA:410,47,1,57
BRDA:412,48,0,0
BRDA:412,48,1,56
BRDA:412,49,0,56
BRDA:412,49,1,23
BRDA:424,50,0,13
BRDA:424,50,1,865
BRDA:424,51,0,878
BRDA:424,51,1,18
BRDA:433,52,0,784
BRDA:433,52,1,94
BRDA:433,53,0,878
BRDA:433,53,1,878
BRDA:446,54,0,14
BRDA:446,54,1,0
BRDA:473,55,0,600
BRDA:474,56,0,1
BRDA:474,56,1,15747
BRDA:475,57,0,0
BRDA:475,57,1,1
BRDA:480,58,0,0
BRDA:480,58,1,15747
BRDA:480,59,0,15747
BRDA:480,59,1,14566
BRDA:491,60,0,42
BRDA:491,60,1,558
BRDA:502,61,0,93
BRDA:502,61,1,1785
BRDA:508,62,0,74
BRDA:508,62,1,1804
BRDA:513,63,0,2
BRDA:513,63,1,368
BRDA:513,64,0,370
BRDA:513,64,1,3
BRDA:545,65,0,199
BRDA:545,65,1,8239
BRDA:545,66,0,8438
BRDA:545,66,1,206
BRDA:552,67,0,2
BRDA:552,67,1,177
BRDA:554,68,0,1
BRDA:554,68,1,1
BRDA:556,69,0,0
BRDA:556,69,1,1
BRDA:568,70,0,16
BRDA:568,70,1,4
BRDA:568,71,0,20
BRDA:568,71,1,20
BRDA:569,72,0,14
BRDA:569,72,1,6
BRDA:571,73,0,13
BRDA:571,73,1,1
BRDA:534,74,0,2244
BRDA:534,74,1,13
BRDA:534,75,0,2257
BRDA:534,75,1,2257
BRDA:539,76,0,1192
BRDA:539,76,1,2
BRDA:539,77,0,1194
BRDA:539,77,1,1194
BRDA:595,78,0,4
BRDA:595,78,1,0
BRDA:601,79,0,2
BRDA:601,79,1,4
BRDA:601,80,0,6
BRDA:601,80,1,2
BRDA:627,81,0,0
BRDA:627,81,1,2
BRDA:627,82,0,2
BRDA:627,82,1,2
BRDA:632,83,0,2164
BRDA:632,83,1,2
BRDA:632,84,0,2166
BRDA:632,84,1,2166
BRDA:641,85,0,30
BRDA:641,85,1,2176
BRDA:646,86,0,30
BRDA:646,86,1,0
BRDA:648,87,0,30
BRDA:648,87,1,92
BRDA:665,88,0,1
BRDA:665,88,1,13
BRDA:668,89,0,0
BRDA:668,89,1,13
BRDA:672,90,0,11
BRDA:672,90,1,2
BRDA:674,91,0,0
BRDA:674,91,1,2
BRDA:678,92,0,9
BRDA:678,92,1,4
BRDA:680,93,0,4
BRDA:680,93,1,9
BRDA:693,94,0,2
BRDA:693,94,1,2233
BRDA:702,95,0,2212
BRDA:702,95,1,2
BRDA:702,96,0,2214
BRDA:702,96,1,2214
BRDA:703,97,0,2214
BRDA:703,97,1,2214
BRDA:711,98,0,439
BRDA:711,98,1,16237
BRDA:715,99,0,8726
BRDA:715,99,1,7950
BRDA:717,100,0,8595
BRDA:717,100,1,131
BRDA:717,101,0,8726
BRDA:717,101,1,8720
BRDA:732,102,0,0
BRDA:732,102,1,3
BRDA:740,103,0,0
BRDA:740,103,1,1113
BRDA:751,104,0,1173
BRDA:751,104,1,2
BRDA:751,105,0,1175
BRDA:751,105,1,1149
BRDA:751,105,2,2
BRDA:754,106,0,35
BRDA:754,106,1,1138
BRDA:758,107,0,26
BRDA:758,107,1,1112
BRDA:759,108,0,7
BRDA:759,108,1,19
BRDA:761,109,0,1
BRDA:761,109,1,6
BRDA:776,110,0,461
BRDA:776,110,1,158
BRDA:777,111,0,460
BRDA:777,111,1,1
BRDA:777,112,0,461
BRDA:777,112,1,1
BRDA:778,113,0,454
BRDA:778,113,1,6
BRDA:778,114,0,460
BRDA:778,114,1,442
BRDA:778,114,2,9
BRDA:780,115,0,18
BRDA:780,115,1,436
BRDA:800,116,0,1218
BRDA:800,116,1,711
BRDA:803,117,0,23
BRDA:803,117,1,5221
BRDA:804,118,0,23
BRDA:804,118,1,0
BRDA:807,119,0,0
BRDA:807,119,1,0
BRDA:813,120,0,7
BRDA:813,120,1,1922
BRDA:815,121,0,1
BRDA:815,121,1,1928
BRDA:823,122,0,4
BRDA:823,122,1,230
BRDA:837,123,0,1086
BRDA:837,123,1,1
BRDA:837,124,0,1087
BRDA:837,124,1,1087
BRDA:859,125,0,1278
BRDA:859,125,1,781
BRDA:862,126,0,411
BRDA:862,126,1,35
BRDA:878,127,0,1
BRDA:878,127,1,1083
BRDA:881,128,0,1
BRDA:881,128,1,1082
BRDA:887,129,0,3
BRDA:887,129,1,4233
BRDA:890,130,0,196
BRDA:890,130,1,868
BRDA:899,131,0,16
BRDA:899,131,1,4186
BRDA:908,132,0,5
BRDA:908,132,1,1050
BRDA:913,133,0,1054
BRDA:913,133,1,1
BRDA:913,134,0,1055
BRDA:913,134,1,1055
BRDA:914,135,0,965
BRDA:914,135,1,90
BRDA:921,136,0,389
BRDA:921,136,1,0
BRDA:923,137,0,96
BRDA:923,137,1,293
BRDA:923,138,0,389
BRDA:923,138,1,96
BRDA:929,139,0,10
BRDA:929,139,1,80
BRDA:931,140,0,1
BRDA:931,140,1,79
BRDA:941,141,0,3
BRDA:941,141,1,1037
BRDA:970,142,0,4
BRDA:970,142,1,29
BRDA:977,143,0,1
BRDA:977,143,1,27
BRDA:980,144,0,1
BRDA:980,144,1,27
BRDA:994,145,0,193
BRDA:994,145,1,7047
BRDA:996,146,0,178
BRDA:996,146,1,15
BRDA:997,147,0,136
BRDA:997,147,1,42
BRDA:1001,148,0,3
BRDA:1001,148,1,12
BRDA:1010,149,0,15
BRDA:1010,149,1,1729
BRDA:1021,150,0,287
BRDA:1021,150,1,1457
BRDA:1023,151,0,296
BRDA:1023,151,1,1056
BRDA:1030,152,0,1117
BRDA:1030,152,1,13
BRDA:1030,153,0,1130
BRDA:1030,153,1,1130
BRDA:1034,154,0,31
BRDA:1034,154,1,12
BRDA:1034,155,0,43
BRDA:1034,155,1,43
BRDA:1036,156,0,17
BRDA:1036,156,1,95
BRDA:1044,157,0,59
BRDA:1044,157,1,4307
BRDA:1050,158,0,2
BRDA:1050,158,1,1099
BRDA:1052,159,0,2
BRDA:1052,159,1,1099
BRDA:1069,160,0,23
BRDA:1069,160,1,2
BRDA:1071,161,0,23
BRDA:1071,161,1,2
BRDA:1073,162,0,0
BRDA:1073,162,1,23
BRDA:1079,163,0,2
BRDA:1079,163,1,46
BRDA:1098,164,0,0
BRDA:1098,164,1,0
BRDA:1113,165,0,56
BRDA:1113,165,1,0
BRDA:1129,166,0,1
BRDA:1129,166,1,0
BRDA:1137,167,0,1
BRDA:1137,167,1,0
BRDA:1138,168,0,1
BRDA:1138,168,1,1
BRDA:1149,169,0,47
BRDA:1149,169,1,596
BRDA:1150,170,0,21
BRDA:1150,170,1,26
BRDA:1160,171,0,581
BRDA:1160,171,1,47
BRDA:1160,172,0,628
BRDA:1160,172,1,628
BRDA:1161,173,0,604
BRDA:1161,173,1,24
BRDA:1161,174,0,628
BRDA:1161,174,1,628
BRDA:1164,175,0,35
BRDA:1164,175,1,1
BRDA:1164,176,0,36
BRDA:1164,176,1,36
BRDA:1165,177,0,35
BRDA:1165,177,1,1
BRDA:1165,178,0,36
BRDA:1165,178,1,36
BRDA:1171,179,0,10
BRDA:1171,179,1,24
BRDA:1176,180,0,35
BRDA:1176,180,1,1
BRDA:1183,181,0,1
BRDA:1183,181,1,0
BRDA:1184,182,0,0
BRDA:1184,182,1,1
BRDA:1186,183,0,0
BRDA:1186,183,1,1
BRDA:1198,184,0,3
BRDA:1198,184,1,28
BRDA:1210,185,0,2
BRDA:1210,185,1,0
BRDA:1211,186,0,2
BRDA:1211,186,1,0
BRDA:1218,187,0,3
BRDA:1218,187,1,0
BRDA:1219,188,0,2
BRDA:1219,188,1,1
BRDA:1224,189,0,1
BRDA:1224,189,1,0
BRDA:1234,190,0,74
BRDA:1234,190,1,484
BRDA:1245,191,0,3
BRDA:1245,191,1,113
BRDA:1249,192,0,70
BRDA:1249,192,1,43
BRDA:1252,193,0,1
BRDA:1252,193,1,1
BRDA:1268,194,0,1027
BRDA:1270,195,0,0
BRDA:1270,195,1,1512
BRDA:1270,196,0,1512
BRDA:1270,196,1,73
BRDA:1280,197,0,0
BRDA:1280,197,1,2894
BRDA:1281,198,0,0
BRDA:1281,198,1,0
BRDA:1284,199,0,4
BRDA:1284,199,1,2890
BRDA:1287,200,0,4
BRDA:1287,200,1,2890
BRDA:1289,201,0,2890
BRDA:1289,201,1,0
BRDA:1296,202,0,421
BRDA:1296,202,1,1873
BRDA:1298,203,0,38
BRDA:1298,203,1,2256
BRDA:1300,204,0,2294
BRDA:1300,204,1,0
BRDA:1310,205,0,994
BRDA:1310,205,1,229
BRDA:1314,206,0,3
BRDA:1314,206,1,226
BRDA:1315,207,0,3
BRDA:1315,207,1,0
BRDA:1323,208,0,228
BRDA:1323,208,1,1
BRDA:1342,209,0,0
BRDA:1342,209,1,0
BRDA:1343,210,0,0
BRDA:1343,210,1,0
BRDA:1348,211,0,0
BRDA:1348,211,1,0
BRDA:1451,212,0,2
BRDA:1451,212,1,0
BRDA:1462,213,0,7
BRDA:1462,213,1,242
BRDA:1468,214,0,239
BRDA:1468,214,1,3
BRDA:1366,215,0,400
BRDA:1366,215,1,200
BRDA:1367,216,0,381
BRDA:1367,216,1,19
BRDA:1369,217,0,395
BRDA:1369,217,1,5
BRDA:1371,218,0,378
BRDA:1371,218,1,22
BRDA:1373,219,0,396
BRDA:1373,219,1,4
BRDA:1376,220,0,200
BRDA:1376,220,1,400
BRDA:1378,221,0,103
BRDA:1378,221,1,497
BRDA:1380,222,0,597
BRDA:1380,222,1,3
BRDA:1385,223,0,229
BRDA:1385,223,1,8
BRDA:1399,224,0,15
BRDA:1399,224,1,585
BRDA:1401,225,0,11
BRDA:1401,225,1,4
BRDA:1402,226,0,11
BRDA:1402,226,1,0
BRDA:1404,227,0,0
BRDA:1404,227,1,0
BRDA:1410,228,0,473
BRDA:1410,228,1,112
BRDA:1424,229,0,291
BRDA:1424,229,1,81
BRDA:1426,230,0,79
BRDA:1426,230,1,2
BRDA:1429,231,0,0
BRDA:1429,231,1,81
BRDA:1431,232,0,2
BRDA:1431,232,1,79
BRDA:1434,233,0,2
BRDA:1434,233,1,0
BRDA:1436,234,0,0
BRDA:1436,234,1,0
BRDA:1440,235,0,0
BRDA:1440,235,1,81
BRDA:1500,236,0,0
BRDA:1500,236,1,16
BRDA:1558,237,0,1
BRDA:1558,237,1,255
BRDA:1558,238,0,256
BRDA:1558,238,1,256
BRDA:1558,239,0,1
BRDA:1558,239,1,255
BRDA:1558,240,0,256
BRDA:1558,240,1,256
BRDA:1591,241,0,16
BRDA:1591,241,1,0
BRDA:1592,242,0,7
BRDA:1592,242,1,9
BRDA:1594,243,0,6
BRDA:1594,243,1,10
BRDA:1596,244,0,11
BRDA:1596,244,1,5
BRDA:1597,245,0,11
BRDA:1597,245,1,0
BRDA:1602,246,0,3
BRDA:1602,246,1,8
BRDA:1607,247,0,11
BRDA:1607,247,1,0
BRDA:1609,248,0,3
BRDA:1609,248,1,22
BRDA:1609,249,0,0
BRDA:1609,249,1,25
BRDA:1609,250,0,25
BRDA:1609,250,1,25
BRDA:1613,251,0,1
BRDA:1613,251,1,4
BRDA:1613,252,0,5
BRDA:1613,252,1,2
BRDA:1619,253,0,1
BRDA:1619,253,1,10
BRDA:1578,254,0,11
BRDA:1578,254,1,271
BRDA:1633,255,0,1077
BRDA:1633,255,1,21
BRDA:1641,256,0,629
BRDA:1641,256,1,250
BRDA:1658,257,0,0
BRDA:1658,257,1,0
BRDA:1671,258,0,6
BRDA:1671,258,1,1
BRDA:1671,259,0,7
BRDA:1671,259,1,7
BRDA:1671,260,0,0
BRDA:1671,260,1,7
BRDA:1671,261,0,7
BRDA:1671,261,1,7
BRDA:1672,262,0,1
BRDA:1672,262,1,6
BRDA:1676,263,0,0
BRDA:1676,263,1,6
BRDA:1676,264,0,6
BRDA:1676,264,1,6
BRDA:1677,265,0,1
BRDA:1677,265,1,5
BRDA:1704,266,0,2274
BRDA:1704,266,1,22
BRDA:1704,267,0,2296
BRDA:1704,267,1,2296
BRDA:1707,268,0,2296
BRDA:1707,268,1,0
BRDA:1710,269,0,2088
BRDA:1710,269,1,208
BRDA:1713,270,0,22
BRDA:1713,270,1,2274
BRDA:1717,271,0,2296
BRDA:1717,271,1,0
BRDA:1723,272,0,109
BRDA:1723,272,1,114
BRDA:1729,273,0,221
BRDA:1729,273,1,2
BRDA:1752,274,0,1973
BRDA:1752,274,1,0
BRDA:1753,275,0,269
BRDA:1753,275,1,1704
BRDA:1765,276,0,2316
BRDA:1765,276,1,2
BRDA:1767,277,0,291
BRDA:1767,277,1,2025
BRDA:1775,278,0,792
BRDA:1775,278,1,1526
BRDA:1777,279,0,791
BRDA:1777,279,1,1
BRDA:1784,280,0,1001
BRDA:1784,280,1,1317
BRDA:1786,281,0,659
BRDA:1786,281,1,342
BRDA:1789,282,0,35
BRDA:1789,282,1,2283
BRDA:1791,283,0,23
BRDA:1791,283,1,12
BRDA:1796,284,0,64
BRDA:1796,284,1,2254
BRDA:1798,285,0,64
BRDA:1798,285,1,0
BRDA:1801,286,0,130
BRDA:1801,286,1,2188
BRDA:1803,287,0,105
BRDA:1803,287,1,25
BRDA:1812,288,0,106
BRDA:1812,288,1,2212
BRDA:1815,289,0,106
BRDA:1815,289,1,2212
BRDA:1818,290,0,799
BRDA:1818,290,1,1519
BRDA:1821,291,0,798
BRDA:1821,291,1,1520
BRDA:1824,292,0,904
BRDA:1824,292,1,1414
BRDA:1827,293,0,904
BRDA:1827,293,1,1414
BRDA:1849,294,0,6
BRDA:1849,294,1,0
BRDA:1884,295,0,13
BRDA:1884,295,1,5
BRDA:1886,296,0,7
BRDA:1886,296,1,6
BRDA:1886,297,0,6
BRDA:1886,297,1,7
BRDA:1886,298,0,13
BRDA:1886,298,1,13
BRDA:1886,299,0,0
BRDA:1886,299,1,13
BRDA:1886,300,0,13
BRDA:1886,300,1,13
BRDA:1887,301,0,6
BRDA:1887,301,1,1
BRDA:1896,302,0,562
BRDA:1896,302,1,0
BRDA:1897,303,0,1
BRDA:1897,303,1,561
BRDA:1908,304,0,750
BRDA:1908,304,1,0
BRDA:1910,305,0,76
BRDA:1910,305,1,674
BRDA:1912,306,0,76
BRDA:1912,306,1,0
BRDA:1963,307,0,4
BRDA:1963,307,1,14
BRDA:1965,308,0,13
BRDA:1965,308,1,5
BRDA:1973,309,0,0
BRDA:1973,309,1,3
BRDA:1986,310,0,4
BRDA:1986,310,1,0
BRDA:2012,311,0,24
BRDA:2012,311,1,16
BRDA:2028,312,0,7
BRDA:2028,312,1,2
BRDA:2044,313,0,0
BRDA:2044,313,1,47
BRDA:2047,314,0,31
BRDA:2047,314,1,16
BRDA:2047,315,0,47
BRDA:2047,315,1,38
BRDA:2048,316,0,6
BRDA:2048,316,1,25
BRDA:2048,317,0,31
BRDA:2048,317,1,22
BRDA:2051,318,0,16
BRDA:2051,318,1,9
BRDA:2057,319,0,3
BRDA:2057,319,1,22
BRDA:2060,320,0,14
BRDA:2060,320,1,8
BRDA:2060,321,0,8
BRDA:2060,321,1,14
BRDA:2060,322,0,22
BRDA:2060,322,1,22
BRDA:2061,323,0,0
BRDA:2061,323,1,14
BRDA:2067,324,0,38
BRDA:2067,324,1,0
BRDA:2088,325,0,15
BRDA:2088,325,1,26
BRDA:2092,326,0,99
BRDA:2092,326,1,79
BRDA:2105,327,0,3
BRDA:2105,327,1,1
BRDA:2113,328,0,4
BRDA:2113,328,1,0
BRF:660
BRH:581
end_of_record
TN:
SF:..\core\src\shared-tests\db-tests-setup.ts
FN:10,itWithFocus
FN:16,testAll
FN:20,(anonymous_2)
FN:28,addDatabaseToTest
FN:37,testInMemory
FN:38,(anonymous_5)
FN:38,(anonymous_6)
FN:42,(anonymous_7)
FN:42,(anonymous_8)
FN:59,testAllDbs
FN:68,(anonymous_11)
FN:68,(anonymous_12)
FN:71,(anonymous_13)
FN:71,(anonymous_14)
FN:76,(anonymous_15)
FN:76,(anonymous_16)
FN:92,(anonymous_17)
FN:92,(anonymous_18)
FN:93,(anonymous_19)
FN:93,(anonymous_20)
FNF:20
FNH:20
FNDA:147,itWithFocus
FNDA:49,testAll
FNDA:98,(anonymous_2)
FNDA:2,addDatabaseToTest
FNDA:49,testInMemory
FNDA:49,(anonymous_5)
FNDA:49,(anonymous_6)
FNDA:50,(anonymous_7)
FNDA:50,(anonymous_8)
FNDA:6,testAllDbs
FNDA:18,(anonymous_11)
FNDA:18,(anonymous_12)
FNDA:18,(anonymous_13)
FNDA:18,(anonymous_14)
FNDA:36,(anonymous_15)
FNDA:36,(anonymous_16)
FNDA:3,(anonymous_17)
FNDA:3,(anonymous_18)
FNDA:3,(anonymous_19)
FNDA:3,(anonymous_20)
DA:11,147
DA:12,0
DA:14,147
DA:17,49
DA:18,49
DA:20,49
DA:21,98
DA:26,1
DA:27,1
DA:29,2
DA:30,98
DA:32,2
DA:38,49
DA:39,49
DA:40,49
DA:41,49
DA:42,50
DA:48,1
DA:68,18
DA:71,18
DA:72,18
DA:73,12
DA:74,18
DA:75,18
DA:76,36
DA:77,36
DA:78,36
DA:79,36
DA:80,36
DA:81,36
DA:82,9
DA:83,36
DA:86,18
DA:89,18
DA:92,3
DA:93,3
DA:94,3
DA:95,3
DA:96,3
DA:97,3
LF:40
LH:39
BRDA:10,0,0,0
BRDA:11,1,0,0
BRDA:11,1,1,147
BRDA:16,2,0,21
BRDA:37,3,0,0
BRDA:66,4,0,1
BRDA:72,5,0,12
BRDA:72,5,1,6
BRDA:75,6,0,18
BRDA:75,6,1,0
BRDA:81,7,0,9
BRDA:81,7,1,27
BRF:12
BRH:8
end_of_record
TN:
SF:..\core\src\shared-tests\db-tests.db-tests.ts
FN:25,(anonymous_0)
FN:25,(anonymous_1)
FN:30,(anonymous_2)
FN:30,(anonymous_3)
FN:34,(anonymous_4)
FN:34,(anonymous_5)
FN:39,(anonymous_6)
FN:39,(anonymous_7)
FN:44,(anonymous_8)
FN:44,(anonymous_9)
FN:49,(anonymous_10)
FN:49,(anonymous_11)
FN:56,(anonymous_12)
FN:56,(anonymous_13)
FN:63,(anonymous_14)
FN:63,(anonymous_15)
FN:69,(anonymous_16)
FN:69,(anonymous_17)
FN:80,(anonymous_18)
FN:80,(anonymous_19)
FN:91,(anonymous_20)
FN:91,(anonymous_21)
FN:102,(anonymous_22)
FN:102,(anonymous_23)
FN:112,(anonymous_24)
FN:112,(anonymous_25)
FN:129,(anonymous_26)
FN:129,(anonymous_27)
FN:138,(anonymous_28)
FN:138,(anonymous_29)
FN:152,(anonymous_30)
FN:152,(anonymous_31)
FN:161,(anonymous_32)
FN:161,(anonymous_33)
FN:176,(anonymous_35)
FN:176,(anonymous_36)
FN:185,(anonymous_37)
FN:185,(anonymous_38)
FN:205,(anonymous_39)
FN:205,(anonymous_40)
FN:215,(anonymous_41)
FN:215,(anonymous_42)
FN:236,(anonymous_43)
FN:236,(anonymous_44)
FN:247,(anonymous_45)
FN:247,(anonymous_46)
FN:264,(anonymous_47)
FN:264,(anonymous_48)
FN:279,(anonymous_49)
FN:279,(anonymous_50)
FN:289,(anonymous_51)
FN:289,(anonymous_52)
FN:300,(anonymous_53)
FN:300,(anonymous_54)
FN:312,(anonymous_55)
FN:312,(anonymous_56)
FN:313,(anonymous_57)
FN:313,(anonymous_58)
FN:326,(anonymous_59)
FN:326,(anonymous_60)
FN:327,(anonymous_61)
FN:327,(anonymous_62)
FN:336,(anonymous_63)
FN:336,(anonymous_64)
FN:355,(anonymous_65)
FN:355,(anonymous_66)
FN:361,(anonymous_67)
FN:361,(anonymous_68)
FN:389,(anonymous_69)
FN:389,(anonymous_70)
FN:424,(anonymous_71)
FN:424,(anonymous_72)
FN:434,(anonymous_73)
FN:434,(anonymous_74)
FN:440,(anonymous_75)
FN:440,(anonymous_76)
FN:450,(anonymous_77)
FN:450,(anonymous_78)
FN:451,(anonymous_79)
FN:451,(anonymous_80)
FN:459,(anonymous_81)
FN:466,(anonymous_82)
FN:474,(anonymous_83)
FN:474,(anonymous_84)
FN:482,(anonymous_85)
FN:482,(anonymous_86)
FN:501,(anonymous_87)
FN:501,(anonymous_88)
FN:506,(anonymous_89)
FN:511,(anonymous_90)
FN:511,(anonymous_91)
FN:518,(anonymous_92)
FN:518,(anonymous_93)
FN:533,(anonymous_94)
FN:533,(anonymous_95)
FN:534,(anonymous_96)
FN:559,(anonymous_97)
FN:559,(anonymous_98)
FN:573,(anonymous_99)
FN:573,(anonymous_100)
FN:580,(anonymous_101)
FN:580,(anonymous_102)
FN:590,(anonymous_103)
FN:590,(anonymous_104)
FN:609,(anonymous_106)
FN:655,(anonymous_109)
FN:653,(anonymous_110)
FN:674,(anonymous_112)
FN:679,(anonymous_113)
FN:679,(anonymous_114)
FN:703,(anonymous_116)
FN:708,(anonymous_117)
FN:708,(anonymous_118)
FN:719,(anonymous_119)
FN:719,(anonymous_120)
FN:722,(anonymous_121)
FN:722,(anonymous_122)
FNF:117
FNH:117
FNDA:3,(anonymous_0)
FNDA:3,(anonymous_1)
FNDA:3,(anonymous_2)
FNDA:3,(anonymous_3)
FNDA:3,(anonymous_4)
FNDA:3,(anonymous_5)
FNDA:3,(anonymous_6)
FNDA:3,(anonymous_7)
FNDA:3,(anonymous_8)
FNDA:3,(anonymous_9)
FNDA:3,(anonymous_10)
FNDA:3,(anonymous_11)
FNDA:3,(anonymous_12)
FNDA:3,(anonymous_13)
FNDA:3,(anonymous_14)
FNDA:3,(anonymous_15)
FNDA:3,(anonymous_16)
FNDA:3,(anonymous_17)
FNDA:3,(anonymous_18)
FNDA:3,(anonymous_19)
FNDA:3,(anonymous_20)
FNDA:3,(anonymous_21)
FNDA:3,(anonymous_22)
FNDA:3,(anonymous_23)
FNDA:3,(anonymous_24)
FNDA:3,(anonymous_25)
FNDA:3,(anonymous_26)
FNDA:3,(anonymous_27)
FNDA:3,(anonymous_28)
FNDA:3,(anonymous_29)
FNDA:3,(anonymous_30)
FNDA:3,(anonymous_31)
FNDA:3,(anonymous_32)
FNDA:3,(anonymous_33)
FNDA:3,(anonymous_35)
FNDA:3,(anonymous_36)
FNDA:3,(anonymous_37)
FNDA:3,(anonymous_38)
FNDA:3,(anonymous_39)
FNDA:3,(anonymous_40)
FNDA:3,(anonymous_41)
FNDA:3,(anonymous_42)
FNDA:3,(anonymous_43)
FNDA:3,(anonymous_44)
FNDA:3,(anonymous_45)
FNDA:3,(anonymous_46)
FNDA:3,(anonymous_47)
FNDA:3,(anonymous_48)
FNDA:3,(anonymous_49)
FNDA:3,(anonymous_50)
FNDA:3,(anonymous_51)
FNDA:3,(anonymous_52)
FNDA:3,(anonymous_53)
FNDA:3,(anonymous_54)
FNDA:3,(anonymous_55)
FNDA:3,(anonymous_56)
FNDA:3,(anonymous_57)
FNDA:3,(anonymous_58)
FNDA:3,(anonymous_59)
FNDA:3,(anonymous_60)
FNDA:3,(anonymous_61)
FNDA:3,(anonymous_62)
FNDA:3,(anonymous_63)
FNDA:3,(anonymous_64)
FNDA:3,(anonymous_65)
FNDA:3,(anonymous_66)
FNDA:7,(anonymous_67)
FNDA:7,(anonymous_68)
FNDA:3,(anonymous_69)
FNDA:3,(anonymous_70)
FNDA:3,(anonymous_71)
FNDA:3,(anonymous_72)
FNDA:3,(anonymous_73)
FNDA:3,(anonymous_74)
FNDA:3,(anonymous_75)
FNDA:3,(anonymous_76)
FNDA:3,(anonymous_77)
FNDA:3,(anonymous_78)
FNDA:3,(anonymous_79)
FNDA:3,(anonymous_80)
FNDA:3,(anonymous_81)
FNDA:177,(anonymous_82)
FNDA:3,(anonymous_83)
FNDA:3,(anonymous_84)
FNDA:3,(anonymous_85)
FNDA:3,(anonymous_86)
FNDA:3,(anonymous_87)
FNDA:3,(anonymous_88)
FNDA:8,(anonymous_89)
FNDA:3,(anonymous_90)
FNDA:3,(anonymous_91)
FNDA:3,(anonymous_92)
FNDA:3,(anonymous_93)
FNDA:3,(anonymous_94)
FNDA:3,(anonymous_95)
FNDA:5,(anonymous_96)
FNDA:3,(anonymous_97)
FNDA:3,(anonymous_98)
FNDA:3,(anonymous_99)
FNDA:3,(anonymous_100)
FNDA:3,(anonymous_101)
FNDA:3,(anonymous_102)
FNDA:3,(anonymous_103)
FNDA:3,(anonymous_104)
FNDA:3,(anonymous_106)
FNDA:48,(anonymous_109)
FNDA:8,(anonymous_110)
FNDA:1,(anonymous_112)
FNDA:3,(anonymous_113)
FNDA:3,(anonymous_114)
FNDA:1,(anonymous_116)
FNDA:3,(anonymous_117)
FNDA:3,(anonymous_118)
FNDA:3,(anonymous_119)
FNDA:3,(anonymous_120)
FNDA:1,(anonymous_121)
FNDA:1,(anonymous_122)
DA:25,3
DA:26,3
DA:27,3
DA:29,1
DA:30,3
DA:31,3
DA:32,3
DA:34,3
DA:35,3
DA:36,3
DA:38,1
DA:39,3
DA:40,3
DA:41,3
DA:43,1
DA:44,3
DA:45,3
DA:46,3
DA:48,1
DA:49,3
DA:51,3
DA:52,3
DA:55,1
DA:56,3
DA:58,3
DA:59,3
DA:62,1
DA:63,3
DA:65,3
DA:66,3
DA:69,3
DA:70,3
DA:71,3
DA:72,3
DA:73,3
DA:74,3
DA:75,3
DA:76,3
DA:77,3
DA:80,3
DA:81,3
DA:82,3
DA:83,3
DA:84,3
DA:85,3
DA:86,3
DA:87,3
DA:91,3
DA:92,3
DA:93,3
DA:94,3
DA:96,3
DA:100,3
DA:102,3
DA:103,3
DA:104,3
DA:106,3
DA:110,3
DA:112,3
DA:114,3
DA:117,3
DA:118,3
DA:119,3
DA:120,3
DA:121,3
DA:122,3
DA:123,3
DA:124,3
DA:128,1
DA:129,3
DA:130,3
DA:131,3
DA:132,3
DA:133,3
DA:134,3
DA:135,3
DA:136,3
DA:137,3
DA:138,3
DA:139,3
DA:140,3
DA:142,3
DA:145,3
DA:146,3
DA:147,3
DA:148,3
DA:149,3
DA:152,3
DA:154,3
DA:155,3
DA:156,3
DA:157,3
DA:158,3
DA:159,3
DA:161,3
DA:162,3
DA:164,3
DA:169,1
DA:171,12
DA:173,1
DA:176,3
DA:178,3
DA:179,3
DA:180,3
DA:181,3
DA:182,3
DA:185,3
DA:187,3
DA:188,3
DA:189,3
DA:190,3
DA:191,3
DA:192,3
DA:193,3
DA:194,3
DA:195,3
DA:196,3
DA:197,3
DA:198,3
DA:199,3
DA:201,3
DA:202,3
DA:203,3
DA:205,3
DA:206,3
DA:207,3
DA:208,3
DA:209,3
DA:210,3
DA:211,3
DA:215,3
DA:216,3
DA:217,3
DA:219,3
DA:220,3
DA:221,3
DA:223,3
DA:224,3
DA:225,3
DA:226,3
DA:227,3
DA:228,3
DA:229,15
DA:232,15
DA:234,3
DA:236,3
DA:238,3
DA:240,3
DA:241,3
DA:247,3
DA:248,3
DA:249,3
DA:250,3
DA:251,3
DA:253,3
DA:254,3
DA:255,3
DA:256,3
DA:257,3
DA:258,3
DA:259,3
DA:264,3
DA:265,3
DA:266,3
DA:267,3
DA:268,3
DA:270,3
DA:271,3
DA:272,3
DA:273,3
DA:275,3
DA:276,3
DA:277,3
DA:279,3
DA:281,3
DA:282,3
DA:283,15
DA:285,3
DA:286,3
DA:287,3
DA:289,3
DA:291,3
DA:292,3
DA:294,3
DA:295,3
DA:296,3
DA:297,3
DA:298,3
DA:299,3
DA:300,3
DA:301,3
DA:302,3
DA:304,3
DA:307,3
DA:308,3
DA:309,3
DA:312,3
DA:313,3
DA:314,3
DA:315,3
DA:316,3
DA:317,3
DA:318,3
DA:319,3
DA:320,3
DA:321,3
DA:322,3
DA:323,3
DA:326,3
DA:327,3
DA:329,3
DA:330,3
DA:331,3
DA:332,3
DA:333,3
DA:334,3
DA:336,3
DA:337,3
DA:338,3
DA:339,3
DA:341,3
DA:345,3
DA:346,3
DA:347,3
DA:348,3
DA:349,3
DA:350,3
DA:351,3
DA:352,3
DA:353,3
DA:355,3
DA:356,3
DA:359,3
DA:360,3
DA:361,7
DA:362,7
DA:363,7
DA:364,3
DA:368,3
DA:370,3
DA:371,3
DA:372,3
DA:373,3
DA:374,3
DA:375,3
DA:377,3
DA:378,3
DA:379,3
DA:380,0
DA:383,3
DA:385,3
DA:389,3
DA:390,3
DA:393,3
DA:394,3
DA:397,3
DA:398,3
DA:399,3
DA:401,3
DA:402,3
DA:403,3
DA:405,3
DA:406,3
DA:407,3
DA:408,0
DA:411,3
DA:413,3
DA:417,1
DA:419,1
DA:421,1
DA:424,3
DA:425,3
DA:429,3
DA:430,3
DA:434,3
DA:435,3
DA:437,3
DA:438,3
DA:439,3
DA:440,3
DA:441,3
DA:442,3
DA:443,3
DA:445,3
DA:446,3
DA:447,3
DA:448,3
DA:450,3
DA:451,3
DA:452,3
DA:453,3
DA:454,3
DA:456,3
DA:457,3
DA:458,3
DA:459,3
DA:460,3
DA:461,3
DA:462,3
DA:463,3
DA:465,3
DA:467,177
DA:472,3
DA:474,3
DA:476,3
DA:477,3
DA:482,3
DA:483,3
DA:484,3
DA:485,3
DA:488,3
DA:489,3
DA:490,3
DA:491,3
DA:492,3
DA:493,3
DA:494,3
DA:495,3
DA:496,3
DA:497,3
DA:498,3
DA:499,3
DA:501,3
DA:502,3
DA:503,3
DA:504,3
DA:507,8
DA:508,6
DA:511,3
DA:512,3
DA:515,3
DA:516,3
DA:517,3
DA:518,3
DA:519,3
DA:521,3
DA:522,3
DA:525,3
DA:526,3
DA:530,3
DA:531,3
DA:533,3
DA:534,3
DA:536,5
DA:538,3
DA:539,3
DA:540,3
DA:541,3
DA:542,3
DA:543,3
DA:544,3
DA:545,3
DA:546,3
DA:547,3
DA:548,3
DA:552,1
DA:554,1
DA:556,1
DA:559,3
DA:560,3
DA:561,3
DA:562,3
DA:563,3
DA:565,3
DA:566,3
DA:567,3
DA:572,1
DA:573,3
DA:574,3
DA:575,3
DA:576,3
DA:580,3
DA:581,3
DA:582,3
DA:583,3
DA:590,3
DA:591,3
DA:592,3
DA:593,3
DA:594,3
DA:600,1
DA:602,4
DA:604,4
DA:606,4
DA:608,4
DA:609,3
DA:629,1
DA:631,8
DA:633,1
DA:639,1
DA:641,12
DA:643,12
DA:648,1
DA:650,1
DA:652,1
DA:653,8
DA:654,1
DA:655,48
DA:656,48
DA:665,1
DA:667,8
DA:669,8
DA:671,8
DA:674,1
DA:675,1
DA:676,1
DA:677,1
DA:679,3
DA:680,3
DA:681,3
DA:685,3
DA:686,3
DA:687,3
DA:688,3
DA:694,1
DA:696,8
DA:698,8
DA:700,8
DA:703,1
DA:704,1
DA:705,1
DA:706,1
DA:708,3
DA:709,3
DA:710,3
DA:714,3
DA:715,3
DA:716,3
DA:717,3
DA:719,3
DA:720,3
DA:721,3
DA:722,3
DA:723,1
DA:725,0
DA:730,3
LF:436
LH:433
BRDA:362,0,0,7
BRDA:362,0,1,0
BRDA:362,1,0,7
BRDA:362,1,1,0
BRDA:363,2,0,3
BRDA:363,2,1,4
BRDA:507,3,0,6
BRDA:507,3,1,2
BRDA:674,4,0,1
BRDA:674,4,1,1
BRDA:703,5,0,1
BRDA:703,5,1,1
BRF:12
BRH:10
end_of_record
TN:
SF:..\core\src\shared-tests\deleteAll.ts
FN:5,deleteAll
FN:6,(anonymous_2)
FNF:2
FNH:2
FNDA:109,deleteAll
FNDA:3,(anonymous_2)
DA:6,109
DA:7,109
LF:2
LH:2
BRF:0
BRH:0
end_of_record
TN:
SF:..\core\src\shared-tests\entityWithValidations.ts
FN:23,(anonymous_0)
FN:27,(anonymous_1)
FN:9,(anonymous_3)
FN:9,(anonymous_4)
FNF:4
FNH:4
FNDA:224,(anonymous_0)
FNDA:24,(anonymous_1)
FNDA:149,(anonymous_3)
FNDA:149,(anonymous_4)
DA:6,1
DA:9,149
DA:10,149
DA:11,4
DA:12,149
DA:13,113
DA:17,1
DA:19,1
DA:21,1
DA:22,1
DA:23,224
DA:24,224
DA:28,24
DA:29,24
DA:30,24
DA:31,24
DA:32,24
DA:33,24
DA:34,24
DA:35,24
DA:36,24
DA:37,24
DA:38,24
DA:39,24
DA:40,24
DA:41,24
DA:42,24
DA:43,24
DA:44,24
DA:45,24
LF:30
LH:30
BRDA:10,0,0,4
BRDA:10,0,1,145
BRDA:10,1,0,149
BRDA:10,1,1,149
BRDA:12,2,0,113
BRDA:12,2,1,36
BRF:6
BRH:6
end_of_record
TN:
SF:..\core\src\tests\Done.ts
FN:3,(anonymous_0)
FN:5,(anonymous_1)
FN:8,(anonymous_2)
FNF:3
FNH:3
FNDA:101,(anonymous_0)
FNDA:98,(anonymous_1)
FNDA:96,(anonymous_2)
DA:4,101
DA:6,98
DA:9,96
LF:3
LH:3
BRDA:8,0,0,94
BRF:1
BRH:1
end_of_record
TN:
SF:..\core\src\tests\TestDataApiResponse.ts
FN:5,(anonymous_0)
FN:7,(anonymous_1)
FN:10,(anonymous_2)
FN:13,(anonymous_3)
FN:16,(anonymous_4)
FN:19,(anonymous_5)
FN:22,(anonymous_6)
FNF:7
FNH:7
FNDA:1,(anonymous_0)
FNDA:1,(anonymous_1)
FNDA:1,(anonymous_2)
FNDA:1,(anonymous_3)
FNDA:1,(anonymous_4)
FNDA:1,(anonymous_5)
FNDA:1,(anonymous_6)
DA:8,1
DA:11,1
DA:14,1
DA:17,1
DA:20,1
DA:23,1
LF:6
LH:6
BRF:0
BRH:0
end_of_record
TN:
SF:..\core\src\tests\c.ts
FN:11,(anonymous_0)
FNF:1
FNH:1
FNDA:39,(anonymous_0)
DA:6,1
DA:8,1
DA:10,1
DA:11,39
DA:12,39
LF:5
LH:5
BRF:0
BRH:0
end_of_record
TN:
SF:..\core\src\tests\createData.ts
FN:8,createData
FN:17,(anonymous_2)
FN:17,(anonymous_3)
FNF:3
FNH:3
FNDA:108,createData
FNDA:297,(anonymous_2)
FNDA:297,(anonymous_3)
DA:11,108
DA:12,108
DA:13,108
DA:14,71
DA:15,108
DA:16,108
DA:17,297
DA:19,297
DA:20,297
DA:21,297
DA:22,297
DA:23,297
DA:24,12
DA:25,297
DA:28,108
LF:15
LH:15
BRDA:13,0,0,71
BRDA:13,0,1,37
BRDA:16,1,0,107
BRDA:16,1,1,1
BRDA:23,2,0,12
BRDA:23,2,1,285
BRF:6
BRH:6
end_of_record
TN:
SF:..\core\src\tests\d.ts
FNF:0
FNH:0
DA:11,1
DA:13,1
DA:15,1
DA:17,1
LF:4
LH:4
BRF:0
BRH:0
end_of_record
TN:
SF:..\core\src\tests\dWithPrefilter.ts
FN:19,(anonymous_0)
FNF:1
FNH:1
FNDA:1,(anonymous_0)
DA:11,1
DA:13,1
DA:15,1
DA:17,1
DA:19,1
DA:20,1
DA:21,1
LF:7
LH:7
BRF:0
BRH:0
end_of_record
TN:
SF:..\core\src\tests\entityForCustomFilter.ts
FN:17,(anonymous_0)
FN:17,(anonymous_1)
FN:30,(anonymous_2)
FN:30,(anonymous_3)
FN:31,(anonymous_4)
FN:38,(anonymous_5)
FN:39,(anonymous_6)
FN:40,(anonymous_7)
FNF:8
FNH:8
FNDA:8,(anonymous_0)
FNDA:8,(anonymous_1)
FNDA:1,(anonymous_2)
FNDA:1,(anonymous_3)
FNDA:15,(anonymous_4)
FNDA:4,(anonymous_5)
FNDA:4,(anonymous_6)
FNDA:4,(anonymous_7)
DA:10,1
DA:12,1
DA:13,1
DA:17,8
DA:19,8
DA:20,8
DA:21,4
DA:22,8
DA:23,0
DA:24,8
DA:25,4
DA:26,4
DA:27,4
DA:30,1
DA:31,15
DA:36,8
DA:38,4
DA:39,4
DA:40,4
DA:44,1
LF:20
LH:19
BRDA:20,0,0,4
BRDA:20,0,1,4
BRDA:22,1,0,0
BRDA:22,1,1,8
BRDA:24,2,0,4
BRDA:24,2,1,4
BRDA:31,3,0,15
BRDA:31,3,1,12
BRF:8
BRH:7
end_of_record
TN:
SF:..\core\src\tests\entityWithValidationsOnColumn.ts
FN:9,(anonymous_0)
FNF:1
FNH:1
FNDA:13,(anonymous_0)
DA:5,1
DA:7,1
DA:10,13
DA:11,5
DA:14,1
LF:5
LH:5
BRDA:10,0,0,5
BRDA:10,0,1,8
BRDA:10,1,0,13
BRDA:10,1,1,13
BRF:4
BRH:4
end_of_record
TN:
SF:..\core\src\tests\h.ts
FN:24,(anonymous_0)
FN:7,(anonymous_1)
FN:8,(anonymous_2)
FN:12,(anonymous_3)
FNF:4
FNH:4
FNDA:10,(anonymous_0)
FNDA:93,(anonymous_1)
FNDA:68,(anonymous_2)
FNDA:20,(anonymous_3)
DA:7,93
DA:8,68
DA:13,20
DA:14,7
DA:17,13
DA:21,1
DA:23,1
DA:24,10
DA:25,1
DA:27,1
LF:10
LH:10
BRDA:7,0,0,40
BRDA:7,0,1,53
BRDA:8,1,0,30
BRDA:8,1,1,38
BRDA:13,2,0,7
BRDA:13,2,1,13
BRF:6
BRH:6
end_of_record
TN:
SF:..\core\src\tests\remult-3-entities.ts
FN:39,(anonymous_1)
FN:43,(anonymous_2)
FN:46,(anonymous_3)
FNF:3
FNH:3
FNDA:144,(anonymous_1)
FNDA:144,(anonymous_2)
FNDA:206,(anonymous_3)
DA:5,1
DA:7,1
DA:9,1
DA:11,1
DA:13,1
DA:15,1
DA:29,1
DA:33,1036
DA:35,1
DA:37,1
DA:39,144
DA:41,1
DA:43,144
DA:45,1
DA:46,206
DA:47,1
LF:16
LH:16
BRDA:39,0,0,143
BRDA:39,0,1,1
BRDA:43,1,0,143
BRDA:43,1,1,1
BRF:4
BRH:4
end_of_record
TN:
SF:..\core\src\tests\tasks.ts
FNF:0
FNH:0
DA:4,1
DA:6,1
DA:8,1
DA:10,20
LF:4
LH:4
BRF:0
BRH:0
end_of_record
TN:
SF:..\core\src\tests\testModel\models.ts
FN:9,(anonymous_0)
FN:18,(anonymous_1)
FNF:2
FNH:2
FNDA:3,(anonymous_0)
FNDA:3,(anonymous_1)
DA:5,1
DA:6,1
DA:7,1
DA:8,1
DA:9,3
DA:14,1
DA:15,1
DA:16,1
DA:17,1
DA:18,3
LF:10
LH:10
BRF:0
BRH:0
end_of_record
