TN:
SF:..\core\src\column.ts
FN:14,makeTitle
FN:19,(anonymous_1)
FN:29,(anonymous_2)
FN:32,(anonymous_3)
FN:35,(anonymous_4)
FN:37,(anonymous_5)
FN:45,(anonymous_6)
FN:61,(anonymous_7)
FN:65,(anonymous_8)
FN:72,(anonymous_9)
FN:73,(anonymous_10)
FN:77,(anonymous_11)
FN:135,(anonymous_12)
FN:97,(anonymous_13)
FN:102,(anonymous_14)
FN:107,(anonymous_15)
FN:112,(anonymous_16)
FN:138,(anonymous_17)
FN:142,(anonymous_18)
FN:149,(anonymous_20)
FN:156,(anonymous_21)
FN:160,(anonymous_22)
FN:165,(anonymous_24)
FN:172,(anonymous_25)
FN:175,(anonymous_27)
FNF:25
FNH:25
FNDA:2869,makeTitle
FNDA:2869,(anonymous_1)
FNDA:14,(anonymous_2)
FNDA:1,(anonymous_3)
FNDA:19,(anonymous_4)
FNDA:38,(anonymous_5)
FNDA:1,(anonymous_6)
FNDA:7,(anonymous_7)
FNDA:14,(anonymous_8)
FNDA:2,(anonymous_9)
FNDA:2,(anonymous_10)
FNDA:4,(anonymous_11)
FNDA:198,(anonymous_12)
FNDA:1,(anonymous_13)
FNDA:206,(anonymous_14)
FNDA:182,(anonymous_15)
FNDA:218,(anonymous_16)
FNDA:179,(anonymous_17)
FNDA:185,(anonymous_18)
FNDA:2,(anonymous_20)
FNDA:1,(anonymous_21)
FNDA:3,(anonymous_22)
FNDA:2,(anonymous_24)
FNDA:2,(anonymous_25)
FNDA:1,(anonymous_27)
DA:17,2869
DA:19,2869
DA:30,14
DA:33,1
DA:36,19
DA:37,19
DA:38,38
DA:39,19
DA:40,38
DA:42,19
DA:46,1
DA:62,7
DA:63,7
DA:64,7
DA:65,7
DA:66,14
DA:68,7
DA:73,2
DA:74,2
DA:75,2
DA:76,1
DA:77,2
DA:78,4
DA:79,4
DA:80,2
DA:81,4
DA:82,4
DA:83,4
DA:98,1
DA:99,1
DA:100,1
DA:103,206
DA:104,79
DA:105,127
DA:108,182
DA:109,35
DA:110,147
DA:113,218
DA:114,75
DA:115,6
DA:117,69
DA:118,69
DA:119,67
DA:120,67
DA:123,2
DA:127,143
DA:128,1
DA:131,142
DA:135,198
DA:140,179
DA:143,185
DA:146,1
DA:149,2
DA:150,2
DA:157,1
DA:158,1
DA:161,3
DA:162,1
DA:163,2
DA:164,2
DA:165,2
DA:166,2
DA:167,2
DA:168,2
DA:173,2
DA:176,1
DA:177,1
DA:178,1
DA:180,1
LF:69
LH:69
BRDA:38,0,0,19
BRDA:38,0,1,19
BRDA:75,1,0,1
BRDA:75,1,1,1
BRDA:79,2,0,2
BRDA:79,2,1,2
BRDA:81,3,0,4
BRDA:81,3,1,0
BRDA:98,4,0,1
BRDA:98,4,1,0
BRDA:103,5,0,79
BRDA:103,5,1,127
BRDA:103,6,0,206
BRDA:103,6,1,145
BRDA:108,7,0,35
BRDA:108,7,1,147
BRDA:108,8,0,182
BRDA:108,8,1,149
BRDA:113,9,0,75
BRDA:113,9,1,143
BRDA:114,10,0,6
BRDA:114,10,1,69
BRDA:114,11,0,75
BRDA:114,11,1,73
BRDA:118,12,0,67
BRDA:118,12,1,2
BRDA:127,13,0,1
BRDA:127,13,1,142
BRDA:161,14,0,1
BRDA:161,14,1,2
BRDA:163,15,0,2
BRDA:163,15,1,0
BRF:32
BRH:29
end_of_record
TN:
SF:..\core\src\context.ts
FN:17,(anonymous_0)
FN:20,(anonymous_1)
FN:21,(anonymous_3)
FN:23,(anonymous_4)
FN:26,(anonymous_5)
FN:29,(anonymous_6)
FN:30,(anonymous_8)
FN:33,retry
FN:41,(anonymous_11)
FN:42,(anonymous_12)
FN:53,toPromise
FN:60,(anonymous_14)
FN:64,(anonymous_15)
FN:64,(anonymous_16)
FN:69,processHttpException
FN:103,isBackend
FN:228,(anonymous_20)
FN:114,(anonymous_21)
FN:129,(anonymous_22)
FN:140,(anonymous_23)
FN:164,(anonymous_25)
FN:173,(anonymous_26)
FN:202,(anonymous_27)
FN:217,(anonymous_28)
FN:256,(anonymous_29)
FN:261,(anonymous_30)
FN:260,(anonymous_31)
FN:275,(anonymous_32)
FN:278,(anonymous_33)
FN:283,setControllerSettings
FN:311,(anonymous_35)
FN:312,(anonymous_36)
FN:334,(anonymous_37)
FN:342,(anonymous_38)
FN:342,(anonymous_39)
FN:345,(anonymous_40)
FN:346,(anonymous_41)
FN:336,(anonymous_42)
FNF:38
FNH:38
FNDA:54,(anonymous_0)
FNDA:125,(anonymous_1)
FNDA:125,(anonymous_3)
FNDA:1,(anonymous_4)
FNDA:9,(anonymous_5)
FNDA:82,(anonymous_6)
FNDA:82,(anonymous_8)
FNDA:216,retry
FNDA:1,(anonymous_11)
FNDA:1,(anonymous_12)
FNDA:221,toPromise
FNDA:220,(anonymous_14)
FNDA:1,(anonymous_15)
FNDA:1,(anonymous_16)
FNDA:11,processHttpException
FNDA:1758,isBackend
FNDA:795,(anonymous_20)
FNDA:959,(anonymous_21)
FNDA:41,(anonymous_22)
FNDA:11,(anonymous_23)
FNDA:5,(anonymous_25)
FNDA:458,(anonymous_26)
FNDA:206,(anonymous_27)
FNDA:1,(anonymous_28)
FNDA:444,(anonymous_29)
FNDA:3,(anonymous_30)
FNDA:667,(anonymous_31)
FNDA:6,(anonymous_32)
FNDA:12,(anonymous_33)
FNDA:141,setControllerSettings
FNDA:1,(anonymous_35)
FNDA:2,(anonymous_36)
FNDA:795,(anonymous_37)
FNDA:1,(anonymous_38)
FNDA:1,(anonymous_39)
FNDA:1,(anonymous_40)
FNDA:1,(anonymous_41)
FNDA:11,(anonymous_42)
DA:17,54
DA:21,125
DA:24,1
DA:27,9
DA:30,82
DA:34,216
DA:35,217
DA:36,217
DA:38,7
DA:41,1
DA:42,1
DA:43,1
DA:46,1
DA:48,6
DA:55,221
DA:56,1
DA:59,220
DA:60,221
DA:61,220
DA:62,1
DA:63,219
DA:64,1
DA:65,1
DA:70,11
DA:72,11
DA:73,6
DA:75,5
DA:76,5
DA:77,2
DA:79,3
DA:82,11
DA:83,1
DA:84,11
DA:85,1
DA:86,11
DA:87,6
DA:91,11
DA:92,11
DA:93,1
DA:94,11
DA:95,9
DA:97,11
DA:100,11
DA:104,1758
DA:115,959
DA:116,952
DA:117,959
DA:118,959
DA:119,500
DA:121,959
DA:122,959
DA:124,592
DA:126,959
DA:130,41
DA:131,12
DA:137,29
DA:141,11
DA:142,11
DA:143,11
DA:144,8
DA:145,2
DA:146,8
DA:147,1
DA:150,11
DA:151,1
DA:152,11
DA:162,795
DA:165,5
DA:174,458
DA:175,88
DA:176,370
DA:177,9
DA:178,13
DA:179,5
DA:182,4
DA:185,361
DA:186,3
DA:188,358
DA:189,333
DA:190,25
DA:191,25
DA:192,12
DA:195,13
DA:203,206
DA:205,1
DA:206,2
DA:207,1
DA:211,205
DA:212,11
DA:213,194
DA:218,1
DA:221,795
DA:230,795
DA:231,41
DA:232,41
DA:235,754
DA:237,754
DA:238,1
DA:241,754
DA:242,753
DA:244,754
DA:245,754
DA:246,1
DA:252,1
DA:257,444
DA:260,1
DA:262,3
DA:269,1
DA:274,1
DA:276,6
DA:279,12
DA:284,141
DA:285,141
DA:286,477
DA:287,477
DA:288,6
DA:289,12
DA:292,477
DA:293,477
DA:294,141
DA:295,336
DA:311,1
DA:312,2
DA:325,1
DA:335,795
DA:337,11
DA:338,1
DA:341,795
DA:342,1
DA:343,1
DA:344,1
DA:345,1
DA:346,1
LF:133
LH:133
BRDA:38,0,0,1
BRDA:38,0,1,6
BRDA:38,1,0,7
BRDA:38,1,1,6
BRDA:38,1,2,6
BRDA:38,2,0,2
BRDA:38,2,1,5
BRDA:38,3,0,7
BRDA:38,3,1,7
BRDA:39,4,0,2
BRDA:39,4,1,4
BRDA:38,5,0,6
BRDA:38,5,1,6
BRDA:40,6,0,2
BRDA:40,6,1,4
BRDA:39,7,0,6
BRDA:39,7,1,6
BRDA:55,8,0,1
BRDA:55,8,1,220
BRDA:61,9,0,1
BRDA:61,9,1,219
BRDA:61,10,0,220
BRDA:61,10,1,219
BRDA:61,10,2,218
BRDA:61,10,3,1
BRDA:61,10,4,1
BRDA:61,10,5,1
BRDA:72,11,0,6
BRDA:72,11,1,5
BRDA:75,12,0,5
BRDA:75,12,1,0
BRDA:76,13,0,2
BRDA:76,13,1,3
BRDA:76,14,0,1
BRDA:76,14,1,4
BRDA:76,15,0,5
BRDA:76,15,1,5
BRDA:79,16,0,1
BRDA:79,16,1,2
BRDA:79,17,0,3
BRDA:79,17,1,3
BRDA:79,18,0,0
BRDA:79,18,1,3
BRDA:79,19,0,3
BRDA:79,19,1,3
BRDA:82,20,0,1
BRDA:82,20,1,10
BRDA:84,21,0,1
BRDA:84,21,1,10
BRDA:84,22,0,11
BRDA:84,22,1,1
BRDA:86,23,0,6
BRDA:86,23,1,5
BRDA:92,24,0,1
BRDA:92,24,1,10
BRDA:93,25,0,1
BRDA:93,25,1,0
BRDA:93,26,0,1
BRDA:93,26,1,1
BRDA:94,27,0,9
BRDA:94,27,1,2
BRDA:94,28,0,11
BRDA:94,28,1,10
BRDA:230,29,0,41
BRDA:230,29,1,754
BRDA:230,30,0,795
BRDA:230,30,1,42
BRDA:237,31,0,1
BRDA:237,31,1,753
BRDA:241,32,0,753
BRDA:241,32,1,1
BRDA:245,33,0,1
BRDA:245,33,1,753
BRDA:115,34,0,952
BRDA:115,34,1,7
BRDA:118,35,0,500
BRDA:118,35,1,459
BRDA:122,36,0,592
BRDA:122,36,1,367
BRDA:130,37,0,12
BRDA:130,37,1,29
BRDA:143,38,0,8
BRDA:143,38,1,3
BRDA:144,39,0,2
BRDA:144,39,1,6
BRDA:144,40,0,8
BRDA:144,40,1,5
BRDA:146,41,0,1
BRDA:146,41,1,7
BRDA:146,42,0,8
BRDA:146,42,1,2
BRDA:150,43,0,1
BRDA:150,43,1,10
BRDA:150,44,0,11
BRDA:150,44,1,8
BRDA:174,45,0,88
BRDA:174,45,1,370
BRDA:176,46,0,9
BRDA:176,46,1,361
BRDA:178,47,0,5
BRDA:178,47,1,8
BRDA:185,48,0,3
BRDA:185,48,1,358
BRDA:188,49,0,333
BRDA:188,49,1,25
BRDA:190,50,0,25
BRDA:190,50,1,0
BRDA:191,51,0,12
BRDA:191,51,1,13
BRDA:203,52,0,1
BRDA:203,52,1,205
BRDA:206,53,0,1
BRDA:206,53,1,1
BRDA:211,54,0,11
BRDA:211,54,1,194
BRDA:287,55,0,6
BRDA:287,55,1,471
BRDA:293,56,0,141
BRDA:293,56,1,336
BRF:119
BRH:115
end_of_record
TN:
SF:..\core\src\data-api.ts
FN:11,(anonymous_0)
FN:13,(anonymous_1)
FN:19,(anonymous_2)
FN:30,(anonymous_3)
FN:35,(anonymous_5)
FN:35,(anonymous_6)
FN:37,(anonymous_7)
FN:51,(anonymous_9)
FN:57,(anonymous_11)
FN:64,(anonymous_12)
FN:65,(anonymous_13)
FN:66,(anonymous_14)
FN:70,(anonymous_15)
FN:71,(anonymous_16)
FN:72,(anonymous_17)
FN:73,(anonymous_18)
FN:74,(anonymous_19)
FN:75,(anonymous_20)
FN:76,(anonymous_21)
FN:77,(anonymous_22)
FN:78,(anonymous_23)
FN:80,(anonymous_24)
FN:104,(anonymous_25)
FN:104,(anonymous_26)
FN:105,(anonymous_27)
FN:105,(anonymous_28)
FN:112,(anonymous_29)
FN:122,(anonymous_31)
FN:137,(anonymous_32)
FN:145,(anonymous_34)
FN:145,(anonymous_35)
FN:157,(anonymous_36)
FN:159,(anonymous_38)
FN:159,(anonymous_39)
FN:171,(anonymous_40)
FN:172,(anonymous_42)
FN:172,(anonymous_43)
FN:184,(anonymous_44)
FN:220,determineSort
FN:225,(anonymous_47)
FN:238,serializeError
FNF:41
FNH:29
FNDA:135,(anonymous_0)
FNDA:81,(anonymous_1)
FNDA:125,(anonymous_2)
FNDA:9,(anonymous_3)
FNDA:6,(anonymous_5)
FNDA:6,(anonymous_6)
FNDA:31,(anonymous_7)
FNDA:90,(anonymous_9)
FNDA:88,(anonymous_11)
FNDA:0,(anonymous_12)
FNDA:0,(anonymous_13)
FNDA:2,(anonymous_14)
FNDA:0,(anonymous_15)
FNDA:0,(anonymous_16)
FNDA:0,(anonymous_17)
FNDA:0,(anonymous_18)
FNDA:0,(anonymous_19)
FNDA:0,(anonymous_20)
FNDA:0,(anonymous_21)
FNDA:0,(anonymous_22)
FNDA:0,(anonymous_23)
FNDA:0,(anonymous_24)
FNDA:88,(anonymous_25)
FNDA:88,(anonymous_26)
FNDA:123,(anonymous_27)
FNDA:123,(anonymous_28)
FNDA:119,(anonymous_29)
FNDA:4319,(anonymous_31)
FNDA:56,(anonymous_32)
FNDA:56,(anonymous_34)
FNDA:56,(anonymous_35)
FNDA:36,(anonymous_36)
FNDA:34,(anonymous_38)
FNDA:34,(anonymous_39)
FNDA:12,(anonymous_40)
FNDA:10,(anonymous_42)
FNDA:10,(anonymous_43)
FNDA:129,(anonymous_44)
FNDA:14,determineSort
FNDA:22,(anonymous_47)
FNDA:5,serializeError
DA:11,135
DA:14,81
DA:15,25
DA:17,56
DA:20,125
DA:22,8
DA:24,1
DA:26,116
DA:29,1
DA:31,9
DA:32,1
DA:33,1
DA:35,8
DA:38,31
DA:39,1
DA:40,1
DA:42,30
DA:44,30
DA:46,0
DA:52,90
DA:53,1
DA:54,1
DA:56,89
DA:57,89
DA:58,89
DA:59,89
DA:60,2
DA:61,2
DA:62,2
DA:63,2
DA:67,2
DA:68,1
DA:83,2
DA:84,1
DA:85,1
DA:88,88
DA:90,86
DA:91,86
DA:92,14
DA:93,14
DA:96,86
DA:97,86
DA:98,0
DA:99,86
DA:100,86
DA:103,88
DA:104,88
DA:105,123
DA:109,0
DA:113,119
DA:114,119
DA:115,14
DA:116,3
DA:118,11
DA:120,119
DA:121,117
DA:123,4319
DA:124,4319
DA:125,9
DA:126,4310
DA:130,119
DA:131,16
DA:132,119
DA:138,56
DA:142,56
DA:145,56
DA:146,56
DA:147,6
DA:148,50
DA:149,0
DA:151,50
DA:154,12
DA:159,36
DA:160,34
DA:161,34
DA:162,34
DA:163,1
DA:164,1
DA:166,33
DA:167,24
DA:172,12
DA:174,10
DA:175,2
DA:176,2
DA:178,8
DA:179,5
DA:186,129
DA:187,129
DA:188,129
DA:189,129
DA:190,1
DA:191,1
DA:194,128
DA:195,125
DA:197,3
DA:221,14
DA:222,14
DA:223,14
DA:224,14
DA:225,14
DA:226,22
DA:227,22
DA:228,3
DA:230,19
DA:232,14
DA:239,5
DA:240,2
DA:242,5
DA:243,5
DA:244,1
DA:245,5
DA:246,0
DA:247,5
LF:113
LH:108
BRDA:14,0,0,25
BRDA:14,0,1,56
BRDA:21,1,0,8
BRDA:21,1,1,1
BRDA:21,1,2,116
BRDA:31,2,0,1
BRDA:31,2,1,8
BRDA:38,3,0,1
BRDA:38,3,1,30
BRDA:52,4,0,1
BRDA:52,4,1,89
BRDA:59,5,0,2
BRDA:59,5,1,87
BRDA:62,6,0,2
BRDA:62,6,1,0
BRDA:67,7,0,1
BRDA:67,7,1,1
BRDA:83,8,0,1
BRDA:83,8,1,1
BRDA:88,9,0,86
BRDA:88,9,1,2
BRDA:91,10,0,14
BRDA:91,10,1,72
BRDA:97,11,0,0
BRDA:97,11,1,86
BRDA:97,12,0,86
BRDA:97,12,1,60
BRDA:114,13,0,14
BRDA:114,13,1,105
BRDA:115,14,0,3
BRDA:115,14,1,11
BRDA:120,15,0,117
BRDA:120,15,1,2
BRDA:124,16,0,9
BRDA:124,16,1,4310
BRDA:124,17,0,4319
BRDA:124,17,1,44
BRDA:130,18,0,16
BRDA:130,18,1,103
BRDA:146,19,0,6
BRDA:146,19,1,50
BRDA:148,20,0,0
BRDA:148,20,1,50
BRDA:162,21,0,1
BRDA:162,21,1,33
BRDA:174,22,0,2
BRDA:174,22,1,8
BRDA:189,23,0,1
BRDA:189,23,1,128
BRDA:222,24,0,14
BRDA:222,24,1,0
BRDA:227,25,0,3
BRDA:227,25,1,19
BRDA:227,26,0,22
BRDA:227,26,1,22
BRDA:239,27,0,2
BRDA:239,27,1,3
BRDA:243,28,0,1
BRDA:243,28,1,4
BRDA:243,29,0,5
BRDA:243,29,1,1
BRDA:245,30,0,0
BRDA:245,30,1,5
BRF:63
BRH:58
end_of_record
TN:
SF:..\core\src\id-entity.ts
FNF:0
FNH:0
DA:5,1
LF:1
LH:1
BRF:0
BRH:0
end_of_record
TN:
SF:..\core\src\server-action.ts
FN:31,(anonymous_0)
FN:36,(anonymous_1)
FN:45,(anonymous_3)
FN:45,(anonymous_4)
FN:48,(anonymous_5)
FN:48,(anonymous_6)
FN:75,(anonymous_7)
FN:76,(anonymous_8)
FN:76,(anonymous_9)
FN:93,(anonymous_10)
FN:100,(anonymous_11)
FN:104,(anonymous_12)
FN:107,(anonymous_14)
FN:107,(anonymous_15)
FN:140,(anonymous_16)
FN:141,(anonymous_17)
FN:142,(anonymous_18)
FN:143,(anonymous_19)
FN:174,Controller
FN:175,(anonymous_21)
FN:187,BackendMethod
FN:188,(anonymous_23)
FN:195,(anonymous_24)
FN:199,(anonymous_25)
FN:205,(anonymous_27)
FN:205,(anonymous_28)
FN:233,(anonymous_29)
FN:245,(anonymous_30)
FN:245,(anonymous_31)
FN:247,(anonymous_32)
FN:257,(anonymous_33)
FN:257,(anonymous_34)
FN:330,(anonymous_35)
FN:345,(anonymous_37)
FN:372,(anonymous_39)
FN:407,isCustomUndefined
FN:423,(anonymous_42)
FN:424,(anonymous_43)
FN:428,prepareArgsToSend
FN:453,(anonymous_45)
FN:456,prepareReceivedArgs
FNF:41
FNH:26
FNDA:21,(anonymous_0)
FNDA:22,(anonymous_1)
FNDA:0,(anonymous_3)
FNDA:0,(anonymous_4)
FNDA:0,(anonymous_5)
FNDA:0,(anonymous_6)
FNDA:132,(anonymous_7)
FNDA:7,(anonymous_8)
FNDA:7,(anonymous_9)
FNDA:0,(anonymous_10)
FNDA:6,(anonymous_11)
FNDA:7,(anonymous_12)
FNDA:7,(anonymous_14)
FNDA:7,(anonymous_15)
FNDA:0,(anonymous_16)
FNDA:0,(anonymous_17)
FNDA:0,(anonymous_18)
FNDA:0,(anonymous_19)
FNDA:3,Controller
FNDA:3,(anonymous_21)
FNDA:18,BackendMethod
FNDA:18,(anonymous_23)
FNDA:7,(anonymous_24)
FNDA:7,(anonymous_25)
FNDA:0,(anonymous_27)
FNDA:0,(anonymous_28)
FNDA:264,(anonymous_29)
FNDA:15,(anonymous_30)
FNDA:15,(anonymous_31)
FNDA:1,(anonymous_32)
FNDA:15,(anonymous_33)
FNDA:15,(anonymous_34)
FNDA:17,(anonymous_35)
FNDA:0,(anonymous_37)
FNDA:0,(anonymous_39)
FNDA:10,isCustomUndefined
FNDA:0,(anonymous_42)
FNDA:0,(anonymous_43)
FNDA:25,prepareArgsToSend
FNDA:10,(anonymous_45)
FNDA:22,prepareReceivedArgs
DA:31,21
DA:34,1
DA:38,22
DA:39,17
DA:40,17
DA:42,0
DA:43,0
DA:45,0
DA:46,0
DA:47,0
DA:48,0
DA:49,0
DA:51,0
DA:52,0
DA:53,0
DA:57,0
DA:58,0
DA:59,0
DA:60,0
DA:64,0
DA:68,17
DA:76,132
DA:78,7
DA:79,7
DA:80,6
DA:83,1
DA:84,0
DA:86,1
DA:94,0
DA:100,6
DA:101,6
DA:105,7
DA:106,7
DA:107,7
DA:108,7
DA:109,7
DA:110,0
DA:112,7
DA:113,7
DA:114,7
DA:119,1
DA:122,6
DA:137,1
DA:140,0
DA:141,0
DA:148,1
DA:172,1
DA:173,1
DA:175,3
DA:176,3
DA:177,3
DA:178,3
DA:182,3
DA:188,18
DA:189,18
DA:190,6
DA:192,6
DA:195,7
DA:199,6
DA:200,7
DA:203,7
DA:204,7
DA:205,0
DA:208,7
DA:211,0
DA:213,6
DA:214,6
DA:217,6
DA:221,12
DA:222,12
DA:223,12
DA:224,6
DA:225,6
DA:227,12
DA:228,12
DA:229,12
DA:230,12
DA:231,12
DA:235,264
DA:236,264
DA:237,264
DA:240,264
DA:241,0
DA:245,264
DA:247,15
DA:248,15
DA:251,15
DA:252,15
DA:254,15
DA:257,15
DA:258,15
DA:259,15
DA:260,15
DA:261,8
DA:264,8
DA:265,4
DA:266,4
DA:267,4
DA:272,4
DA:278,4
DA:279,1
DA:280,3
DA:281,3
DA:283,7
DA:284,0
DA:285,7
DA:286,7
DA:287,6
DA:288,6
DA:298,0
DA:302,7
DA:303,7
DA:304,7
DA:305,7
DA:306,0
DA:308,7
DA:309,6
DA:310,6
DA:315,1
DA:320,11
DA:323,4
DA:330,12
DA:331,17
DA:332,17
DA:333,17
DA:335,17
DA:336,9
DA:337,9
DA:338,8
DA:339,8
DA:340,0
DA:342,8
DA:344,8
DA:346,0
DA:358,6
DA:359,6
DA:362,2
DA:363,0
DA:368,8
DA:369,8
DA:370,8
DA:371,7
DA:373,0
DA:379,5
DA:380,5
DA:383,3
DA:388,0
DA:390,12
DA:391,12
DA:394,12
DA:404,1
DA:408,10
DA:423,0
DA:425,0
DA:430,25
DA:431,25
DA:432,10
DA:433,10
DA:434,20
DA:435,0
DA:436,20
DA:437,2
DA:440,10
DA:441,7
DA:442,7
DA:443,7
DA:444,7
DA:445,7
DA:446,7
DA:447,2
DA:448,2
DA:453,25
DA:457,22
DA:458,9
DA:459,9
DA:460,2
DA:463,22
DA:464,22
DA:465,9
DA:466,0
DA:468,9
DA:470,2
DA:471,7
DA:472,0
DA:473,7
DA:474,0
DA:476,7
DA:477,7
DA:478,7
DA:479,7
DA:480,7
DA:481,7
DA:482,2
DA:483,1
DA:489,22
LF:195
LH:158
BRDA:40,0,0,0
BRDA:40,0,1,17
BRDA:40,1,0,17
BRDA:40,1,1,17
BRDA:46,2,0,0
BRDA:46,2,1,0
BRDA:47,3,0,0
BRDA:47,3,1,0
BRDA:52,4,0,0
BRDA:52,4,1,0
BRDA:57,5,0,0
BRDA:57,5,1,0
BRDA:83,6,0,0
BRDA:83,6,1,1
BRDA:109,7,0,0
BRDA:109,7,1,7
BRDA:189,8,0,6
BRDA:189,8,1,12
BRDA:200,9,0,7
BRDA:200,9,1,0
BRDA:204,10,0,0
BRDA:204,10,1,7
BRDA:223,11,0,6
BRDA:223,11,1,6
BRDA:240,12,0,0
BRDA:240,12,1,264
BRDA:245,13,0,264
BRDA:245,13,1,0
BRDA:247,14,0,0
BRDA:247,14,1,1
BRDA:260,15,0,8
BRDA:260,15,1,7
BRDA:264,16,0,4
BRDA:264,16,1,4
BRDA:278,17,0,1
BRDA:278,17,1,3
BRDA:283,18,0,0
BRDA:283,18,1,7
BRDA:305,19,0,0
BRDA:305,19,1,7
BRDA:331,20,0,17
BRDA:331,20,1,0
BRDA:335,21,0,9
BRDA:335,21,1,8
BRDA:339,22,0,0
BRDA:339,22,1,8
BRDA:348,23,0,8
BRDA:348,23,1,0
BRDA:375,24,0,7
BRDA:375,24,1,0
BRDA:408,25,0,10
BRDA:408,25,1,9
BRDA:430,26,0,25
BRDA:430,26,1,0
BRDA:434,27,0,0
BRDA:434,27,1,20
BRDA:436,28,0,2
BRDA:436,28,1,18
BRDA:440,29,0,7
BRDA:440,29,1,3
BRDA:443,30,0,7
BRDA:443,30,1,0
BRDA:446,31,0,2
BRDA:446,31,1,5
BRDA:453,32,0,8
BRDA:453,32,1,2
BRDA:459,33,0,2
BRDA:459,33,1,7
BRDA:463,34,0,22
BRDA:463,34,1,0
BRDA:465,35,0,0
BRDA:465,35,1,9
BRDA:468,36,0,2
BRDA:468,36,1,7
BRDA:468,37,0,9
BRDA:468,37,1,7
BRDA:471,38,0,0
BRDA:471,38,1,7
BRDA:471,39,0,7
BRDA:471,39,1,0
BRDA:473,40,0,0
BRDA:473,40,1,7
BRDA:478,41,0,7
BRDA:478,41,1,0
BRDA:481,42,0,2
BRDA:481,42,1,5
BRDA:482,43,0,1
BRDA:482,43,1,1
BRDA:482,44,0,2
BRDA:482,44,1,1
BRF:90
BRH:59
end_of_record
TN:
SF:..\core\src\sort.ts
FN:17,(anonymous_0)
FN:6,(anonymous_1)
FN:21,(anonymous_2)
FN:28,(anonymous_3)
FN:53,(anonymous_4)
FN:61,(anonymous_5)
FN:67,(anonymous_6)
FN:72,(anonymous_7)
FNF:8
FNH:7
FNDA:195,(anonymous_0)
FNDA:20,(anonymous_1)
FNDA:0,(anonymous_2)
FNDA:763,(anonymous_3)
FNDA:34,(anonymous_4)
FNDA:3,(anonymous_5)
FNDA:37,(anonymous_6)
FNDA:56,(anonymous_7)
DA:7,20
DA:8,20
DA:9,20
DA:10,1
DA:13,19
DA:15,20
DA:18,195
DA:22,0
DA:23,0
DA:24,0
DA:26,0
DA:29,763
DA:30,602
DA:32,161
DA:33,161
DA:34,161
DA:35,228
DA:36,228
DA:37,228
DA:38,228
DA:39,227
DA:41,21
DA:42,21
DA:44,206
DA:50,161
DA:54,34
DA:55,28
DA:56,34
DA:57,28
DA:59,34
DA:60,1
DA:61,3
DA:62,2
DA:67,37
DA:68,0
DA:70,34
DA:73,56
DA:74,9
DA:75,56
DA:76,6
DA:79,56
DA:80,5
DA:81,10
DA:82,5
DA:87,51
DA:88,8
DA:91,56
LF:47
LH:42
BRDA:9,0,0,1
BRDA:9,0,1,19
BRDA:29,1,0,602
BRDA:29,1,1,161
BRDA:32,2,0,161
BRDA:32,2,1,0
BRDA:35,3,0,228
BRDA:35,3,1,0
BRDA:38,4,0,227
BRDA:38,4,1,1
BRDA:40,5,0,21
BRDA:40,5,1,206
BRDA:54,6,0,28
BRDA:54,6,1,6
BRDA:54,7,0,34
BRDA:54,7,1,6
BRDA:56,8,0,28
BRDA:56,8,1,6
BRDA:59,9,0,1
BRDA:59,9,1,33
BRDA:61,10,0,2
BRDA:61,10,1,0
BRDA:67,11,0,0
BRDA:67,11,1,33
BRDA:73,12,0,9
BRDA:73,12,1,47
BRDA:73,13,0,56
BRDA:73,13,1,50
BRDA:75,14,0,6
BRDA:75,14,1,50
BRDA:79,15,0,5
BRDA:79,15,1,51
BRDA:81,16,0,5
BRDA:81,16,1,5
BRDA:87,17,0,8
BRDA:87,17,1,43
BRF:36
BRH:32
end_of_record
TN:
SF:..\core\src\test.ts
FNF:0
FNH:0
DA:15,1
DA:20,1
DA:22,1
LF:3
LH:3
BRF:0
BRH:0
end_of_record
TN:
SF:..\core\src\validators.ts
FN:5,(anonymous_0)
FN:9,(anonymous_1)
FN:10,(anonymous_2)
FN:14,(anonymous_3)
FN:14,(anonymous_4)
FN:22,(anonymous_5)
FN:23,(anonymous_6)
FN:27,(anonymous_7)
FN:27,(anonymous_8)
FN:31,(anonymous_9)
FN:32,(anonymous_10)
FNF:11
FNH:5
FNDA:20,(anonymous_0)
FNDA:1,(anonymous_1)
FNDA:1,(anonymous_2)
FNDA:10,(anonymous_3)
FNDA:10,(anonymous_4)
FNDA:0,(anonymous_5)
FNDA:0,(anonymous_6)
FNDA:0,(anonymous_7)
FNDA:0,(anonymous_8)
FNDA:0,(anonymous_9)
FNDA:0,(anonymous_10)
DA:5,1
DA:6,20
DA:7,6
DA:10,1
DA:14,10
DA:15,10
DA:16,0
DA:17,10
DA:18,10
DA:19,4
DA:23,0
DA:27,1
DA:28,0
DA:29,0
DA:32,0
LF:15
LH:10
BRDA:5,0,0,18
BRDA:6,1,0,6
BRDA:6,1,1,14
BRDA:6,2,0,20
BRDA:6,2,1,14
BRDA:6,2,2,14
BRDA:7,3,0,6
BRDA:7,3,1,4
BRDA:14,4,0,10
BRDA:15,5,0,0
BRDA:15,5,1,10
BRDA:17,6,0,10
BRDA:17,6,1,0
BRDA:17,7,0,10
BRDA:17,7,1,0
BRDA:18,8,0,4
BRDA:18,8,1,6
BRDA:19,9,0,4
BRDA:19,9,1,4
BRDA:27,10,0,0
BRDA:28,11,0,0
BRDA:28,11,1,0
BRF:22
BRH:16
end_of_record
TN:
SF:..\core\src\data-providers\array-entity-data-provider.ts
FN:18,(anonymous_0)
FN:10,(anonymous_1)
FN:29,(anonymous_2)
FN:48,(anonymous_3)
FN:64,(anonymous_5)
FN:68,(anonymous_7)
FN:75,(anonymous_8)
FN:97,(anonymous_9)
FN:101,(anonymous_10)
FN:108,(anonymous_11)
FN:116,(anonymous_12)
FN:117,(anonymous_13)
FN:123,(anonymous_14)
FN:144,(anonymous_15)
FN:154,(anonymous_16)
FN:167,(anonymous_18)
FN:178,pageArray
FN:189,(anonymous_20)
FN:199,(anonymous_21)
FN:200,(anonymous_22)
FN:206,(anonymous_23)
FN:209,(anonymous_24)
FN:219,(anonymous_25)
FN:223,(anonymous_26)
FN:227,(anonymous_27)
FN:236,(anonymous_28)
FN:242,(anonymous_29)
FN:247,(anonymous_30)
FN:252,(anonymous_31)
FN:258,(anonymous_32)
FN:263,(anonymous_33)
FN:267,(anonymous_34)
FNF:32
FNH:30
FNDA:408,(anonymous_0)
FNDA:5,(anonymous_1)
FNDA:879,(anonymous_2)
FNDA:142,(anonymous_3)
FNDA:535,(anonymous_5)
FNDA:988,(anonymous_7)
FNDA:188,(anonymous_8)
FNDA:521,(anonymous_9)
FNDA:1284,(anonymous_10)
FNDA:711,(anonymous_11)
FNDA:77,(anonymous_12)
FNDA:82,(anonymous_13)
FNDA:53,(anonymous_14)
FNDA:24,(anonymous_15)
FNDA:713,(anonymous_16)
FNDA:763,(anonymous_18)
FNDA:535,pageArray
FNDA:318,(anonymous_20)
FNDA:1657,(anonymous_21)
FNDA:35,(anonymous_22)
FNDA:0,(anonymous_23)
FNDA:142,(anonymous_24)
FNDA:2,(anonymous_25)
FNDA:0,(anonymous_26)
FNDA:147,(anonymous_27)
FNDA:908,(anonymous_28)
FNDA:69,(anonymous_29)
FNDA:70,(anonymous_30)
FNDA:136,(anonymous_31)
FNDA:40,(anonymous_32)
FNDA:10,(anonymous_33)
FNDA:71,(anonymous_34)
DA:11,5
DA:18,408
DA:19,408
DA:20,0
DA:22,408
DA:23,116
DA:30,879
DA:31,3644
DA:32,2803
DA:33,2375
DA:34,709
DA:35,709
DA:36,5
DA:37,704
DA:38,2
DA:39,702
DA:40,210
DA:41,709
DA:44,428
DA:45,23
DA:49,142
DA:50,142
DA:51,142
DA:52,388
DA:53,0
DA:56,388
DA:57,388
DA:58,388
DA:59,191
DA:62,142
DA:65,535
DA:66,535
DA:67,535
DA:68,531
DA:69,988
DA:70,988
DA:71,988
DA:74,535
DA:75,74
DA:76,188
DA:77,188
DA:78,199
DA:79,199
DA:80,199
DA:81,199
DA:82,121
DA:83,78
DA:84,67
DA:85,199
DA:86,188
DA:87,21
DA:88,188
DA:91,0
DA:94,535
DA:96,535
DA:97,535
DA:98,521
DA:102,1284
DA:103,1284
DA:104,5646
DA:106,1284
DA:109,711
DA:110,711
DA:111,3035
DA:113,711
DA:117,77
DA:118,82
DA:119,82
DA:120,82
DA:124,53
DA:125,53
DA:126,53
DA:127,55
DA:128,55
DA:129,52
DA:130,52
DA:131,224
DA:132,172
DA:133,63
DA:137,52
DA:138,52
DA:139,52
DA:142,1
DA:145,24
DA:146,24
DA:147,27
DA:148,24
DA:149,24
DA:152,0
DA:156,713
DA:157,713
DA:158,712
DA:160,4
DA:161,4
DA:162,1
DA:164,3
DA:166,712
DA:167,685
DA:168,763
DA:169,2
DA:172,711
DA:173,711
DA:174,711
DA:175,711
DA:179,535
DA:180,0
DA:181,535
DA:182,359
DA:183,176
DA:184,176
DA:185,9
DA:186,176
DA:187,0
DA:188,176
DA:189,176
DA:190,318
DA:191,318
DA:192,318
DA:193,318
DA:198,1657
DA:199,1657
DA:201,35
DA:202,20
DA:203,12
DA:207,0
DA:210,142
DA:211,199
DA:212,199
DA:213,199
DA:214,96
DA:217,46
DA:220,2
DA:221,0
DA:224,0
DA:225,0
DA:229,147
DA:230,226
DA:231,68
DA:234,79
DA:238,908
DA:239,454
DA:243,69
DA:244,26
DA:248,70
DA:249,18
DA:254,136
DA:255,91
DA:259,40
DA:260,11
DA:264,10
DA:265,6
DA:268,71
DA:269,71
DA:270,0
DA:271,0
DA:274,71
DA:275,71
DA:276,31
DA:277,71
DA:278,31
DA:279,71
DA:280,8
LF:162
LH:150
BRDA:19,0,0,0
BRDA:19,0,1,408
BRDA:31,1,0,2803
BRDA:31,1,1,841
BRDA:32,2,0,2375
BRDA:32,2,1,428
BRDA:33,3,0,709
BRDA:33,3,1,1666
BRDA:33,4,0,2375
BRDA:33,4,1,1668
BRDA:35,5,0,5
BRDA:35,5,1,704
BRDA:37,6,0,2
BRDA:37,6,1,702
BRDA:39,7,0,210
BRDA:39,7,1,492
BRDA:44,8,0,23
BRDA:44,8,1,405
BRDA:52,9,0,0
BRDA:52,9,1,388
BRDA:58,10,0,191
BRDA:58,10,1,197
BRDA:66,11,0,535
BRDA:66,11,1,0
BRDA:67,12,0,531
BRDA:67,12,1,4
BRDA:74,13,0,74
BRDA:74,13,1,461
BRDA:81,14,0,121
BRDA:81,14,1,78
BRDA:83,15,0,67
BRDA:83,15,1,11
BRDA:85,16,0,188
BRDA:85,16,1,11
BRDA:86,17,0,21
BRDA:86,17,1,167
BRDA:96,18,0,535
BRDA:96,18,1,0
BRDA:128,19,0,52
BRDA:128,19,1,3
BRDA:131,20,0,172
BRDA:131,20,1,52
BRDA:131,21,0,224
BRDA:131,21,1,224
BRDA:132,22,0,63
BRDA:132,22,1,109
BRDA:147,23,0,24
BRDA:147,23,1,3
BRDA:157,24,0,712
BRDA:157,24,1,1
BRDA:158,25,0,4
BRDA:158,25,1,708
BRDA:158,26,0,0
BRDA:158,26,1,712
BRDA:158,27,0,712
BRDA:158,27,1,712
BRDA:161,28,0,1
BRDA:161,28,1,3
BRDA:166,29,0,685
BRDA:166,29,1,27
BRDA:168,30,0,2
BRDA:168,30,1,761
BRDA:179,31,0,0
BRDA:179,31,1,535
BRDA:181,32,0,359
BRDA:181,32,1,176
BRDA:184,33,0,9
BRDA:184,33,1,167
BRDA:186,34,0,0
BRDA:186,34,1,176
BRDA:193,35,0,318
BRDA:193,35,1,293
BRDA:201,36,0,20
BRDA:201,36,1,15
BRDA:201,37,0,35
BRDA:201,37,1,35
BRDA:202,38,0,12
BRDA:202,38,1,8
BRDA:213,39,0,96
BRDA:213,39,1,103
BRDA:220,40,0,0
BRDA:220,40,1,2
BRDA:224,41,0,0
BRDA:224,41,1,0
BRDA:230,42,0,68
BRDA:230,42,1,158
BRDA:238,43,0,454
BRDA:238,43,1,454
BRDA:243,44,0,26
BRDA:243,44,1,43
BRDA:248,45,0,18
BRDA:248,45,1,52
BRDA:254,46,0,91
BRDA:254,46,1,45
BRDA:259,47,0,11
BRDA:259,47,1,29
BRDA:264,48,0,6
BRDA:264,48,1,4
BRDA:269,49,0,0
BRDA:269,49,1,71
BRDA:275,50,0,31
BRDA:275,50,1,40
BRDA:277,51,0,31
BRDA:277,51,1,40
BRDA:279,52,0,8
BRDA:279,52,1,63
BRF:106
BRH:95
end_of_record
TN:
SF:..\core\src\data-providers\in-memory-database.ts
FN:6,(anonymous_0)
FN:7,(anonymous_1)
FN:11,(anonymous_3)
FN:17,(anonymous_4)
FNF:4
FNH:3
FNDA:313,(anonymous_0)
FNDA:23,(anonymous_1)
FNDA:386,(anonymous_3)
FNDA:0,(anonymous_4)
DA:8,23
DA:10,313
DA:12,386
DA:13,386
DA:14,339
DA:15,386
DA:17,0
LF:7
LH:6
BRDA:13,0,0,339
BRDA:13,0,1,47
BRF:2
BRH:2
end_of_record
TN:
SF:..\core\src\data-providers\json-data-provider.ts
FN:14,(anonymous_0)
FN:17,(anonymous_1)
FN:20,(anonymous_2)
FN:27,(anonymous_4)
FN:30,(anonymous_5)
FN:37,(anonymous_7)
FN:40,(anonymous_8)
FN:41,(anonymous_9)
FN:41,(anonymous_10)
FN:43,(anonymous_11)
FN:44,(anonymous_12)
FN:44,(anonymous_13)
FN:48,(anonymous_14)
FN:49,(anonymous_15)
FN:49,(anonymous_16)
FN:49,(anonymous_17)
FN:55,(anonymous_18)
FN:56,(anonymous_19)
FN:56,(anonymous_20)
FN:56,(anonymous_21)
FN:61,(anonymous_22)
FN:62,(anonymous_24)
FN:62,(anonymous_25)
FN:62,(anonymous_26)
FNF:24
FNH:19
FNDA:2,(anonymous_0)
FNDA:2,(anonymous_1)
FNDA:0,(anonymous_2)
FNDA:2,(anonymous_4)
FNDA:17,(anonymous_5)
FNDA:9,(anonymous_7)
FNDA:3,(anonymous_8)
FNDA:3,(anonymous_9)
FNDA:3,(anonymous_10)
FNDA:5,(anonymous_11)
FNDA:5,(anonymous_12)
FNDA:5,(anonymous_13)
FNDA:0,(anonymous_14)
FNDA:0,(anonymous_15)
FNDA:0,(anonymous_16)
FNDA:0,(anonymous_17)
FNDA:3,(anonymous_18)
FNDA:3,(anonymous_19)
FNDA:3,(anonymous_20)
FNDA:3,(anonymous_21)
FNDA:6,(anonymous_22)
FNDA:6,(anonymous_24)
FNDA:6,(anonymous_25)
FNDA:6,(anonymous_26)
DA:14,2
DA:18,2
DA:21,0
DA:27,2
DA:31,17
DA:32,17
DA:33,17
DA:34,17
DA:35,16
DA:36,17
DA:37,17
DA:39,2
DA:41,3
DA:44,5
DA:49,0
DA:50,0
DA:51,0
DA:56,3
DA:57,3
DA:58,3
DA:62,6
DA:63,6
DA:64,6
LF:23
LH:19
BRDA:34,0,0,16
BRDA:34,0,1,1
BRF:2
BRH:2
end_of_record
TN:
SF:..\core\src\data-providers\rest-data-provider.ts
FN:12,(anonymous_0)
FN:15,(anonymous_1)
FN:18,(anonymous_2)
FN:26,(anonymous_4)
FN:29,(anonymous_5)
FN:36,(anonymous_6)
FN:44,(anonymous_7)
FN:55,(anonymous_9)
FN:57,(anonymous_10)
FN:59,(anonymous_11)
FN:72,(anonymous_12)
FN:92,(anonymous_13)
FN:92,(anonymous_14)
FN:95,(anonymous_15)
FN:95,(anonymous_16)
FN:98,(anonymous_17)
FN:106,(anonymous_18)
FN:110,(anonymous_19)
FN:114,(anonymous_20)
FN:115,(anonymous_21)
FN:120,(anonymous_22)
FN:122,(anonymous_23)
FN:123,(anonymous_25)
FN:123,(anonymous_26)
FN:123,(anonymous_27)
FN:127,(anonymous_28)
FN:133,(anonymous_29)
FN:137,(anonymous_30)
FN:139,(anonymous_32)
FN:145,(anonymous_33)
FN:154,(anonymous_34)
FN:158,(anonymous_35)
FN:158,(anonymous_36)
FN:166,onSuccess
FN:173,(anonymous_38)
FN:175,(anonymous_39)
FN:188,addFilterToUrlAndReturnTrueIfSuccessful
FN:209,(anonymous_41)
FNF:38
FNH:38
FNDA:758,(anonymous_0)
FNDA:23,(anonymous_1)
FNDA:1,(anonymous_2)
FNDA:76,(anonymous_4)
FNDA:215,(anonymous_5)
FNDA:117,(anonymous_6)
FNDA:28,(anonymous_7)
FNDA:1,(anonymous_9)
FNDA:27,(anonymous_10)
FNDA:65,(anonymous_11)
FNDA:20,(anonymous_12)
FNDA:8,(anonymous_13)
FNDA:18,(anonymous_14)
FNDA:57,(anonymous_15)
FNDA:71,(anonymous_16)
FNDA:9,(anonymous_17)
FNDA:9,(anonymous_18)
FNDA:1,(anonymous_19)
FNDA:117,(anonymous_20)
FNDA:117,(anonymous_21)
FNDA:761,(anonymous_22)
FNDA:5,(anonymous_23)
FNDA:5,(anonymous_25)
FNDA:5,(anonymous_26)
FNDA:1,(anonymous_27)
FNDA:1,(anonymous_28)
FNDA:1,(anonymous_29)
FNDA:1,(anonymous_30)
FNDA:1,(anonymous_32)
FNDA:8,(anonymous_33)
FNDA:7,(anonymous_34)
FNDA:4,(anonymous_35)
FNDA:4,(anonymous_36)
FNDA:7,onSuccess
FNDA:2,(anonymous_38)
FNDA:1,(anonymous_39)
FNDA:98,addFilterToUrlAndReturnTrueIfSuccessful
FNDA:14,(anonymous_41)
DA:12,758
DA:16,23
DA:19,1
DA:21,758
DA:26,76
DA:30,215
DA:31,215
DA:32,727
DA:34,215
DA:37,117
DA:38,117
DA:39,349
DA:41,117
DA:45,28
DA:46,28
DA:49,28
DA:50,28
DA:51,28
DA:52,27
DA:54,28
DA:55,1
DA:57,27
DA:60,65
DA:62,65
DA:63,64
DA:65,64
DA:66,64
DA:67,56
DA:69,64
DA:70,13
DA:71,13
DA:72,13
DA:73,20
DA:74,7
DA:75,7
DA:77,20
DA:78,20
DA:81,13
DA:82,13
DA:84,64
DA:85,26
DA:86,64
DA:87,3
DA:90,65
DA:91,8
DA:92,18
DA:95,71
DA:99,9
DA:100,9
DA:101,9
DA:102,38
DA:103,9
DA:106,9
DA:111,1
DA:115,117
DA:120,761
DA:123,5
DA:124,1
DA:128,1
DA:135,1
DA:139,1
DA:146,8
DA:147,5
DA:148,8
DA:149,8
DA:150,8
DA:151,8
DA:152,8
DA:154,8
DA:156,7
DA:158,4
DA:159,4
DA:160,3
DA:167,7
DA:168,1
DA:169,6
DA:171,3
DA:173,3
DA:174,2
DA:176,1
DA:189,98
DA:190,76
DA:191,76
DA:192,76
DA:193,28
DA:194,10
DA:195,18
DA:196,1
DA:201,87
DA:202,65
DA:203,65
DA:204,65
DA:205,17
DA:206,10
DA:209,14
DA:212,48
DA:213,8
DA:215,40
DA:218,87
LF:99
LH:99
BRDA:49,0,0,28
BRDA:49,0,1,0
BRDA:51,1,0,27
BRDA:51,1,1,1
BRDA:54,2,0,1
BRDA:54,2,1,27
BRDA:62,3,0,64
BRDA:62,3,1,1
BRDA:63,4,0,64
BRDA:63,4,1,0
BRDA:66,5,0,56
BRDA:66,5,1,8
BRDA:69,6,0,13
BRDA:69,6,1,51
BRDA:69,7,0,64
BRDA:69,7,1,13
BRDA:73,8,0,7
BRDA:73,8,1,13
BRDA:78,9,0,2
BRDA:78,9,1,18
BRDA:84,10,0,26
BRDA:84,10,1,38
BRDA:86,11,0,3
BRDA:86,11,1,61
BRDA:90,12,0,8
BRDA:90,12,1,57
BRDA:102,13,0,9
BRDA:102,13,1,29
BRDA:146,14,0,5
BRDA:146,14,1,3
BRDA:148,15,0,8
BRDA:148,15,1,0
BRDA:154,16,0,8
BRDA:154,16,1,0
BRDA:167,17,0,1
BRDA:167,17,1,6
BRDA:169,18,0,3
BRDA:169,18,1,3
BRDA:169,19,0,6
BRDA:169,19,1,6
BRDA:174,20,0,2
BRDA:174,20,1,1
BRDA:190,21,0,76
BRDA:190,21,1,0
BRDA:192,22,0,28
BRDA:192,22,1,48
BRDA:193,23,0,10
BRDA:193,23,1,18
BRDA:193,24,0,28
BRDA:193,24,1,27
BRDA:195,25,0,1
BRDA:195,25,1,17
BRDA:202,26,0,65
BRDA:202,26,1,0
BRDA:204,27,0,17
BRDA:204,27,1,48
BRDA:205,28,0,10
BRDA:205,28,1,7
BRDA:212,29,0,8
BRDA:212,29,1,40
BRF:60
BRH:54
end_of_record
TN:
SF:..\core\src\data-providers\sql-database.ts
FN:66,(anonymous_0)
FN:14,(anonymous_1)
FN:17,(anonymous_2)
FN:20,(anonymous_4)
FN:22,(anonymous_5)
FN:22,(anonymous_6)
FN:30,(anonymous_7)
FN:31,(anonymous_8)
FN:31,(anonymous_9)
FN:35,(anonymous_10)
FN:38,(anonymous_11)
FN:39,(anonymous_12)
FN:39,(anonymous_13)
FN:47,(anonymous_14)
FN:48,(anonymous_15)
FN:56,(anonymous_16)
FN:76,(anonymous_17)
FN:81,(anonymous_18)
FN:86,(anonymous_19)
FN:108,(anonymous_21)
FN:112,(anonymous_22)
FN:120,(anonymous_24)
FN:131,(anonymous_26)
FN:136,(anonymous_27)
FN:158,(anonymous_29)
FN:187,(anonymous_30)
FN:188,(anonymous_31)
FN:194,(anonymous_32)
FN:208,(anonymous_33)
FN:224,(anonymous_34)
FN:255,(anonymous_36)
FN:261,(anonymous_37)
FN:268,(anonymous_39)
FN:270,(anonymous_40)
FN:303,(anonymous_42)
FNF:35
FNH:35
FNDA:60,(anonymous_0)
FNDA:355,(anonymous_1)
FNDA:107,(anonymous_2)
FNDA:64,(anonymous_4)
FNDA:248,(anonymous_5)
FNDA:248,(anonymous_6)
FNDA:4,(anonymous_7)
FNDA:2,(anonymous_8)
FNDA:2,(anonymous_9)
FNDA:2,(anonymous_10)
FNDA:2,(anonymous_11)
FNDA:2,(anonymous_12)
FNDA:2,(anonymous_13)
FNDA:2,(anonymous_14)
FNDA:1,(anonymous_15)
FNDA:5,(anonymous_16)
FNDA:355,(anonymous_17)
FNDA:400,(anonymous_18)
FNDA:355,(anonymous_19)
FNDA:64,(anonymous_21)
FNDA:248,(anonymous_22)
FNDA:32,(anonymous_24)
FNDA:31,(anonymous_26)
FNDA:74,(anonymous_27)
FNDA:2,(anonymous_29)
FNDA:74,(anonymous_30)
FNDA:92,(anonymous_31)
FNDA:230,(anonymous_32)
FNDA:212,(anonymous_33)
FNDA:12,(anonymous_34)
FNDA:12,(anonymous_36)
FNDA:4,(anonymous_37)
FNDA:4,(anonymous_39)
FNDA:126,(anonymous_40)
FNDA:126,(anonymous_42)
DA:15,355
DA:18,107
DA:22,248
DA:24,248
DA:25,62
DA:26,62
DA:31,4
DA:32,2
DA:33,2
DA:34,2
DA:36,2
DA:37,2
DA:38,2
DA:39,2
DA:40,2
DA:41,1
DA:42,1
DA:47,2
DA:48,1
DA:52,2
DA:57,5
DA:64,1
DA:65,1
DA:66,60
DA:69,60
DA:76,355
DA:80,355
DA:82,400
DA:83,400
DA:84,400
DA:88,355
DA:89,355
DA:90,355
DA:91,354
DA:92,1
DA:93,1
DA:94,1
DA:97,354
DA:100,1
DA:101,1
DA:107,1
DA:108,64
DA:113,248
DA:114,248
DA:115,248
DA:121,32
DA:123,32
DA:124,32
DA:125,32
DA:126,32
DA:127,32
DA:128,32
DA:131,32
DA:132,31
DA:137,74
DA:139,74
DA:140,74
DA:142,74
DA:143,74
DA:144,74
DA:145,74
DA:146,74
DA:147,74
DA:148,74
DA:150,74
DA:151,34
DA:153,74
DA:154,38
DA:155,38
DA:156,38
DA:157,44
DA:158,2
DA:160,43
DA:162,38
DA:163,45
DA:164,38
DA:165,38
DA:168,7
DA:170,45
DA:171,45
DA:172,2
DA:176,74
DA:178,34
DA:179,34
DA:180,1
DA:181,34
DA:182,0
DA:183,34
DA:187,74
DA:188,74
DA:189,92
DA:195,230
DA:196,230
DA:197,687
DA:198,687
DA:199,687
DA:202,1
DA:205,229
DA:209,212
DA:210,212
DA:211,212
DA:212,736
DA:215,636
DA:216,424
DA:217,636
DA:218,636
DA:221,212
DA:225,12
DA:226,12
DA:227,12
DA:228,12
DA:230,12
DA:231,12
DA:234,12
DA:235,61
DA:237,61
DA:238,55
DA:239,16
DA:240,16
DA:241,16
DA:242,12
DA:244,4
DA:246,16
DA:251,12
DA:252,12
DA:253,12
DA:255,12
DA:256,12
DA:262,4
DA:263,4
DA:264,4
DA:265,4
DA:266,4
DA:267,4
DA:268,4
DA:271,126
DA:273,126
DA:274,126
DA:275,126
DA:276,126
DA:278,126
DA:280,392
DA:283,339
DA:284,339
DA:285,276
DA:286,126
DA:288,150
DA:289,150
DA:292,276
DA:293,276
DA:299,126
DA:301,126
DA:302,126
DA:303,126
LF:154
LH:153
BRDA:24,0,0,62
BRDA:24,0,1,186
BRDA:40,1,0,1
BRDA:40,1,1,1
BRDA:91,2,0,1
BRDA:91,2,1,353
BRDA:93,3,0,1
BRDA:93,3,1,0
BRDA:125,4,0,32
BRDA:125,4,1,0
BRDA:144,5,0,74
BRDA:144,5,1,0
BRDA:145,6,0,74
BRDA:145,6,1,0
BRDA:150,7,0,34
BRDA:150,7,1,40
BRDA:153,8,0,38
BRDA:153,8,1,36
BRDA:157,9,0,1
BRDA:157,9,1,43
BRDA:163,10,0,38
BRDA:163,10,1,7
BRDA:171,11,0,2
BRDA:171,11,1,43
BRDA:176,12,0,34
BRDA:176,12,1,40
BRDA:179,13,0,1
BRDA:179,13,1,33
BRDA:181,14,0,0
BRDA:181,14,1,34
BRDA:212,15,0,100
BRDA:212,15,1,636
BRDA:215,16,0,424
BRDA:215,16,1,212
BRDA:235,17,0,0
BRDA:235,17,1,61
BRDA:237,18,0,6
BRDA:237,18,1,55
BRDA:238,19,0,16
BRDA:238,19,1,39
BRDA:240,20,0,16
BRDA:240,20,1,0
BRDA:241,21,0,12
BRDA:241,21,1,4
BRDA:280,22,0,53
BRDA:280,22,1,339
BRDA:284,23,0,276
BRDA:284,23,1,63
BRDA:285,24,0,126
BRDA:285,24,1,150
BRF:50
BRH:43
end_of_record
TN:
SF:..\core\src\data-providers\web-sql-data-provider.ts
FN:18,(anonymous_0)
FN:24,(anonymous_1)
FN:27,(anonymous_2)
FN:31,(anonymous_4)
FN:38,(anonymous_6)
FN:65,(anonymous_8)
FN:69,(anonymous_9)
FN:73,(anonymous_11)
FN:90,(anonymous_12)
FN:97,(anonymous_13)
FN:100,(anonymous_14)
FN:104,(anonymous_15)
FN:105,(anonymous_16)
FN:106,(anonymous_17)
FN:111,(anonymous_18)
FN:115,(anonymous_19)
FN:116,(anonymous_20)
FN:136,(anonymous_21)
FN:125,(anonymous_22)
FNF:19
FNH:17
FNDA:58,(anonymous_0)
FNDA:34,(anonymous_1)
FNDA:62,(anonymous_2)
FNDA:12,(anonymous_4)
FNDA:69,(anonymous_6)
FNDA:436,(anonymous_8)
FNDA:2,(anonymous_9)
FNDA:214,(anonymous_11)
FNDA:0,(anonymous_12)
FNDA:436,(anonymous_13)
FNDA:400,(anonymous_14)
FNDA:435,(anonymous_15)
FNDA:435,(anonymous_16)
FNDA:435,(anonymous_17)
FNDA:399,(anonymous_18)
FNDA:435,(anonymous_19)
FNDA:0,(anonymous_20)
FNDA:435,(anonymous_21)
FNDA:687,(anonymous_22)
DA:18,58
DA:21,58
DA:25,34
DA:28,62
DA:32,12
DA:33,12
DA:34,12
DA:35,0
DA:36,12
DA:39,69
DA:40,69
DA:41,69
DA:42,248
DA:43,217
DA:44,148
DA:45,217
DA:46,217
DA:47,3
DA:48,0
DA:49,3
DA:52,214
DA:53,214
DA:54,65
DA:59,69
DA:60,69
DA:61,1
DA:62,69
DA:66,436
DA:70,2
DA:74,214
DA:75,214
DA:76,3
DA:77,211
DA:78,6
DA:79,205
DA:80,69
DA:81,22
DA:83,47
DA:86,136
DA:87,214
DA:90,0
DA:97,436
DA:99,436
DA:101,400
DA:102,400
DA:105,435
DA:106,435
DA:107,435
DA:108,435
DA:109,435
DA:110,435
DA:111,205
DA:112,399
DA:113,399
DA:115,435
DA:117,0
DA:118,0
DA:126,687
DA:127,687
DA:128,687
DA:129,1635
DA:130,687
DA:132,0
DA:136,435
DA:137,435
DA:138,435
DA:139,414
LF:67
LH:61
BRDA:34,0,0,0
BRDA:34,0,1,12
BRDA:42,1,0,217
BRDA:42,1,1,31
BRDA:42,2,0,248
BRDA:42,2,1,34
BRDA:43,3,0,148
BRDA:43,3,1,69
BRDA:46,4,0,3
BRDA:46,4,1,214
BRDA:47,5,0,0
BRDA:47,5,1,3
BRDA:53,6,0,65
BRDA:53,6,1,149
BRDA:60,7,0,1
BRDA:60,7,1,68
BRDA:75,8,0,3
BRDA:75,8,1,211
BRDA:77,9,0,6
BRDA:77,9,1,205
BRDA:79,10,0,69
BRDA:79,10,1,136
BRDA:80,11,0,22
BRDA:80,11,1,47
BRDA:86,12,0,27
BRDA:86,12,1,109
BRDA:110,13,0,205
BRDA:110,13,1,230
BRDA:126,14,0,0
BRDA:126,14,1,687
BRDA:129,15,0,687
BRDA:129,15,1,948
BRF:32
BRH:29
end_of_record
TN:
SF:..\core\src\filter\filter-consumer-bridge-to-sql-request.ts
FN:22,(anonymous_0)
FN:11,(anonymous_1)
FN:24,(anonymous_3)
FN:28,(anonymous_4)
FN:30,(anonymous_5)
FN:30,(anonymous_6)
FN:53,(anonymous_7)
FN:54,(anonymous_8)
FN:54,(anonymous_9)
FN:57,(anonymous_10)
FN:58,(anonymous_11)
FN:58,(anonymous_12)
FN:60,(anonymous_13)
FN:61,(anonymous_14)
FN:61,(anonymous_15)
FN:63,(anonymous_16)
FN:68,(anonymous_17)
FN:71,(anonymous_18)
FN:74,(anonymous_19)
FN:77,(anonymous_20)
FN:80,(anonymous_21)
FN:83,(anonymous_22)
FN:86,(anonymous_23)
FN:87,(anonymous_24)
FN:87,(anonymous_25)
FN:92,(anonymous_26)
FN:93,(anonymous_27)
FN:93,(anonymous_28)
FN:101,(anonymous_29)
FN:110,(anonymous_30)
FN:111,(anonymous_31)
FN:111,(anonymous_32)
FN:128,(anonymous_33)
FN:132,(anonymous_34)
FN:139,getDbNameProvider
FN:148,(anonymous_37)
FN:151,(anonymous_38)
FN:155,(anonymous_39)
FNF:38
FNH:32
FNDA:138,(anonymous_0)
FNDA:138,(anonymous_1)
FNDA:0,(anonymous_3)
FNDA:6,(anonymous_4)
FNDA:6,(anonymous_5)
FNDA:6,(anonymous_6)
FNDA:1,(anonymous_7)
FNDA:1,(anonymous_8)
FNDA:1,(anonymous_9)
FNDA:0,(anonymous_10)
FNDA:0,(anonymous_11)
FNDA:0,(anonymous_12)
FNDA:11,(anonymous_13)
FNDA:11,(anonymous_14)
FNDA:11,(anonymous_15)
FNDA:18,(anonymous_16)
FNDA:80,(anonymous_17)
FNDA:6,(anonymous_18)
FNDA:1,(anonymous_19)
FNDA:4,(anonymous_20)
FNDA:0,(anonymous_21)
FNDA:0,(anonymous_22)
FNDA:6,(anonymous_23)
FNDA:6,(anonymous_24)
FNDA:6,(anonymous_25)
FNDA:91,(anonymous_26)
FNDA:91,(anonymous_27)
FNDA:91,(anonymous_28)
FNDA:115,(anonymous_29)
FNDA:3,(anonymous_30)
FNDA:3,(anonymous_31)
FNDA:3,(anonymous_32)
FNDA:2,(anonymous_33)
FNDA:4,(anonymous_34)
FNDA:339,getDbNameProvider
FNDA:339,(anonymous_37)
FNDA:1913,(anonymous_38)
FNDA:703,(anonymous_39)
DA:8,138
DA:9,138
DA:10,138
DA:12,138
DA:13,102
DA:14,102
DA:15,102
DA:16,118
DA:19,138
DA:22,138
DA:25,0
DA:29,6
DA:30,6
DA:31,6
DA:32,11
DA:33,11
DA:34,11
DA:35,11
DA:36,11
DA:37,2
DA:38,9
DA:39,9
DA:40,5
DA:42,9
DA:43,9
DA:46,0
DA:49,4
DA:54,1
DA:58,0
DA:61,11
DA:62,11
DA:63,18
DA:65,1
DA:69,80
DA:72,6
DA:75,1
DA:78,4
DA:81,0
DA:84,0
DA:87,6
DA:88,6
DA:93,91
DA:94,91
DA:95,91
DA:102,115
DA:103,100
DA:104,91
DA:107,15
DA:108,115
DA:111,3
DA:112,3
DA:113,2
DA:114,2
DA:115,2
DA:116,2
DA:128,2
DA:131,2
DA:133,4
DA:134,1
DA:135,4
DA:141,339
DA:142,339
DA:143,1204
DA:145,339
DA:146,339
DA:150,339
DA:152,1913
DA:156,703
LF:68
LH:63
BRDA:36,0,0,2
BRDA:36,0,1,9
BRDA:38,1,0,9
BRDA:38,1,1,0
BRDA:39,2,0,5
BRDA:39,2,1,4
BRDA:42,3,0,9
BRDA:42,3,1,0
BRDA:62,4,0,10
BRDA:62,4,1,1
BRDA:62,5,0,11
BRDA:62,5,1,11
BRDA:102,6,0,100
BRDA:102,6,1,15
BRDA:103,7,0,91
BRDA:103,7,1,9
BRDA:112,8,0,2
BRDA:112,8,1,1
BRDA:112,9,0,0
BRDA:112,9,1,3
BRDA:112,10,0,3
BRDA:112,10,1,3
BRDA:115,11,0,2
BRDA:115,11,1,0
BRDA:133,12,0,1
BRDA:133,12,1,3
BRDA:156,13,0,703
BRDA:156,13,1,695
BRDA:156,13,2,613
BRF:29
BRH:25
end_of_record
TN:
SF:..\core\src\filter\filter-interfaces.ts
FN:8,(anonymous_0)
FN:10,(anonymous_1)
FN:13,(anonymous_2)
FN:16,(anonymous_3)
FN:23,(anonymous_5)
FN:26,(anonymous_6)
FN:38,(anonymous_7)
FN:45,(anonymous_8)
FN:48,(anonymous_9)
FN:51,(anonymous_10)
FN:55,(anonymous_11)
FN:124,(anonymous_12)
FN:129,(anonymous_13)
FN:132,(anonymous_14)
FN:133,(anonymous_15)
FN:137,(anonymous_16)
FN:138,(anonymous_18)
FN:138,(anonymous_19)
FN:153,(anonymous_20)
FN:159,(anonymous_21)
FN:163,(anonymous_22)
FN:175,(anonymous_23)
FN:176,(anonymous_24)
FN:179,(anonymous_25)
FN:181,(anonymous_26)
FN:183,(anonymous_27)
FN:185,(anonymous_28)
FN:187,(anonymous_29)
FN:188,(anonymous_30)
FN:194,(anonymous_31)
FN:197,(anonymous_32)
FN:198,(anonymous_33)
FN:200,(anonymous_34)
FN:202,(anonymous_35)
FN:204,(anonymous_36)
FN:206,(anonymous_37)
FN:208,(anonymous_38)
FN:211,(anonymous_39)
FN:212,(anonymous_40)
FN:214,(anonymous_41)
FN:215,(anonymous_42)
FN:216,(anonymous_43)
FN:239,(anonymous_44)
FN:240,(anonymous_45)
FN:248,(anonymous_46)
FN:256,(anonymous_47)
FN:257,(anonymous_48)
FN:258,(anonymous_49)
FN:274,(anonymous_50)
FN:277,(anonymous_51)
FN:280,(anonymous_52)
FN:284,(anonymous_53)
FN:301,(anonymous_54)
FN:302,(anonymous_55)
FN:308,(anonymous_56)
FN:311,(anonymous_57)
FN:314,(anonymous_58)
FN:315,(anonymous_59)
FN:318,(anonymous_60)
FN:322,(anonymous_61)
FN:326,(anonymous_62)
FN:330,(anonymous_63)
FN:334,(anonymous_64)
FN:338,(anonymous_65)
FN:341,(anonymous_66)
FN:348,entityFilterToJson
FN:359,buildFilterFromRequestParameters
FN:364,(anonymous_69)
FN:365,addFilter
FN:368,(anonymous_71)
FN:376,(anonymous_72)
FN:386,(anonymous_73)
FN:403,(anonymous_74)
FN:404,(anonymous_75)
FN:405,(anonymous_76)
FN:406,(anonymous_77)
FN:407,(anonymous_78)
FN:408,(anonymous_79)
FN:409,(anonymous_80)
FN:425,(anonymous_81)
FN:433,(anonymous_82)
FN:434,(anonymous_83)
FN:435,(anonymous_84)
FN:454,separateArrayFromInnerArray
FN:475,(anonymous_86)
FN:472,(anonymous_87)
FN:473,(anonymous_88)
FN:479,(anonymous_89)
FN:481,(anonymous_90)
FN:481,(anonymous_91)
FN:485,(anonymous_92)
FN:486,(anonymous_93)
FN:489,(anonymous_94)
FN:491,(anonymous_95)
FN:492,(anonymous_96)
FN:494,(anonymous_97)
FN:495,(anonymous_98)
FN:497,(anonymous_99)
FN:498,(anonymous_100)
FN:500,(anonymous_101)
FN:501,(anonymous_102)
FN:503,(anonymous_103)
FN:504,(anonymous_104)
FN:506,(anonymous_105)
FN:507,(anonymous_106)
FN:509,(anonymous_107)
FN:510,(anonymous_108)
FN:512,(anonymous_109)
FN:513,(anonymous_110)
FN:515,(anonymous_111)
FN:516,(anonymous_112)
FN:519,(anonymous_113)
FN:520,(anonymous_114)
FN:522,(anonymous_115)
FN:524,(anonymous_116)
FN:524,(anonymous_117)
FN:528,(anonymous_118)
FN:535,(anonymous_119)
FN:536,(anonymous_120)
FN:538,(anonymous_121)
FNF:120
FNH:108
FNDA:4564,(anonymous_0)
FNDA:0,(anonymous_1)
FNDA:5397,(anonymous_2)
FNDA:24,(anonymous_3)
FNDA:7,(anonymous_5)
FNDA:24,(anonymous_6)
FNDA:2080,(anonymous_7)
FNDA:133,(anonymous_8)
FNDA:836,(anonymous_9)
FNDA:36,(anonymous_10)
FNDA:10,(anonymous_11)
FNDA:192,(anonymous_12)
FNDA:13,(anonymous_13)
FNDA:44,(anonymous_14)
FNDA:1883,(anonymous_15)
FNDA:777,(anonymous_16)
FNDA:26,(anonymous_18)
FNDA:26,(anonymous_19)
FNDA:1480,(anonymous_20)
FNDA:1733,(anonymous_21)
FNDA:931,(anonymous_22)
FNDA:37,(anonymous_23)
FNDA:37,(anonymous_24)
FNDA:4,(anonymous_25)
FNDA:4,(anonymous_26)
FNDA:16,(anonymous_27)
FNDA:16,(anonymous_28)
FNDA:5,(anonymous_29)
FNDA:5,(anonymous_30)
FNDA:28,(anonymous_31)
FNDA:0,(anonymous_32)
FNDA:28,(anonymous_33)
FNDA:10,(anonymous_34)
FNDA:10,(anonymous_35)
FNDA:58,(anonymous_36)
FNDA:58,(anonymous_37)
FNDA:688,(anonymous_38)
FNDA:4,(anonymous_39)
FNDA:684,(anonymous_40)
FNDA:67,(anonymous_41)
FNDA:116,(anonymous_42)
FNDA:67,(anonymous_43)
FNDA:2672,(anonymous_44)
FNDA:2672,(anonymous_45)
FNDA:0,(anonymous_46)
FNDA:74,(anonymous_47)
FNDA:74,(anonymous_48)
FNDA:133,(anonymous_49)
FNDA:226,(anonymous_50)
FNDA:0,(anonymous_51)
FNDA:10,(anonymous_52)
FNDA:232,(anonymous_53)
FNDA:17,(anonymous_54)
FNDA:34,(anonymous_55)
FNDA:1,(anonymous_56)
FNDA:0,(anonymous_57)
FNDA:16,(anonymous_58)
FNDA:28,(anonymous_59)
FNDA:142,(anonymous_60)
FNDA:13,(anonymous_61)
FNDA:0,(anonymous_62)
FNDA:22,(anonymous_63)
FNDA:0,(anonymous_64)
FNDA:2,(anonymous_65)
FNDA:9,(anonymous_66)
FNDA:84,entityFilterToJson
FNDA:185,buildFilterFromRequestParameters
FNDA:773,(anonymous_69)
FNDA:6184,addFilter
FNDA:141,(anonymous_71)
FNDA:38,(anonymous_72)
FNDA:33,(anonymous_73)
FNDA:84,(anonymous_74)
FNDA:8,(anonymous_75)
FNDA:0,(anonymous_76)
FNDA:0,(anonymous_77)
FNDA:0,(anonymous_78)
FNDA:18,(anonymous_79)
FNDA:21,(anonymous_80)
FNDA:10,(anonymous_81)
FNDA:12,(anonymous_82)
FNDA:24,(anonymous_83)
FNDA:996,(anonymous_84)
FNDA:116,separateArrayFromInnerArray
FNDA:857,(anonymous_86)
FNDA:1690,(anonymous_87)
FNDA:1635,(anonymous_88)
FNDA:38,(anonymous_89)
FNDA:80,(anonymous_90)
FNDA:80,(anonymous_91)
FNDA:210,(anonymous_92)
FNDA:38,(anonymous_93)
FNDA:148,(anonymous_94)
FNDA:419,(anonymous_95)
FNDA:878,(anonymous_96)
FNDA:26,(anonymous_97)
FNDA:75,(anonymous_98)
FNDA:3,(anonymous_99)
FNDA:3,(anonymous_100)
FNDA:0,(anonymous_101)
FNDA:0,(anonymous_102)
FNDA:16,(anonymous_103)
FNDA:70,(anonymous_104)
FNDA:36,(anonymous_105)
FNDA:140,(anonymous_106)
FNDA:10,(anonymous_107)
FNDA:40,(anonymous_108)
FNDA:2,(anonymous_109)
FNDA:10,(anonymous_110)
FNDA:28,(anonymous_111)
FNDA:75,(anonymous_112)
FNDA:50,(anonymous_113)
FNDA:158,(anonymous_114)
FNDA:26,(anonymous_115)
FNDA:26,(anonymous_116)
FNDA:26,(anonymous_117)
FNDA:26,(anonymous_118)
FNDA:10,(anonymous_119)
FNDA:38,(anonymous_120)
FNDA:857,(anonymous_121)
DA:8,4564
DA:9,4564
DA:10,0
DA:14,5397
DA:17,24
DA:18,19
DA:19,5
DA:25,7
DA:26,7
DA:27,24
DA:28,24
DA:29,8
DA:30,24
DA:31,0
DA:32,24
DA:39,2080
DA:40,2080
DA:41,1628
DA:42,1628
DA:44,1628
DA:45,133
DA:47,1554
DA:48,836
DA:50,962
DA:51,36
DA:52,36
DA:54,926
DA:55,10
DA:58,916
DA:59,916
DA:60,916
DA:61,901
DA:62,4
DA:63,901
DA:64,1113
DA:65,1113
DA:66,1113
DA:69,16
DA:70,16
DA:71,16
DA:75,58
DA:76,58
DA:77,58
DA:80,10
DA:81,10
DA:82,10
DA:85,4
DA:86,4
DA:87,4
DA:90,33
DA:91,33
DA:92,5
DA:95,28
DA:96,33
DA:98,37
DA:99,37
DA:100,37
DA:105,901
DA:106,67
DA:107,67
DA:110,916
DA:111,688
DA:119,2080
DA:125,192
DA:126,192
DA:127,192
DA:130,13
DA:133,1883
DA:138,777
DA:139,26
DA:140,26
DA:142,86
DA:143,86
DA:144,86
DA:145,26
DA:149,26
DA:151,777
DA:152,777
DA:153,1480
DA:154,777
DA:159,1733
DA:164,931
DA:165,931
DA:166,53
DA:167,12
DA:168,41
DA:169,13
DA:170,28
DA:172,878
DA:176,37
DA:180,4
DA:181,4
DA:184,16
DA:185,16
DA:188,5
DA:189,5
DA:190,11
DA:195,28
DA:196,28
DA:197,0
DA:198,28
DA:201,10
DA:202,10
DA:205,58
DA:206,58
DA:209,688
DA:210,688
DA:211,4
DA:212,684
DA:215,116
DA:216,67
DA:240,2672
DA:241,2672
DA:242,2461
DA:243,2461
DA:246,2672
DA:249,0
DA:257,74
DA:258,133
DA:259,74
DA:260,55
DA:262,19
DA:263,19
DA:265,74
DA:270,1
DA:271,1
DA:273,226
DA:278,0
DA:281,10
DA:283,226
DA:285,232
DA:286,0
DA:287,232
DA:288,232
DA:289,213
DA:290,213
DA:292,19
DA:293,19
DA:294,5
DA:297,14
DA:298,19
DA:302,17
DA:303,34
DA:304,34
DA:305,34
DA:309,1
DA:312,0
DA:315,28
DA:319,142
DA:323,13
DA:327,0
DA:331,22
DA:335,0
DA:339,2
DA:342,9
DA:349,84
DA:350,0
DA:351,84
DA:362,185
DA:364,185
DA:366,6184
DA:367,6184
DA:368,122
DA:369,141
DA:370,141
DA:372,21
DA:373,0
DA:375,21
DA:376,38
DA:378,120
DA:380,141
DA:381,141
DA:382,141
DA:385,122
DA:386,16
DA:387,33
DA:391,106
DA:392,19
DA:393,13
DA:395,106
DA:396,106
DA:397,108
DA:402,773
DA:403,773
DA:404,773
DA:405,773
DA:406,773
DA:407,773
DA:408,773
DA:409,773
DA:410,773
DA:411,773
DA:412,1
DA:413,1
DA:417,1
DA:418,1
DA:420,0
DA:421,0
DA:425,773
DA:429,185
DA:430,185
DA:431,10
DA:432,10
DA:433,12
DA:435,996
DA:441,185
DA:443,94
DA:444,94
DA:445,56
DA:446,56
DA:447,12
DA:452,185
DA:455,116
DA:456,87
DA:457,29
DA:458,29
DA:459,60
DA:460,4
DA:463,56
DA:465,29
DA:466,29
DA:473,1690
DA:475,857
DA:477,857
DA:478,857
DA:481,80
DA:482,80
DA:483,80
DA:484,80
DA:485,210
DA:487,38
DA:489,148
DA:492,878
DA:495,75
DA:498,3
DA:501,0
DA:504,70
DA:507,140
DA:510,40
DA:513,10
DA:516,75
DA:520,158
DA:523,26
DA:524,26
DA:525,26
DA:526,26
DA:527,26
DA:528,26
DA:530,0
DA:536,38
DA:539,857
DA:540,60
DA:541,60
DA:542,60
LF:254
LH:239
BRDA:9,0,0,0
BRDA:9,0,1,4564
BRDA:17,1,0,19
BRDA:17,1,1,5
BRDA:23,2,0,6
BRDA:28,3,0,8
BRDA:28,3,1,16
BRDA:30,4,0,0
BRDA:30,4,1,24
BRDA:41,5,0,1628
BRDA:41,5,1,0
BRDA:44,6,0,74
BRDA:44,6,1,1554
BRDA:47,7,0,592
BRDA:47,7,1,962
BRDA:50,8,0,36
BRDA:50,8,1,926
BRDA:54,9,0,10
BRDA:54,9,1,916
BRDA:60,10,0,901
BRDA:60,10,1,15
BRDA:60,11,0,916
BRDA:60,11,1,913
BRDA:61,12,0,4
BRDA:61,12,1,897
BRDA:64,13,0,1113
BRDA:64,13,1,0
BRDA:67,14,0,6
BRDA:67,14,1,16
BRDA:67,14,2,58
BRDA:67,14,3,58
BRDA:67,14,4,9
BRDA:67,14,5,10
BRDA:67,14,6,4
BRDA:67,14,7,4
BRDA:67,14,8,29
BRDA:67,14,9,33
BRDA:67,14,10,37
BRDA:91,15,0,5
BRDA:91,15,1,28
BRDA:105,16,0,67
BRDA:105,16,1,834
BRDA:110,17,0,688
BRDA:110,17,1,228
BRDA:110,18,0,916
BRDA:110,18,1,691
BRDA:143,19,0,86
BRDA:143,19,1,0
BRDA:143,20,0,86
BRDA:143,20,1,86
BRDA:143,20,2,86
BRDA:144,21,0,26
BRDA:144,21,1,60
BRDA:165,22,0,53
BRDA:165,22,1,878
BRDA:166,23,0,12
BRDA:166,23,1,41
BRDA:168,24,0,13
BRDA:168,24,1,28
BRDA:168,25,0,41
BRDA:168,25,1,40
BRDA:196,26,0,0
BRDA:196,26,1,28
BRDA:196,27,0,28
BRDA:196,27,1,24
BRDA:196,27,2,4
BRDA:210,28,0,4
BRDA:210,28,1,684
BRDA:210,29,0,688
BRDA:210,29,1,676
BRDA:210,29,2,12
BRDA:242,30,0,2461
BRDA:242,30,1,0
BRDA:259,31,0,55
BRDA:259,31,1,19
BRDA:262,32,0,19
BRDA:262,32,1,0
BRDA:285,33,0,0
BRDA:285,33,1,232
BRDA:288,34,0,213
BRDA:288,34,1,19
BRDA:293,35,0,5
BRDA:293,35,1,14
BRDA:349,36,0,0
BRDA:349,36,1,84
BRDA:365,37,0,4638
BRDA:365,38,0,5411
BRDA:367,39,0,122
BRDA:367,39,1,6062
BRDA:370,40,0,21
BRDA:370,40,1,120
BRDA:372,41,0,0
BRDA:372,41,1,21
BRDA:376,42,0,0
BRDA:376,42,1,38
BRDA:378,43,0,10
BRDA:378,43,1,110
BRDA:381,44,0,141
BRDA:381,44,1,0
BRDA:385,45,0,16
BRDA:385,45,1,106
BRDA:385,46,0,122
BRDA:385,46,1,103
BRDA:391,47,0,19
BRDA:391,47,1,87
BRDA:392,48,0,13
BRDA:392,48,1,6
BRDA:411,49,0,1
BRDA:411,49,1,772
BRDA:414,50,0,0
BRDA:414,50,1,1
BRDA:414,50,2,1
BRDA:414,50,3,0
BRDA:430,51,0,10
BRDA:430,51,1,175
BRDA:444,52,0,56
BRDA:444,52,1,38
BRDA:444,53,0,94
BRDA:444,53,1,78
BRDA:444,53,2,56
BRDA:446,54,0,12
BRDA:446,54,1,44
BRDA:455,55,0,87
BRDA:455,55,1,29
BRDA:459,56,0,4
BRDA:459,56,1,56
BRDA:526,57,0,26
BRDA:526,57,1,0
BRDA:527,58,0,26
BRDA:527,58,1,0
BRF:130
BRH:113
end_of_record
TN:
SF:..\core\src\remult3\RepositoryImplementation.ts
FN:84,(anonymous_0)
FN:44,(anonymous_1)
FN:81,(anonymous_3)
FN:88,(anonymous_4)
FN:96,(anonymous_5)
FN:105,(anonymous_7)
FN:117,(anonymous_8)
FN:123,(anonymous_9)
FN:127,(anonymous_10)
FN:131,(anonymous_11)
FN:138,(anonymous_12)
FN:147,(anonymous_13)
FN:152,(anonymous_14)
FN:161,(anonymous_15)
FN:170,(anonymous_17)
FN:188,(anonymous_19)
FN:197,(anonymous_21)
FN:211,(anonymous_22)
FN:219,(anonymous_23)
FN:221,(anonymous_25)
FN:238,(anonymous_26)
FN:283,(anonymous_28)
FN:283,(anonymous_29)
FN:289,loadManyToOne
FN:297,(anonymous_32)
FN:303,(anonymous_34)
FN:311,(anonymous_35)
FN:315,(anonymous_37)
FN:354,(anonymous_39)
FN:354,(anonymous_40)
FN:367,(anonymous_41)
FN:376,(anonymous_42)
FN:378,(anonymous_43)
FN:381,(anonymous_44)
FN:392,(anonymous_45)
FN:409,(anonymous_47)
FN:423,(anonymous_48)
FN:443,__updateEntityBasedOnWhere
FN:445,(anonymous_51)
FN:452,(anonymous_52)
FN:473,getEntitySettings
FN:485,getEntityKey
FN:489,createOldEntity
FN:503,(anonymous_56)
FN:503,(anonymous_57)
FN:515,(anonymous_58)
FN:515,(anonymous_59)
FN:541,(anonymous_60)
FN:551,(anonymous_61)
FN:566,(anonymous_62)
FN:533,(anonymous_63)
FN:537,(anonymous_64)
FN:588,(anonymous_65)
FN:594,(anonymous_66)
FN:608,(anonymous_67)
FN:613,(anonymous_68)
FN:626,(anonymous_69)
FN:630,(anonymous_70)
FN:636,(anonymous_71)
FN:637,(anonymous_73)
FN:640,(anonymous_74)
FN:662,(anonymous_75)
FN:666,(anonymous_76)
FN:686,(anonymous_77)
FN:692,(anonymous_78)
FN:701,(anonymous_79)
FN:706,(anonymous_80)
FN:727,(anonymous_81)
FN:730,(anonymous_82)
FN:738,(anonymous_84)
FN:745,(anonymous_86)
FN:748,(anonymous_88)
FN:773,(anonymous_89)
FN:788,(anonymous_91)
FN:797,(anonymous_92)
FN:818,(anonymous_93)
FN:819,(anonymous_94)
FN:820,(anonymous_95)
FN:822,(anonymous_96)
FN:836,(anonymous_97)
FN:841,(anonymous_98)
FN:846,(anonymous_99)
FN:847,(anonymous_101)
FN:847,(anonymous_102)
FN:858,(anonymous_103)
FN:862,(anonymous_104)
FN:863,(anonymous_105)
FN:864,(anonymous_106)
FN:876,(anonymous_107)
FN:891,(anonymous_109)
FN:963,(anonymous_110)
FN:967,(anonymous_111)
FN:979,(anonymous_113)
FN:989,(anonymous_114)
FN:1014,(anonymous_116)
FN:1018,(anonymous_117)
FN:1027,(anonymous_119)
FN:1031,(anonymous_120)
FN:1040,(anonymous_121)
FN:1051,(anonymous_123)
FN:1057,prepareColumnInfo
FN:1058,(anonymous_125)
FN:1061,getFields
FN:1064,getControllerRef
FN:1078,(anonymous_128)
FN:1078,(anonymous_129)
FN:1090,(anonymous_130)
FN:1096,(anonymous_131)
FN:1097,(anonymous_132)
FN:1098,(anonymous_133)
FN:1109,(anonymous_134)
FN:1122,(anonymous_136)
FN:1126,(anonymous_137)
FN:1132,(anonymous_138)
FN:1140,(anonymous_139)
FN:1145,(anonymous_140)
FN:1157,(anonymous_142)
FN:1161,(anonymous_143)
FN:1167,(anonymous_144)
FN:1173,(anonymous_145)
FN:1179,(anonymous_146)
FN:1191,(anonymous_147)
FN:1192,(anonymous_148)
FN:1193,(anonymous_149)
FN:1200,(anonymous_150)
FN:1203,(anonymous_151)
FN:1207,(anonymous_152)
FN:1214,(anonymous_153)
FN:1222,(anonymous_154)
FN:1234,(anonymous_155)
FN:1250,(anonymous_157)
FN:1260,getEntityRef
FN:1268,(anonymous_160)
FN:1270,buildCaption
FN:1287,(anonymous_162)
FN:1301,(anonymous_163)
FN:1304,(anonymous_164)
FN:1304,(anonymous_165)
FN:1314,(anonymous_166)
FN:1332,(anonymous_167)
FN:1347,(anonymous_168)
FN:1357,(anonymous_169)
FN:1434,(anonymous_170)
FN:1437,(anonymous_171)
FN:1442,(anonymous_172)
FN:1445,(anonymous_173)
FN:1449,(anonymous_174)
FN:1377,(anonymous_175)
FN:1378,(anonymous_176)
FN:1379,(anonymous_177)
FN:1400,(anonymous_178)
FN:1401,(anonymous_179)
FN:1402,(anonymous_180)
FN:1403,(anonymous_181)
FN:1406,(anonymous_182)
FN:1423,(anonymous_183)
FN:1482,FieldType
FN:1483,(anonymous_185)
FN:1497,(anonymous_186)
FN:1502,(anonymous_187)
FN:1503,(anonymous_188)
FN:1507,(anonymous_189)
FN:1508,(anonymous_190)
FN:1510,(anonymous_191)
FN:1511,(anonymous_192)
FN:1515,(anonymous_193)
FN:1516,(anonymous_194)
FN:1523,(anonymous_195)
FN:1524,(anonymous_196)
FN:1527,(anonymous_197)
FN:1528,(anonymous_198)
FN:1530,(anonymous_199)
FN:1533,(anonymous_200)
FN:1534,(anonymous_201)
FN:1536,(anonymous_202)
FN:1537,(anonymous_203)
FN:1541,isAutoIncrement
FN:1547,ValueListFieldType
FN:1548,(anonymous_206)
FN:1549,(anonymous_207)
FN:1551,(anonymous_208)
FN:1571,(anonymous_209)
FN:1596,(anonymous_210)
FN:1603,(anonymous_211)
FN:1560,(anonymous_212)
FN:1613,(anonymous_213)
FN:1616,(anonymous_214)
FN:1621,(anonymous_215)
FN:1624,(anonymous_216)
FN:1629,(anonymous_217)
FN:1632,(anonymous_218)
FN:1635,(anonymous_219)
FN:1638,(anonymous_220)
FN:1641,(anonymous_221)
FN:1653,getValueList
FN:1681,Field
FN:1685,(anonymous_224)
FN:1686,(anonymous_225)
FN:1712,(anonymous_226)
FN:1720,(anonymous_227)
FN:1733,buildOptions
FN:1747,decorateColumnSettings
FN:1763,(anonymous_230)
FN:1764,(anonymous_231)
FN:1789,(anonymous_232)
FN:1790,(anonymous_233)
FN:1797,(anonymous_234)
FN:1800,(anonymous_235)
FN:1803,(anonymous_236)
FN:1806,(anonymous_237)
FN:1809,(anonymous_238)
FN:1812,(anonymous_239)
FN:1830,BuildEntity
FN:1863,Entity
FN:1865,(anonymous_242)
FN:1876,(anonymous_243)
FN:1920,(anonymous_244)
FN:1921,(anonymous_245)
FN:1922,(anonymous_246)
FN:1926,(anonymous_247)
FN:1927,(anonymous_248)
FN:1928,(anonymous_249)
FN:1932,(anonymous_250)
FN:1935,(anonymous_251)
FN:1936,(anonymous_252)
FN:1941,(anonymous_253)
FN:1949,(anonymous_254)
FN:1964,(anonymous_256)
FN:1970,(anonymous_258)
FN:1978,(anonymous_260)
FN:1993,(anonymous_262)
FN:1996,(anonymous_263)
FN:2005,(anonymous_264)
FN:2022,(anonymous_265)
FN:2022,(anonymous_266)
FN:2052,(anonymous_267)
FN:2052,(anonymous_268)
FN:2061,(anonymous_269)
FN:2066,(anonymous_270)
FN:2068,(anonymous_271)
FN:2070,(anonymous_272)
FN:2072,(anonymous_273)
FN:2075,(anonymous_274)
FN:2086,(anonymous_275)
FN:2087,(anonymous_276)
FN:2096,(anonymous_277)
FN:2096,(anonymous_278)
FNF:247
FNH:226
FNDA:592,(anonymous_0)
FNDA:28,(anonymous_1)
FNDA:2786,(anonymous_3)
FNDA:147,(anonymous_4)
FNDA:274,(anonymous_5)
FNDA:30,(anonymous_7)
FNDA:94,(anonymous_8)
FNDA:9420,(anonymous_9)
FNDA:32,(anonymous_10)
FNDA:0,(anonymous_11)
FNDA:18,(anonymous_12)
FNDA:2147,(anonymous_13)
FNDA:1903,(anonymous_14)
FNDA:6,(anonymous_15)
FNDA:49,(anonymous_17)
FNDA:9,(anonymous_19)
FNDA:14,(anonymous_21)
FNDA:9,(anonymous_22)
FNDA:351,(anonymous_23)
FNDA:2,(anonymous_25)
FNDA:667,(anonymous_26)
FNDA:697,(anonymous_28)
FNDA:697,(anonymous_29)
FNDA:23,loadManyToOne
FNDA:700,(anonymous_32)
FNDA:459,(anonymous_34)
FNDA:202,(anonymous_35)
FNDA:138,(anonymous_37)
FNDA:135,(anonymous_39)
FNDA:135,(anonymous_40)
FNDA:50,(anonymous_41)
FNDA:322,(anonymous_42)
FNDA:936,(anonymous_43)
FNDA:1205,(anonymous_44)
FNDA:4,(anonymous_45)
FNDA:58,(anonymous_47)
FNDA:869,(anonymous_48)
FNDA:14,__updateEntityBasedOnWhere
FNDA:1,(anonymous_51)
FNDA:15,(anonymous_52)
FNDA:15641,getEntitySettings
FNDA:593,getEntityKey
FNDA:592,createOldEntity
FNDA:418,(anonymous_56)
FNDA:427,(anonymous_57)
FNDA:2,(anonymous_58)
FNDA:2,(anonymous_59)
FNDA:1939,(anonymous_60)
FNDA:179,(anonymous_61)
FNDA:20,(anonymous_62)
FNDA:2231,(anonymous_63)
FNDA:1181,(anonymous_64)
FNDA:3,(anonymous_65)
FNDA:4,(anonymous_66)
FNDA:30,(anonymous_67)
FNDA:3,(anonymous_68)
FNDA:2,(anonymous_69)
FNDA:2140,(anonymous_70)
FNDA:0,(anonymous_71)
FNDA:0,(anonymous_73)
FNDA:2180,(anonymous_74)
FNDA:14,(anonymous_75)
FNDA:1,(anonymous_76)
FNDA:1137,(anonymous_77)
FNDA:2209,(anonymous_78)
FNDA:2188,(anonymous_79)
FNDA:3976,(anonymous_80)
FNDA:2934,(anonymous_81)
FNDA:3,(anonymous_82)
FNDA:1100,(anonymous_84)
FNDA:0,(anonymous_86)
FNDA:313,(anonymous_88)
FNDA:189,(anonymous_89)
FNDA:611,(anonymous_91)
FNDA:1916,(anonymous_92)
FNDA:34,(anonymous_93)
FNDA:10,(anonymous_94)
FNDA:129,(anonymous_95)
FNDA:232,(anonymous_96)
FNDA:1074,(anonymous_97)
FNDA:1,(anonymous_98)
FNDA:1,(anonymous_99)
FNDA:1,(anonymous_101)
FNDA:1,(anonymous_102)
FNDA:2020,(anonymous_103)
FNDA:427,(anonymous_104)
FNDA:1274,(anonymous_105)
FNDA:1,(anonymous_106)
FNDA:1071,(anonymous_107)
FNDA:1,(anonymous_109)
FNDA:2,(anonymous_110)
FNDA:33,(anonymous_111)
FNDA:1,(anonymous_113)
FNDA:1730,(anonymous_114)
FNDA:14,(anonymous_116)
FNDA:1730,(anonymous_117)
FNDA:1117,(anonymous_119)
FNDA:43,(anonymous_120)
FNDA:1088,(anonymous_121)
FNDA:4,(anonymous_123)
FNDA:615,prepareColumnInfo
FNDA:2269,(anonymous_125)
FNDA:10,getFields
FNDA:25,getControllerRef
FNDA:2,(anonymous_128)
FNDA:2,(anonymous_129)
FNDA:23,(anonymous_130)
FNDA:0,(anonymous_131)
FNDA:27,(anonymous_132)
FNDA:0,(anonymous_133)
FNDA:15,(anonymous_134)
FNDA:5549,(anonymous_136)
FNDA:1,(anonymous_137)
FNDA:1,(anonymous_138)
FNDA:0,(anonymous_139)
FNDA:635,(anonymous_140)
FNDA:609,(anonymous_142)
FNDA:36,(anonymous_143)
FNDA:34,(anonymous_144)
FNDA:36,(anonymous_145)
FNDA:1,(anonymous_146)
FNDA:1213,(anonymous_147)
FNDA:14,(anonymous_148)
FNDA:28,(anonymous_149)
FNDA:24,(anonymous_150)
FNDA:1,(anonymous_151)
FNDA:3,(anonymous_152)
FNDA:1,(anonymous_153)
FNDA:542,(anonymous_154)
FNDA:116,(anonymous_155)
FNDA:1,(anonymous_157)
FNDA:1495,getEntityRef
FNDA:2861,(anonymous_160)
FNDA:2861,buildCaption
FNDA:2269,(anonymous_162)
FNDA:1205,(anonymous_163)
FNDA:225,(anonymous_164)
FNDA:225,(anonymous_165)
FNDA:225,(anonymous_166)
FNDA:0,(anonymous_167)
FNDA:5185,(anonymous_168)
FNDA:592,(anonymous_169)
FNDA:2,(anonymous_170)
FNDA:5,(anonymous_171)
FNDA:2,(anonymous_172)
FNDA:245,(anonymous_173)
FNDA:7,(anonymous_174)
FNDA:237,(anonymous_175)
FNDA:7779,(anonymous_176)
FNDA:322,(anonymous_177)
FNDA:0,(anonymous_178)
FNDA:132,(anonymous_179)
FNDA:0,(anonymous_180)
FNDA:0,(anonymous_181)
FNDA:366,(anonymous_182)
FNDA:79,(anonymous_183)
FNDA:16,FieldType
FNDA:16,(anonymous_185)
FNDA:5,(anonymous_186)
FNDA:3,(anonymous_187)
FNDA:11,(anonymous_188)
FNDA:7,(anonymous_189)
FNDA:19,(anonymous_190)
FNDA:51,(anonymous_191)
FNDA:319,(anonymous_192)
FNDA:4,(anonymous_193)
FNDA:7,(anonymous_194)
FNDA:27,(anonymous_195)
FNDA:651,(anonymous_196)
FNDA:2,(anonymous_197)
FNDA:26,(anonymous_198)
FNDA:19,(anonymous_199)
FNDA:79,(anonymous_200)
FNDA:762,(anonymous_201)
FNDA:13,(anonymous_202)
FNDA:63,(anonymous_203)
FNDA:251,isAutoIncrement
FNDA:11,ValueListFieldType
FNDA:11,(anonymous_206)
FNDA:268,(anonymous_207)
FNDA:0,(anonymous_208)
FNDA:11,(anonymous_209)
FNDA:5,(anonymous_210)
FNDA:19,(anonymous_211)
FNDA:282,(anonymous_212)
FNDA:23,(anonymous_213)
FNDA:1098,(anonymous_214)
FNDA:1097,(anonymous_215)
FNDA:879,(anonymous_216)
FNDA:62,(anonymous_217)
FNDA:26,(anonymous_218)
FNDA:2,(anonymous_219)
FNDA:0,(anonymous_220)
FNDA:0,(anonymous_221)
FNDA:7,getValueList
FNDA:218,Field
FNDA:218,(anonymous_224)
FNDA:2271,(anonymous_225)
FNDA:180,(anonymous_226)
FNDA:2,(anonymous_227)
FNDA:2562,buildOptions
FNDA:2293,decorateColumnSettings
FNDA:6019,(anonymous_230)
FNDA:6134,(anonymous_231)
FNDA:15,(anonymous_232)
FNDA:14,(anonymous_233)
FNDA:588,(anonymous_234)
FNDA:388,(anonymous_235)
FNDA:174,(anonymous_236)
FNDA:299,(anonymous_237)
FNDA:0,(anonymous_238)
FNDA:0,(anonymous_239)
FNDA:3,BuildEntity
FNDA:138,Entity
FNDA:138,(anonymous_242)
FNDA:742,(anonymous_243)
FNDA:957,(anonymous_244)
FNDA:319,(anonymous_245)
FNDA:0,(anonymous_246)
FNDA:9,(anonymous_247)
FNDA:16,(anonymous_248)
FNDA:69,(anonymous_249)
FNDA:0,(anonymous_250)
FNDA:0,(anonymous_251)
FNDA:0,(anonymous_252)
FNDA:18,(anonymous_253)
FNDA:3,(anonymous_254)
FNDA:4,(anonymous_256)
FNDA:1,(anonymous_258)
FNDA:40,(anonymous_260)
FNDA:24,(anonymous_262)
FNDA:4,(anonymous_263)
FNDA:9,(anonymous_264)
FNDA:47,(anonymous_265)
FNDA:47,(anonymous_266)
FNDA:47,(anonymous_267)
FNDA:47,(anonymous_268)
FNDA:0,(anonymous_269)
FNDA:41,(anonymous_270)
FNDA:13,(anonymous_271)
FNDA:178,(anonymous_272)
FNDA:99,(anonymous_273)
FNDA:4,(anonymous_274)
FNDA:13,(anonymous_275)
FNDA:92,(anonymous_276)
FNDA:2,(anonymous_277)
FNDA:2,(anonymous_278)
DA:24,1
DA:45,28
DA:47,28
DA:48,44
DA:57,44
DA:60,28
DA:61,28
DA:62,28
DA:63,44
DA:64,44
DA:65,44
DA:66,16
DA:68,44
DA:69,44
DA:70,3
DA:73,41
DA:74,44
DA:76,28
DA:82,2786
DA:84,592
DA:85,592
DA:87,592
DA:89,147
DA:90,147
DA:91,147
DA:92,147
DA:93,30
DA:94,117
DA:97,274
DA:98,274
DA:99,274
DA:100,30
DA:101,244
DA:102,214
DA:104,30
DA:105,30
DA:106,30
DA:107,1
DA:110,29
DA:111,30
DA:112,30
DA:114,30
DA:115,30
DA:118,94
DA:119,94
DA:123,9420
DA:128,32
DA:129,16
DA:130,32
DA:131,32
DA:132,0
DA:141,18
DA:148,2147
DA:149,2147
DA:150,1206
DA:151,1206
DA:152,1903
DA:154,1206
DA:157,2147
DA:162,6
DA:163,1
DA:165,5
DA:171,49
DA:172,6
DA:173,6
DA:174,11
DA:176,6
DA:178,43
DA:179,43
DA:180,2
DA:181,1
DA:182,1
DA:184,41
DA:190,9
DA:192,9
DA:198,14
DA:199,14
DA:200,10
DA:202,10
DA:203,31
DA:205,10
DA:206,10
DA:207,8
DA:208,2
DA:209,10
DA:210,10
DA:211,9
DA:214,14
DA:220,351
DA:221,2
DA:223,350
DA:224,350
DA:225,338
DA:226,12
DA:227,1
DA:230,11
DA:231,11
DA:232,4
DA:233,7
DA:239,667
DA:240,667
DA:241,667
DA:242,180
DA:244,667
DA:245,667
DA:246,580
DA:248,667
DA:249,667
DA:251,667
DA:252,667
DA:254,667
DA:255,666
DA:256,666
DA:257,91
DA:259,666
DA:260,2976
DA:262,2976
DA:263,60
DA:264,60
DA:265,9
DA:266,60
DA:267,44
DA:268,44
DA:269,44
DA:270,46
DA:271,46
DA:272,27
DA:275,44
DA:276,23
DA:283,697
DA:284,697
DA:286,666
DA:290,23
DA:291,23
DA:292,27
DA:298,700
DA:299,0
DA:300,700
DA:301,700
DA:302,700
DA:303,459
DA:305,700
DA:306,700
DA:308,700
DA:312,202
DA:314,592
DA:317,138
DA:318,65
DA:319,138
DA:320,101
DA:321,57
DA:322,57
DA:329,44
DA:334,138
DA:335,53
DA:336,53
DA:337,53
DA:338,53
DA:339,3
DA:340,0
DA:341,0
DA:343,3
DA:346,50
DA:350,50
DA:354,135
DA:355,135
DA:356,135
DA:357,120
DA:358,135
DA:359,9
DA:360,9
DA:361,9
DA:364,135
DA:366,135
DA:367,50
DA:368,50
DA:369,50
DA:373,135
DA:377,322
DA:378,936
DA:382,1205
DA:383,1205
DA:384,308
DA:385,554
DA:387,1205
DA:390,1205
DA:393,4
DA:394,4
DA:395,14
DA:396,11
DA:399,4
DA:400,1
DA:401,1
DA:402,1
DA:403,1
DA:406,3
DA:410,58
DA:411,2
DA:412,56
DA:413,0
DA:414,56
DA:424,869
DA:425,13
DA:426,13
DA:432,869
DA:433,869
DA:434,777
DA:436,869
DA:444,14
DA:445,14
DA:446,14
DA:447,14
DA:453,15
DA:470,1
DA:471,1
DA:472,1
DA:474,15641
DA:475,1
DA:476,0
DA:478,1
DA:479,15640
DA:480,15640
DA:481,0
DA:483,15640
DA:486,593
DA:488,1
DA:490,592
DA:491,592
DA:492,42
DA:494,592
DA:495,592
DA:498,592
DA:499,592
DA:501,1856
DA:502,1856
DA:503,427
DA:507,1856
DA:508,1856
DA:509,74
DA:510,74
DA:511,74
DA:512,74
DA:513,370
DA:514,2
DA:515,2
DA:516,2
DA:517,2
DA:523,1856
DA:527,592
DA:534,2231
DA:535,2231
DA:538,1181
DA:539,1181
DA:541,1939
DA:542,1939
DA:543,8390
DA:545,8390
DA:546,198
DA:547,198
DA:548,198
DA:550,198
DA:552,179
DA:553,2
DA:554,2
DA:555,1
DA:556,1
DA:557,0
DA:560,2
DA:563,179
DA:567,20
DA:568,20
DA:569,20
DA:570,14
DA:571,14
DA:572,13
DA:575,20
DA:579,198
DA:589,3
DA:590,3
DA:593,1939
DA:595,4
DA:596,4
DA:597,4
DA:598,6
DA:599,6
DA:600,6
DA:601,6
DA:604,4
DA:607,4
DA:609,30
DA:610,30
DA:611,30
DA:614,3
DA:615,3
DA:616,3
DA:627,2
DA:628,2
DA:631,2140
DA:632,2140
DA:635,1939
DA:637,0
DA:641,2180
DA:642,30
DA:646,30
DA:647,30
DA:648,122
DA:649,30
DA:650,30
DA:651,30
DA:656,30
DA:663,14
DA:665,14
DA:666,1
DA:668,13
DA:669,0
DA:672,13
DA:673,11
DA:674,2
DA:675,0
DA:676,2
DA:677,13
DA:678,13
DA:679,9
DA:680,13
DA:681,4
DA:683,13
DA:687,1137
DA:688,1137
DA:689,1137
DA:693,2209
DA:694,2
DA:695,2
DA:696,2
DA:697,2
DA:702,2188
DA:703,2188
DA:707,3976
DA:708,3976
DA:709,16544
DA:710,16544
DA:711,16544
DA:712,436
DA:714,16108
DA:715,16544
DA:716,8616
DA:717,8616
DA:718,8519
DA:722,16544
DA:724,3976
DA:726,1939
DA:728,2934
DA:731,3
DA:732,3
DA:733,0
DA:734,3
DA:735,3
DA:736,3
DA:739,1100
DA:740,1100
DA:741,0
DA:742,1100
DA:743,1100
DA:749,313
DA:750,313
DA:751,1167
DA:753,1165
DA:754,1165
DA:755,35
DA:757,1130
DA:758,1130
DA:759,26
DA:760,7
DA:761,7
DA:762,1
DA:767,1165
DA:770,313
DA:774,189
DA:775,189
DA:776,611
DA:777,456
DA:778,455
DA:779,449
DA:780,449
DA:781,18
DA:783,431
DA:788,611
DA:797,1916
DA:798,1916
DA:799,1916
DA:800,1916
DA:801,1206
DA:803,5200
DA:804,21
DA:805,21
DA:807,0
DA:808,0
DA:813,1916
DA:814,7
DA:815,1916
DA:816,1
DA:818,34
DA:819,10
DA:820,129
DA:823,232
DA:824,4
DA:826,228
DA:830,1916
DA:837,1074
DA:838,1074
DA:842,1
DA:843,1
DA:847,1
DA:848,1
DA:849,1
DA:852,1
DA:853,1
DA:859,2020
DA:860,1264
DA:861,1264
DA:862,427
DA:863,1274
DA:864,1
DA:866,1264
DA:867,5424
DA:870,1264
DA:872,2020
DA:875,1916
DA:877,1071
DA:878,1071
DA:879,1
DA:880,1070
DA:881,1070
DA:882,1
DA:883,1069
DA:884,1069
DA:885,1051
DA:886,1051
DA:887,4194
DA:888,3
DA:890,1051
DA:891,196
DA:894,1049
DA:896,1042
DA:897,1042
DA:898,1042
DA:899,4160
DA:900,13
DA:901,13
DA:902,13
DA:903,13
DA:908,1042
DA:909,5
DA:911,1042
DA:913,1042
DA:914,1042
DA:915,956
DA:918,86
DA:919,86
DA:920,86
DA:921,373
DA:922,373
DA:923,373
DA:924,92
DA:925,92
DA:929,86
DA:930,10
DA:931,76
DA:932,1
DA:936,75
DA:939,1027
DA:940,1027
DA:941,3
DA:943,1027
DA:944,1027
DA:945,1027
DA:948,5
DA:952,1071
DA:953,1071
DA:954,1071
DA:964,2
DA:968,33
DA:969,33
DA:970,4
DA:971,31
DA:973,30
DA:974,30
DA:975,28
DA:976,1
DA:978,28
DA:979,1
DA:980,1
DA:983,28
DA:985,2
DA:990,1730
DA:991,7194
DA:992,7194
DA:993,192
DA:994,192
DA:995,177
DA:996,135
DA:999,15
DA:1000,3
DA:1004,7002
DA:1007,1730
DA:1008,1730
DA:1009,15
DA:1011,1715
DA:1015,14
DA:1019,1730
DA:1020,287
DA:1021,1352
DA:1022,296
DA:1028,1117
DA:1029,1117
DA:1032,43
DA:1033,43
DA:1034,112
DA:1035,17
DA:1037,26
DA:1041,1088
DA:1042,4324
DA:1043,59
DA:1044,59
DA:1048,1088
DA:1049,2
DA:1050,1088
DA:1051,4
DA:1052,2
DA:1056,1
DA:1058,2269
DA:1062,10
DA:1066,25
DA:1067,25
DA:1068,23
DA:1069,25
DA:1070,23
DA:1071,23
DA:1072,0
DA:1073,23
DA:1074,23
DA:1076,48
DA:1077,48
DA:1078,2
DA:1080,48
DA:1083,23
DA:1085,25
DA:1091,23
DA:1094,23
DA:1095,23
DA:1096,0
DA:1097,27
DA:1098,0
DA:1101,23
DA:1102,66
DA:1105,23
DA:1110,15
DA:1111,56
DA:1112,56
DA:1122,5549
DA:1127,1
DA:1128,1
DA:1130,1
DA:1133,1
DA:1134,1
DA:1135,1
DA:1136,1
DA:1138,0
DA:1141,0
DA:1142,0
DA:1143,0
DA:1146,635
DA:1147,635
DA:1148,47
DA:1149,21
DA:1151,47
DA:1153,588
DA:1155,5549
DA:1158,609
DA:1159,609
DA:1162,36
DA:1163,36
DA:1168,34
DA:1169,34
DA:1170,10
DA:1171,24
DA:1174,36
DA:1175,35
DA:1176,36
DA:1177,36
DA:1180,1
DA:1181,1
DA:1182,1
DA:1183,0
DA:1184,1
DA:1185,0
DA:1187,1
DA:1189,0
DA:1191,1213
DA:1192,14
DA:1194,28
DA:1195,28
DA:1196,28
DA:1197,3
DA:1198,25
DA:1201,24
DA:1204,1
DA:1208,3
DA:1209,3
DA:1210,3
DA:1211,3
DA:1212,0
DA:1215,1
DA:1216,1
DA:1217,1
DA:1220,0
DA:1223,542
DA:1224,542
DA:1225,542
DA:1226,542
DA:1227,74
DA:1229,542
DA:1231,5549
DA:1235,116
DA:1236,116
DA:1237,116
DA:1238,3
DA:1239,6
DA:1241,113
DA:1242,70
DA:1244,2
DA:1245,1
DA:1247,1
DA:1251,1
DA:1252,1
DA:1261,1495
DA:1262,1495
DA:1263,0
DA:1264,1495
DA:1267,1
DA:1268,2861
DA:1272,2861
DA:1273,0
DA:1274,0
DA:1276,2861
DA:1277,4
DA:1278,2861
DA:1279,2861
DA:1280,4
DA:1281,2857
DA:1282,2857
DA:1283,0
DA:1287,2269
DA:1288,2269
DA:1289,421
DA:1290,2269
DA:1291,35
DA:1292,2269
DA:1293,2269
DA:1294,2269
DA:1302,1205
DA:1303,980
DA:1304,225
DA:1306,225
DA:1307,3
DA:1308,3
DA:1310,0
DA:1312,222
DA:1315,225
DA:1316,224
DA:1317,1
DA:1320,225
DA:1324,2269
DA:1325,2269
DA:1328,2269
DA:1329,2269
DA:1334,0
DA:1335,0
DA:1336,0
DA:1338,0
DA:1340,0
DA:1341,0
DA:1342,0
DA:1345,2269
DA:1346,2269
DA:1348,5185
DA:1351,2269
DA:1355,592
DA:1357,592
DA:1358,592
DA:1359,396
DA:1360,377
DA:1361,396
DA:1362,391
DA:1363,396
DA:1364,374
DA:1365,396
DA:1366,392
DA:1368,592
DA:1369,196
DA:1370,592
DA:1371,103
DA:1372,592
DA:1373,589
DA:1375,592
DA:1376,592
DA:1377,237
DA:1378,7779
DA:1379,322
DA:1383,592
DA:1384,2203
DA:1387,592
DA:1389,592
DA:1391,592
DA:1392,14
DA:1394,578
DA:1395,466
DA:1397,112
DA:1400,0
DA:1401,132
DA:1402,0
DA:1403,0
DA:1408,366
DA:1409,287
DA:1410,79
DA:1411,77
DA:1413,79
DA:1414,0
DA:1415,79
DA:1417,2
DA:1418,2
DA:1419,2
DA:1420,0
DA:1421,0
DA:1423,79
DA:1424,79
DA:1425,0
DA:1426,79
DA:1428,79
DA:1432,592
DA:1435,2
DA:1436,2
DA:1437,5
DA:1443,2
DA:1446,245
DA:1447,7
DA:1448,7
DA:1449,7
DA:1452,238
DA:1453,235
DA:1456,3
DA:1483,16
DA:1484,16
DA:1485,0
DA:1487,16
DA:1489,16
DA:1490,16
DA:1500,5
DA:1503,11
DA:1508,19
DA:1511,319
DA:1516,7
DA:1524,651
DA:1528,26
DA:1530,19
DA:1534,762
DA:1537,63
DA:1542,251
DA:1548,11
DA:1549,11
DA:1550,268
DA:1551,0
DA:1561,282
DA:1562,282
DA:1563,11
DA:1564,10
DA:1566,281
DA:1568,11
DA:1569,11
DA:1570,11
DA:1571,11
DA:1573,11
DA:1574,16
DA:1575,16
DA:1576,16
DA:1577,7
DA:1578,16
DA:1579,6
DA:1580,16
DA:1581,11
DA:1582,16
DA:1583,16
DA:1586,11
DA:1587,3
DA:1589,11
DA:1591,11
DA:1592,11
DA:1593,25
DA:1594,3
DA:1595,3
DA:1596,3
DA:1597,5
DA:1598,1
DA:1599,5
DA:1603,19
DA:1604,1
DA:1606,0
DA:1614,23
DA:1617,1098
DA:1618,1077
DA:1619,1098
DA:1622,1097
DA:1625,879
DA:1626,629
DA:1627,250
DA:1630,62
DA:1633,26
DA:1636,2
DA:1639,0
DA:1642,0
DA:1643,0
DA:1644,0
DA:1649,1
DA:1655,7
DA:1656,7
DA:1657,1
DA:1660,6
DA:1661,6
DA:1662,1
DA:1665,5
DA:1685,218
DA:1686,218
DA:1687,2271
DA:1688,2271
DA:1689,2253
DA:1691,2271
DA:1692,2271
DA:1694,2271
DA:1695,2063
DA:1696,2271
DA:1697,2271
DA:1698,18
DA:1699,18
DA:1701,2271
DA:1702,2271
DA:1703,2271
DA:1706,218
DA:1707,218
DA:1708,107
DA:1709,107
DA:1712,218
DA:1713,218
DA:1714,216
DA:1719,2
DA:1720,2
DA:1721,2
DA:1722,2
DA:1723,2
DA:1732,1
DA:1734,2562
DA:1735,2562
DA:1736,1943
DA:1737,1943
DA:1738,269
DA:1741,1674
DA:1744,2562
DA:1749,2293
DA:1750,2291
DA:1751,2291
DA:1752,291
DA:1759,2293
DA:1760,788
DA:1761,788
DA:1762,787
DA:1763,6019
DA:1764,6134
DA:1768,2293
DA:1769,985
DA:1770,985
DA:1771,659
DA:1773,2293
DA:1774,35
DA:1775,35
DA:1776,23
DA:1780,2293
DA:1781,64
DA:1782,64
DA:1783,64
DA:1785,2293
DA:1786,125
DA:1787,125
DA:1788,104
DA:1789,15
DA:1790,14
DA:1794,21
DA:1796,2293
DA:1797,588
DA:1799,2293
DA:1800,388
DA:1802,2293
DA:1803,795
DA:1805,2293
DA:1806,794
DA:1808,2293
DA:1809,899
DA:1811,2293
DA:1812,899
DA:1819,2293
DA:1831,3
DA:1832,3
DA:1833,6
DA:1834,6
DA:1835,6
DA:1865,138
DA:1866,138
DA:1867,18
DA:1868,13
DA:1869,13
DA:1870,7
DA:1871,6
DA:1876,138
DA:1877,742
DA:1878,742
DA:1879,557
DA:1880,557
DA:1881,1
DA:1883,556
DA:1890,742
DA:1891,742
DA:1892,742
DA:1893,742
DA:1894,76
DA:1895,76
DA:1896,76
DA:1903,742
DA:1906,138
DA:1907,138
DA:1908,138
DA:1909,138
DA:1910,138
DA:1920,957
DA:1921,319
DA:1923,0
DA:1924,0
DA:1926,9
DA:1927,16
DA:1928,69
DA:1932,0
DA:1935,0
DA:1936,0
DA:1941,18
DA:1942,18
DA:1943,4
DA:1944,18
DA:1945,13
DA:1948,18
DA:1952,3
DA:1953,0
DA:1955,3
DA:1965,4
DA:1966,4
DA:1967,4
DA:1971,1
DA:1972,1
DA:1973,0
DA:1974,0
DA:1976,1
DA:1979,40
DA:1982,40
DA:1989,40
DA:1990,40
DA:1991,40
DA:1992,24
DA:1993,24
DA:1995,40
DA:1996,4
DA:2007,9
DA:2008,7
DA:2010,9
DA:2011,9
DA:2015,9
DA:2016,9
DA:2020,9
DA:2022,47
DA:2023,47
DA:2024,0
DA:2026,47
DA:2027,31
DA:2028,6
DA:2029,25
DA:2030,25
DA:2031,16
DA:2033,9
DA:2035,25
DA:2036,25
DA:2037,3
DA:2039,22
DA:2040,14
DA:2041,0
DA:2046,38
DA:2047,38
DA:2051,9
DA:2052,47
DA:2053,47
DA:2054,47
DA:2062,0
DA:2067,41
DA:2068,15
DA:2071,178
DA:2072,99
DA:2084,4
DA:2085,3
DA:2086,13
DA:2090,1
DA:2092,4
DA:2093,4
DA:2095,4
DA:2096,4
LF:1017
LH:953
BRDA:69,0,0,3
BRDA:69,0,1,41
BRDA:82,1,0,2255
BRDA:82,1,1,531
BRDA:92,2,0,30
BRDA:92,2,1,117
BRDA:99,3,0,30
BRDA:99,3,1,244
BRDA:101,4,0,214
BRDA:101,4,1,30
BRDA:106,5,0,1
BRDA:106,5,1,29
BRDA:118,6,0,94
BRDA:118,6,1,0
BRDA:128,7,0,16
BRDA:128,7,1,16
BRDA:149,8,0,1206
BRDA:149,8,1,941
BRDA:162,9,0,1
BRDA:162,9,1,5
BRDA:162,10,0,6
BRDA:162,10,1,6
BRDA:171,11,0,6
BRDA:171,11,1,43
BRDA:179,12,0,2
BRDA:179,12,1,41
BRDA:180,13,0,1
BRDA:180,13,1,1
BRDA:199,14,0,10
BRDA:199,14,1,4
BRDA:206,15,0,8
BRDA:206,15,1,2
BRDA:220,16,0,1
BRDA:220,16,1,350
BRDA:224,17,0,338
BRDA:224,17,1,12
BRDA:226,18,0,1
BRDA:226,18,1,11
BRDA:231,19,0,4
BRDA:231,19,1,7
BRDA:241,20,0,180
BRDA:241,20,1,487
BRDA:245,21,0,580
BRDA:245,21,1,87
BRDA:245,22,0,667
BRDA:245,22,1,90
BRDA:256,23,0,91
BRDA:256,23,1,575
BRDA:262,24,0,60
BRDA:262,24,1,2916
BRDA:264,25,0,9
BRDA:264,25,1,51
BRDA:266,26,0,44
BRDA:266,26,1,16
BRDA:271,27,0,27
BRDA:271,27,1,19
BRDA:271,28,0,46
BRDA:271,28,1,39
BRDA:271,28,2,35
BRDA:271,28,3,33
BRDA:275,29,0,23
BRDA:275,29,1,21
BRDA:298,30,0,0
BRDA:298,30,1,700
BRDA:317,31,0,65
BRDA:317,31,1,73
BRDA:319,32,0,101
BRDA:319,32,1,37
BRDA:320,33,0,57
BRDA:320,33,1,44
BRDA:334,34,0,53
BRDA:334,34,1,85
BRDA:338,35,0,3
BRDA:338,35,1,50
BRDA:339,36,0,0
BRDA:339,36,1,3
BRDA:339,37,0,3
BRDA:339,37,1,2
BRDA:356,38,0,120
BRDA:356,38,1,15
BRDA:358,39,0,9
BRDA:358,39,1,126
BRDA:358,40,0,135
BRDA:358,40,1,15
BRDA:360,41,0,9
BRDA:360,41,1,0
BRDA:366,42,0,50
BRDA:366,42,1,85
BRDA:383,43,0,308
BRDA:383,43,1,897
BRDA:395,44,0,11
BRDA:395,44,1,3
BRDA:399,45,0,1
BRDA:399,45,1,3
BRDA:410,46,0,2
BRDA:410,46,1,56
BRDA:410,47,0,58
BRDA:410,47,1,57
BRDA:412,48,0,0
BRDA:412,48,1,56
BRDA:412,49,0,56
BRDA:412,49,1,23
BRDA:424,50,0,13
BRDA:424,50,1,856
BRDA:424,51,0,869
BRDA:424,51,1,18
BRDA:433,52,0,777
BRDA:433,52,1,92
BRDA:433,53,0,869
BRDA:433,53,1,869
BRDA:446,54,0,14
BRDA:446,54,1,0
BRDA:473,55,0,592
BRDA:474,56,0,1
BRDA:474,56,1,15640
BRDA:475,57,0,0
BRDA:475,57,1,1
BRDA:480,58,0,0
BRDA:480,58,1,15640
BRDA:480,59,0,15640
BRDA:480,59,1,14469
BRDA:491,60,0,42
BRDA:491,60,1,550
BRDA:502,61,0,93
BRDA:502,61,1,1763
BRDA:508,62,0,74
BRDA:508,62,1,1782
BRDA:513,63,0,2
BRDA:513,63,1,368
BRDA:513,64,0,370
BRDA:513,64,1,3
BRDA:545,65,0,198
BRDA:545,65,1,8192
BRDA:545,66,0,8390
BRDA:545,66,1,205
BRDA:552,67,0,2
BRDA:552,67,1,177
BRDA:554,68,0,1
BRDA:554,68,1,1
BRDA:556,69,0,0
BRDA:556,69,1,1
BRDA:568,70,0,16
BRDA:568,70,1,4
BRDA:568,71,0,20
BRDA:568,71,1,20
BRDA:569,72,0,14
BRDA:569,72,1,6
BRDA:571,73,0,13
BRDA:571,73,1,1
BRDA:534,74,0,2218
BRDA:534,74,1,13
BRDA:534,75,0,2231
BRDA:534,75,1,2231
BRDA:539,76,0,1179
BRDA:539,76,1,2
BRDA:539,77,0,1181
BRDA:539,77,1,1181
BRDA:595,78,0,4
BRDA:595,78,1,0
BRDA:601,79,0,2
BRDA:601,79,1,4
BRDA:601,80,0,6
BRDA:601,80,1,2
BRDA:627,81,0,0
BRDA:627,81,1,2
BRDA:627,82,0,2
BRDA:627,82,1,2
BRDA:632,83,0,2138
BRDA:632,83,1,2
BRDA:632,84,0,2140
BRDA:632,84,1,2140
BRDA:641,85,0,30
BRDA:641,85,1,2150
BRDA:646,86,0,30
BRDA:646,86,1,0
BRDA:648,87,0,30
BRDA:648,87,1,92
BRDA:665,88,0,1
BRDA:665,88,1,13
BRDA:668,89,0,0
BRDA:668,89,1,13
BRDA:672,90,0,11
BRDA:672,90,1,2
BRDA:674,91,0,0
BRDA:674,91,1,2
BRDA:678,92,0,9
BRDA:678,92,1,4
BRDA:680,93,0,4
BRDA:680,93,1,9
BRDA:693,94,0,2
BRDA:693,94,1,2207
BRDA:702,95,0,2186
BRDA:702,95,1,2
BRDA:702,96,0,2188
BRDA:702,96,1,2188
BRDA:703,97,0,2188
BRDA:703,97,1,2188
BRDA:711,98,0,436
BRDA:711,98,1,16108
BRDA:715,99,0,8616
BRDA:715,99,1,7928
BRDA:717,100,0,8519
BRDA:717,100,1,97
BRDA:717,101,0,8616
BRDA:717,101,1,8610
BRDA:732,102,0,0
BRDA:732,102,1,3
BRDA:740,103,0,0
BRDA:740,103,1,1100
BRDA:751,104,0,1165
BRDA:751,104,1,2
BRDA:751,105,0,1167
BRDA:751,105,1,1141
BRDA:751,105,2,2
BRDA:754,106,0,35
BRDA:754,106,1,1130
BRDA:758,107,0,26
BRDA:758,107,1,1104
BRDA:759,108,0,7
BRDA:759,108,1,19
BRDA:761,109,0,1
BRDA:761,109,1,6
BRDA:776,110,0,456
BRDA:776,110,1,155
BRDA:777,111,0,455
BRDA:777,111,1,1
BRDA:777,112,0,456
BRDA:777,112,1,1
BRDA:778,113,0,449
BRDA:778,113,1,6
BRDA:778,114,0,455
BRDA:778,114,1,437
BRDA:778,114,2,9
BRDA:780,115,0,18
BRDA:780,115,1,431
BRDA:800,116,0,1206
BRDA:800,116,1,710
BRDA:803,117,0,21
BRDA:803,117,1,5179
BRDA:804,118,0,21
BRDA:804,118,1,0
BRDA:807,119,0,0
BRDA:807,119,1,0
BRDA:813,120,0,7
BRDA:813,120,1,1909
BRDA:815,121,0,1
BRDA:815,121,1,1915
BRDA:823,122,0,4
BRDA:823,122,1,228
BRDA:837,123,0,1073
BRDA:837,123,1,1
BRDA:837,124,0,1074
BRDA:837,124,1,1074
BRDA:859,125,0,1264
BRDA:859,125,1,756
BRDA:862,126,0,395
BRDA:862,126,1,32
BRDA:878,127,0,1
BRDA:878,127,1,1070
BRDA:881,128,0,1
BRDA:881,128,1,1069
BRDA:887,129,0,3
BRDA:887,129,1,4191
BRDA:890,130,0,196
BRDA:890,130,1,855
BRDA:899,131,0,13
BRDA:899,131,1,4147
BRDA:908,132,0,5
BRDA:908,132,1,1037
BRDA:913,133,0,1041
BRDA:913,133,1,1
BRDA:913,134,0,1042
BRDA:913,134,1,1042
BRDA:914,135,0,956
BRDA:914,135,1,86
BRDA:921,136,0,373
BRDA:921,136,1,0
BRDA:923,137,0,92
BRDA:923,137,1,281
BRDA:923,138,0,373
BRDA:923,138,1,92
BRDA:929,139,0,10
BRDA:929,139,1,76
BRDA:931,140,0,1
BRDA:931,140,1,75
BRDA:940,141,0,3
BRDA:940,141,1,1024
BRDA:969,142,0,4
BRDA:969,142,1,29
BRDA:975,143,0,1
BRDA:975,143,1,27
BRDA:978,144,0,1
BRDA:978,144,1,27
BRDA:992,145,0,192
BRDA:992,145,1,7002
BRDA:994,146,0,177
BRDA:994,146,1,15
BRDA:995,147,0,135
BRDA:995,147,1,42
BRDA:999,148,0,3
BRDA:999,148,1,12
BRDA:1008,149,0,15
BRDA:1008,149,1,1715
BRDA:1019,150,0,287
BRDA:1019,150,1,1443
BRDA:1021,151,0,296
BRDA:1021,151,1,1056
BRDA:1028,152,0,1104
BRDA:1028,152,1,13
BRDA:1028,153,0,1117
BRDA:1028,153,1,1117
BRDA:1032,154,0,31
BRDA:1032,154,1,12
BRDA:1032,155,0,43
BRDA:1032,155,1,43
BRDA:1034,156,0,17
BRDA:1034,156,1,95
BRDA:1042,157,0,59
BRDA:1042,157,1,4265
BRDA:1048,158,0,2
BRDA:1048,158,1,1086
BRDA:1050,159,0,2
BRDA:1050,159,1,1086
BRDA:1067,160,0,23
BRDA:1067,160,1,2
BRDA:1069,161,0,23
BRDA:1069,161,1,2
BRDA:1071,162,0,0
BRDA:1071,162,1,23
BRDA:1077,163,0,2
BRDA:1077,163,1,46
BRDA:1096,164,0,0
BRDA:1096,164,1,0
BRDA:1111,165,0,56
BRDA:1111,165,1,0
BRDA:1127,166,0,1
BRDA:1127,166,1,0
BRDA:1135,167,0,1
BRDA:1135,167,1,0
BRDA:1136,168,0,1
BRDA:1136,168,1,1
BRDA:1147,169,0,47
BRDA:1147,169,1,588
BRDA:1148,170,0,21
BRDA:1148,170,1,26
BRDA:1158,171,0,562
BRDA:1158,171,1,47
BRDA:1158,172,0,609
BRDA:1158,172,1,609
BRDA:1159,173,0,585
BRDA:1159,173,1,24
BRDA:1159,174,0,609
BRDA:1159,174,1,609
BRDA:1162,175,0,35
BRDA:1162,175,1,1
BRDA:1162,176,0,36
BRDA:1162,176,1,36
BRDA:1163,177,0,35
BRDA:1163,177,1,1
BRDA:1163,178,0,36
BRDA:1163,178,1,36
BRDA:1169,179,0,10
BRDA:1169,179,1,24
BRDA:1174,180,0,35
BRDA:1174,180,1,1
BRDA:1181,181,0,1
BRDA:1181,181,1,0
BRDA:1182,182,0,0
BRDA:1182,182,1,1
BRDA:1184,183,0,0
BRDA:1184,183,1,1
BRDA:1196,184,0,3
BRDA:1196,184,1,25
BRDA:1210,185,0,3
BRDA:1210,185,1,0
BRDA:1211,186,0,2
BRDA:1211,186,1,1
BRDA:1216,187,0,1
BRDA:1216,187,1,0
BRDA:1226,188,0,74
BRDA:1226,188,1,468
BRDA:1237,189,0,3
BRDA:1237,189,1,113
BRDA:1241,190,0,70
BRDA:1241,190,1,43
BRDA:1244,191,0,1
BRDA:1244,191,1,1
BRDA:1260,192,0,1019
BRDA:1262,193,0,0
BRDA:1262,193,1,1495
BRDA:1262,194,0,1495
BRDA:1262,194,1,65
BRDA:1272,195,0,0
BRDA:1272,195,1,2861
BRDA:1273,196,0,0
BRDA:1273,196,1,0
BRDA:1276,197,0,4
BRDA:1276,197,1,2857
BRDA:1279,198,0,4
BRDA:1279,198,1,2857
BRDA:1281,199,0,2857
BRDA:1281,199,1,0
BRDA:1288,200,0,421
BRDA:1288,200,1,1848
BRDA:1290,201,0,35
BRDA:1290,201,1,2234
BRDA:1292,202,0,2269
BRDA:1292,202,1,0
BRDA:1302,203,0,980
BRDA:1302,203,1,225
BRDA:1306,204,0,3
BRDA:1306,204,1,222
BRDA:1307,205,0,3
BRDA:1307,205,1,0
BRDA:1315,206,0,224
BRDA:1315,206,1,1
BRDA:1334,207,0,0
BRDA:1334,207,1,0
BRDA:1335,208,0,0
BRDA:1335,208,1,0
BRDA:1340,209,0,0
BRDA:1340,209,1,0
BRDA:1435,210,0,2
BRDA:1435,210,1,0
BRDA:1446,211,0,7
BRDA:1446,211,1,238
BRDA:1452,212,0,235
BRDA:1452,212,1,3
BRDA:1358,213,0,396
BRDA:1358,213,1,196
BRDA:1359,214,0,377
BRDA:1359,214,1,19
BRDA:1361,215,0,391
BRDA:1361,215,1,5
BRDA:1363,216,0,374
BRDA:1363,216,1,22
BRDA:1365,217,0,392
BRDA:1365,217,1,4
BRDA:1368,218,0,196
BRDA:1368,218,1,396
BRDA:1370,219,0,103
BRDA:1370,219,1,489
BRDA:1372,220,0,589
BRDA:1372,220,1,3
BRDA:1377,221,0,229
BRDA:1377,221,1,8
BRDA:1391,222,0,14
BRDA:1391,222,1,578
BRDA:1394,223,0,466
BRDA:1394,223,1,112
BRDA:1408,224,0,287
BRDA:1408,224,1,79
BRDA:1410,225,0,77
BRDA:1410,225,1,2
BRDA:1413,226,0,0
BRDA:1413,226,1,79
BRDA:1415,227,0,2
BRDA:1415,227,1,77
BRDA:1418,228,0,2
BRDA:1418,228,1,0
BRDA:1420,229,0,0
BRDA:1420,229,1,0
BRDA:1424,230,0,0
BRDA:1424,230,1,79
BRDA:1484,231,0,0
BRDA:1484,231,1,16
BRDA:1542,232,0,0
BRDA:1542,232,1,251
BRDA:1542,233,0,251
BRDA:1542,233,1,251
BRDA:1575,234,0,16
BRDA:1575,234,1,0
BRDA:1576,235,0,7
BRDA:1576,235,1,9
BRDA:1578,236,0,6
BRDA:1578,236,1,10
BRDA:1580,237,0,11
BRDA:1580,237,1,5
BRDA:1581,238,0,11
BRDA:1581,238,1,0
BRDA:1586,239,0,3
BRDA:1586,239,1,8
BRDA:1591,240,0,11
BRDA:1591,240,1,0
BRDA:1593,241,0,3
BRDA:1593,241,1,22
BRDA:1593,242,0,0
BRDA:1593,242,1,25
BRDA:1593,243,0,25
BRDA:1593,243,1,25
BRDA:1597,244,0,1
BRDA:1597,244,1,4
BRDA:1597,245,0,5
BRDA:1597,245,1,2
BRDA:1603,246,0,1
BRDA:1603,246,1,10
BRDA:1562,247,0,11
BRDA:1562,247,1,271
BRDA:1617,248,0,1077
BRDA:1617,248,1,21
BRDA:1625,249,0,629
BRDA:1625,249,1,250
BRDA:1642,250,0,0
BRDA:1642,250,1,0
BRDA:1655,251,0,6
BRDA:1655,251,1,1
BRDA:1655,252,0,7
BRDA:1655,252,1,7
BRDA:1655,253,0,0
BRDA:1655,253,1,7
BRDA:1655,254,0,7
BRDA:1655,254,1,7
BRDA:1656,255,0,1
BRDA:1656,255,1,6
BRDA:1660,256,0,0
BRDA:1660,256,1,6
BRDA:1660,257,0,6
BRDA:1660,257,1,6
BRDA:1661,258,0,1
BRDA:1661,258,1,5
BRDA:1688,259,0,2253
BRDA:1688,259,1,18
BRDA:1688,260,0,2271
BRDA:1688,260,1,2271
BRDA:1691,261,0,2271
BRDA:1691,261,1,0
BRDA:1694,262,0,2063
BRDA:1694,262,1,208
BRDA:1697,263,0,18
BRDA:1697,263,1,2253
BRDA:1701,264,0,2271
BRDA:1701,264,1,0
BRDA:1707,265,0,107
BRDA:1707,265,1,111
BRDA:1713,266,0,216
BRDA:1713,266,1,2
BRDA:1736,267,0,1943
BRDA:1736,267,1,0
BRDA:1737,268,0,269
BRDA:1737,268,1,1674
BRDA:1749,269,0,2291
BRDA:1749,269,1,2
BRDA:1751,270,0,291
BRDA:1751,270,1,2000
BRDA:1759,271,0,788
BRDA:1759,271,1,1505
BRDA:1761,272,0,787
BRDA:1761,272,1,1
BRDA:1768,273,0,985
BRDA:1768,273,1,1308
BRDA:1770,274,0,659
BRDA:1770,274,1,326
BRDA:1773,275,0,35
BRDA:1773,275,1,2258
BRDA:1775,276,0,23
BRDA:1775,276,1,12
BRDA:1780,277,0,64
BRDA:1780,277,1,2229
BRDA:1782,278,0,64
BRDA:1782,278,1,0
BRDA:1785,279,0,125
BRDA:1785,279,1,2168
BRDA:1787,280,0,104
BRDA:1787,280,1,21
BRDA:1796,281,0,105
BRDA:1796,281,1,2188
BRDA:1799,282,0,105
BRDA:1799,282,1,2188
BRDA:1802,283,0,795
BRDA:1802,283,1,1498
BRDA:1805,284,0,794
BRDA:1805,284,1,1499
BRDA:1808,285,0,899
BRDA:1808,285,1,1394
BRDA:1811,286,0,899
BRDA:1811,286,1,1394
BRDA:1833,287,0,6
BRDA:1833,287,1,0
BRDA:1867,288,0,13
BRDA:1867,288,1,5
BRDA:1869,289,0,7
BRDA:1869,289,1,6
BRDA:1869,290,0,6
BRDA:1869,290,1,7
BRDA:1869,291,0,13
BRDA:1869,291,1,13
BRDA:1869,292,0,0
BRDA:1869,292,1,13
BRDA:1869,293,0,13
BRDA:1869,293,1,13
BRDA:1870,294,0,6
BRDA:1870,294,1,1
BRDA:1879,295,0,557
BRDA:1879,295,1,0
BRDA:1880,296,0,1
BRDA:1880,296,1,556
BRDA:1891,297,0,742
BRDA:1891,297,1,0
BRDA:1893,298,0,76
BRDA:1893,298,1,666
BRDA:1895,299,0,76
BRDA:1895,299,1,0
BRDA:1942,300,0,4
BRDA:1942,300,1,14
BRDA:1944,301,0,13
BRDA:1944,301,1,5
BRDA:1952,302,0,0
BRDA:1952,302,1,3
BRDA:1965,303,0,4
BRDA:1965,303,1,0
BRDA:1991,304,0,24
BRDA:1991,304,1,16
BRDA:2007,305,0,7
BRDA:2007,305,1,2
BRDA:2023,306,0,0
BRDA:2023,306,1,47
BRDA:2026,307,0,31
BRDA:2026,307,1,16
BRDA:2026,308,0,47
BRDA:2026,308,1,38
BRDA:2027,309,0,6
BRDA:2027,309,1,25
BRDA:2027,310,0,31
BRDA:2027,310,1,22
BRDA:2030,311,0,16
BRDA:2030,311,1,9
BRDA:2036,312,0,3
BRDA:2036,312,1,22
BRDA:2039,313,0,14
BRDA:2039,313,1,8
BRDA:2039,314,0,8
BRDA:2039,314,1,14
BRDA:2039,315,0,22
BRDA:2039,315,1,22
BRDA:2040,316,0,0
BRDA:2040,316,1,14
BRDA:2046,317,0,38
BRDA:2046,317,1,0
BRDA:2067,318,0,15
BRDA:2067,318,1,26
BRDA:2071,319,0,99
BRDA:2071,319,1,79
BRDA:2084,320,0,3
BRDA:2084,320,1,1
BRDA:2092,321,0,4
BRDA:2092,321,1,0
BRF:646
BRH:571
end_of_record
TN:
SF:..\core\src\shared-tests\db-tests-setup.ts
FN:10,itWithFocus
FN:16,testAll
FN:20,(anonymous_2)
FN:28,addDatabaseToTest
FN:37,testInMemory
FN:38,(anonymous_5)
FN:38,(anonymous_6)
FN:42,(anonymous_7)
FN:42,(anonymous_8)
FN:59,testAllDbs
FN:68,(anonymous_11)
FN:68,(anonymous_12)
FN:71,(anonymous_13)
FN:71,(anonymous_14)
FN:76,(anonymous_15)
FN:76,(anonymous_16)
FN:92,(anonymous_17)
FN:92,(anonymous_18)
FN:93,(anonymous_19)
FN:93,(anonymous_20)
FNF:20
FNH:20
FNDA:144,itWithFocus
FNDA:48,testAll
FNDA:96,(anonymous_2)
FNDA:2,addDatabaseToTest
FNDA:48,testInMemory
FNDA:48,(anonymous_5)
FNDA:48,(anonymous_6)
FNDA:49,(anonymous_7)
FNDA:49,(anonymous_8)
FNDA:6,testAllDbs
FNDA:18,(anonymous_11)
FNDA:18,(anonymous_12)
FNDA:18,(anonymous_13)
FNDA:18,(anonymous_14)
FNDA:36,(anonymous_15)
FNDA:36,(anonymous_16)
FNDA:3,(anonymous_17)
FNDA:3,(anonymous_18)
FNDA:3,(anonymous_19)
FNDA:3,(anonymous_20)
DA:11,144
DA:12,0
DA:14,144
DA:17,48
DA:18,48
DA:20,48
DA:21,96
DA:26,1
DA:27,1
DA:29,2
DA:30,96
DA:32,2
DA:38,48
DA:39,48
DA:40,48
DA:41,48
DA:42,49
DA:48,1
DA:68,18
DA:71,18
DA:72,18
DA:73,12
DA:74,18
DA:75,18
DA:76,36
DA:77,36
DA:78,36
DA:79,36
DA:80,36
DA:81,36
DA:82,9
DA:83,36
DA:86,18
DA:89,18
DA:92,3
DA:93,3
DA:94,3
DA:95,3
DA:96,3
DA:97,3
LF:40
LH:39
BRDA:10,0,0,0
BRDA:11,1,0,0
BRDA:11,1,1,144
BRDA:16,2,0,21
BRDA:37,3,0,0
BRDA:66,4,0,1
BRDA:72,5,0,12
BRDA:72,5,1,6
BRDA:75,6,0,18
BRDA:75,6,1,0
BRDA:81,7,0,9
BRDA:81,7,1,27
BRF:12
BRH:8
end_of_record
TN:
SF:..\core\src\shared-tests\db-tests.db-tests.ts
FN:25,(anonymous_0)
FN:25,(anonymous_1)
FN:30,(anonymous_2)
FN:30,(anonymous_3)
FN:34,(anonymous_4)
FN:34,(anonymous_5)
FN:39,(anonymous_6)
FN:39,(anonymous_7)
FN:44,(anonymous_8)
FN:44,(anonymous_9)
FN:49,(anonymous_10)
FN:49,(anonymous_11)
FN:56,(anonymous_12)
FN:56,(anonymous_13)
FN:63,(anonymous_14)
FN:63,(anonymous_15)
FN:69,(anonymous_16)
FN:69,(anonymous_17)
FN:80,(anonymous_18)
FN:80,(anonymous_19)
FN:91,(anonymous_20)
FN:91,(anonymous_21)
FN:102,(anonymous_22)
FN:102,(anonymous_23)
FN:112,(anonymous_24)
FN:112,(anonymous_25)
FN:129,(anonymous_26)
FN:129,(anonymous_27)
FN:138,(anonymous_28)
FN:138,(anonymous_29)
FN:152,(anonymous_30)
FN:152,(anonymous_31)
FN:161,(anonymous_32)
FN:161,(anonymous_33)
FN:176,(anonymous_35)
FN:176,(anonymous_36)
FN:185,(anonymous_37)
FN:185,(anonymous_38)
FN:205,(anonymous_39)
FN:205,(anonymous_40)
FN:215,(anonymous_41)
FN:215,(anonymous_42)
FN:236,(anonymous_43)
FN:236,(anonymous_44)
FN:247,(anonymous_45)
FN:247,(anonymous_46)
FN:264,(anonymous_47)
FN:264,(anonymous_48)
FN:279,(anonymous_49)
FN:279,(anonymous_50)
FN:289,(anonymous_51)
FN:289,(anonymous_52)
FN:300,(anonymous_53)
FN:300,(anonymous_54)
FN:312,(anonymous_55)
FN:312,(anonymous_56)
FN:313,(anonymous_57)
FN:313,(anonymous_58)
FN:326,(anonymous_59)
FN:326,(anonymous_60)
FN:327,(anonymous_61)
FN:327,(anonymous_62)
FN:336,(anonymous_63)
FN:336,(anonymous_64)
FN:355,(anonymous_65)
FN:355,(anonymous_66)
FN:361,(anonymous_67)
FN:361,(anonymous_68)
FN:389,(anonymous_69)
FN:389,(anonymous_70)
FN:424,(anonymous_71)
FN:424,(anonymous_72)
FN:434,(anonymous_73)
FN:434,(anonymous_74)
FN:440,(anonymous_75)
FN:440,(anonymous_76)
FN:450,(anonymous_77)
FN:450,(anonymous_78)
FN:451,(anonymous_79)
FN:451,(anonymous_80)
FN:459,(anonymous_81)
FN:466,(anonymous_82)
FN:474,(anonymous_83)
FN:474,(anonymous_84)
FN:482,(anonymous_85)
FN:482,(anonymous_86)
FN:501,(anonymous_87)
FN:501,(anonymous_88)
FN:506,(anonymous_89)
FN:511,(anonymous_90)
FN:511,(anonymous_91)
FN:518,(anonymous_92)
FN:518,(anonymous_93)
FN:533,(anonymous_94)
FN:533,(anonymous_95)
FN:534,(anonymous_96)
FN:559,(anonymous_97)
FN:559,(anonymous_98)
FN:573,(anonymous_99)
FN:573,(anonymous_100)
FN:580,(anonymous_101)
FN:580,(anonymous_102)
FN:590,(anonymous_103)
FN:590,(anonymous_104)
FN:609,(anonymous_106)
FN:655,(anonymous_109)
FN:653,(anonymous_110)
FN:674,(anonymous_112)
FN:679,(anonymous_113)
FN:679,(anonymous_114)
FN:703,(anonymous_116)
FN:708,(anonymous_117)
FN:708,(anonymous_118)
FN:719,(anonymous_119)
FN:719,(anonymous_120)
FN:722,(anonymous_121)
FN:722,(anonymous_122)
FNF:117
FNH:117
FNDA:3,(anonymous_0)
FNDA:3,(anonymous_1)
FNDA:3,(anonymous_2)
FNDA:3,(anonymous_3)
FNDA:3,(anonymous_4)
FNDA:3,(anonymous_5)
FNDA:3,(anonymous_6)
FNDA:3,(anonymous_7)
FNDA:3,(anonymous_8)
FNDA:3,(anonymous_9)
FNDA:3,(anonymous_10)
FNDA:3,(anonymous_11)
FNDA:3,(anonymous_12)
FNDA:3,(anonymous_13)
FNDA:3,(anonymous_14)
FNDA:3,(anonymous_15)
FNDA:3,(anonymous_16)
FNDA:3,(anonymous_17)
FNDA:3,(anonymous_18)
FNDA:3,(anonymous_19)
FNDA:3,(anonymous_20)
FNDA:3,(anonymous_21)
FNDA:3,(anonymous_22)
FNDA:3,(anonymous_23)
FNDA:3,(anonymous_24)
FNDA:3,(anonymous_25)
FNDA:3,(anonymous_26)
FNDA:3,(anonymous_27)
FNDA:3,(anonymous_28)
FNDA:3,(anonymous_29)
FNDA:3,(anonymous_30)
FNDA:3,(anonymous_31)
FNDA:3,(anonymous_32)
FNDA:3,(anonymous_33)
FNDA:3,(anonymous_35)
FNDA:3,(anonymous_36)
FNDA:3,(anonymous_37)
FNDA:3,(anonymous_38)
FNDA:3,(anonymous_39)
FNDA:3,(anonymous_40)
FNDA:3,(anonymous_41)
FNDA:3,(anonymous_42)
FNDA:3,(anonymous_43)
FNDA:3,(anonymous_44)
FNDA:3,(anonymous_45)
FNDA:3,(anonymous_46)
FNDA:3,(anonymous_47)
FNDA:3,(anonymous_48)
FNDA:3,(anonymous_49)
FNDA:3,(anonymous_50)
FNDA:3,(anonymous_51)
FNDA:3,(anonymous_52)
FNDA:3,(anonymous_53)
FNDA:3,(anonymous_54)
FNDA:3,(anonymous_55)
FNDA:3,(anonymous_56)
FNDA:3,(anonymous_57)
FNDA:3,(anonymous_58)
FNDA:3,(anonymous_59)
FNDA:3,(anonymous_60)
FNDA:3,(anonymous_61)
FNDA:3,(anonymous_62)
FNDA:3,(anonymous_63)
FNDA:3,(anonymous_64)
FNDA:3,(anonymous_65)
FNDA:3,(anonymous_66)
FNDA:7,(anonymous_67)
FNDA:7,(anonymous_68)
FNDA:3,(anonymous_69)
FNDA:3,(anonymous_70)
FNDA:3,(anonymous_71)
FNDA:3,(anonymous_72)
FNDA:3,(anonymous_73)
FNDA:3,(anonymous_74)
FNDA:3,(anonymous_75)
FNDA:3,(anonymous_76)
FNDA:3,(anonymous_77)
FNDA:3,(anonymous_78)
FNDA:3,(anonymous_79)
FNDA:3,(anonymous_80)
FNDA:3,(anonymous_81)
FNDA:174,(anonymous_82)
FNDA:3,(anonymous_83)
FNDA:3,(anonymous_84)
FNDA:3,(anonymous_85)
FNDA:3,(anonymous_86)
FNDA:3,(anonymous_87)
FNDA:3,(anonymous_88)
FNDA:8,(anonymous_89)
FNDA:3,(anonymous_90)
FNDA:3,(anonymous_91)
FNDA:3,(anonymous_92)
FNDA:3,(anonymous_93)
FNDA:3,(anonymous_94)
FNDA:3,(anonymous_95)
FNDA:5,(anonymous_96)
FNDA:3,(anonymous_97)
FNDA:3,(anonymous_98)
FNDA:3,(anonymous_99)
FNDA:3,(anonymous_100)
FNDA:3,(anonymous_101)
FNDA:3,(anonymous_102)
FNDA:3,(anonymous_103)
FNDA:3,(anonymous_104)
FNDA:3,(anonymous_106)
FNDA:48,(anonymous_109)
FNDA:8,(anonymous_110)
FNDA:1,(anonymous_112)
FNDA:3,(anonymous_113)
FNDA:3,(anonymous_114)
FNDA:1,(anonymous_116)
FNDA:3,(anonymous_117)
FNDA:3,(anonymous_118)
FNDA:3,(anonymous_119)
FNDA:3,(anonymous_120)
FNDA:1,(anonymous_121)
FNDA:1,(anonymous_122)
DA:25,3
DA:26,3
DA:27,3
DA:29,1
DA:30,3
DA:31,3
DA:32,3
DA:34,3
DA:35,3
DA:36,3
DA:38,1
DA:39,3
DA:40,3
DA:41,3
DA:43,1
DA:44,3
DA:45,3
DA:46,3
DA:48,1
DA:49,3
DA:51,3
DA:52,3
DA:55,1
DA:56,3
DA:58,3
DA:59,3
DA:62,1
DA:63,3
DA:65,3
DA:66,3
DA:69,3
DA:70,3
DA:71,3
DA:72,3
DA:73,3
DA:74,3
DA:75,3
DA:76,3
DA:77,3
DA:80,3
DA:81,3
DA:82,3
DA:83,3
DA:84,3
DA:85,3
DA:86,3
DA:87,3
DA:91,3
DA:92,3
DA:93,3
DA:94,3
DA:96,3
DA:100,3
DA:102,3
DA:103,3
DA:104,3
DA:106,3
DA:110,3
DA:112,3
DA:114,3
DA:117,3
DA:118,3
DA:119,3
DA:120,3
DA:121,3
DA:122,3
DA:123,3
DA:124,3
DA:128,1
DA:129,3
DA:130,3
DA:131,3
DA:132,3
DA:133,3
DA:134,3
DA:135,3
DA:136,3
DA:137,3
DA:138,3
DA:139,3
DA:140,3
DA:142,3
DA:145,3
DA:146,3
DA:147,3
DA:148,3
DA:149,3
DA:152,3
DA:154,3
DA:155,3
DA:156,3
DA:157,3
DA:158,3
DA:159,3
DA:161,3
DA:162,3
DA:164,3
DA:169,1
DA:171,12
DA:173,1
DA:176,3
DA:178,3
DA:179,3
DA:180,3
DA:181,3
DA:182,3
DA:185,3
DA:187,3
DA:188,3
DA:189,3
DA:190,3
DA:191,3
DA:192,3
DA:193,3
DA:194,3
DA:195,3
DA:196,3
DA:197,3
DA:198,3
DA:199,3
DA:201,3
DA:202,3
DA:203,3
DA:205,3
DA:206,3
DA:207,3
DA:208,3
DA:209,3
DA:210,3
DA:211,3
DA:215,3
DA:216,3
DA:217,3
DA:219,3
DA:220,3
DA:221,3
DA:223,3
DA:224,3
DA:225,3
DA:226,3
DA:227,3
DA:228,3
DA:229,15
DA:232,15
DA:234,3
DA:236,3
DA:238,3
DA:240,3
DA:241,3
DA:247,3
DA:248,3
DA:249,3
DA:250,3
DA:251,3
DA:253,3
DA:254,3
DA:255,3
DA:256,3
DA:257,3
DA:258,3
DA:259,3
DA:264,3
DA:265,3
DA:266,3
DA:267,3
DA:268,3
DA:270,3
DA:271,3
DA:272,3
DA:273,3
DA:275,3
DA:276,3
DA:277,3
DA:279,3
DA:281,3
DA:282,3
DA:283,15
DA:285,3
DA:286,3
DA:287,3
DA:289,3
DA:291,3
DA:292,3
DA:294,3
DA:295,3
DA:296,3
DA:297,3
DA:298,3
DA:299,3
DA:300,3
DA:301,3
DA:302,3
DA:304,3
DA:307,3
DA:308,3
DA:309,3
DA:312,3
DA:313,3
DA:314,3
DA:315,3
DA:316,3
DA:317,3
DA:318,3
DA:319,3
DA:320,3
DA:321,3
DA:322,3
DA:323,3
DA:326,3
DA:327,3
DA:329,3
DA:330,3
DA:331,3
DA:332,3
DA:333,3
DA:334,3
DA:336,3
DA:337,3
DA:338,3
DA:339,3
DA:341,3
DA:345,3
DA:346,3
DA:347,3
DA:348,3
DA:349,3
DA:350,3
DA:351,3
DA:352,3
DA:353,3
DA:355,3
DA:356,3
DA:359,3
DA:360,3
DA:361,7
DA:362,7
DA:363,7
DA:364,3
DA:368,3
DA:370,3
DA:371,3
DA:372,3
DA:373,3
DA:374,3
DA:375,3
DA:377,3
DA:378,3
DA:379,3
DA:380,0
DA:383,3
DA:385,3
DA:389,3
DA:390,3
DA:393,3
DA:394,3
DA:397,3
DA:398,3
DA:399,3
DA:401,3
DA:402,3
DA:403,3
DA:405,3
DA:406,3
DA:407,3
DA:408,0
DA:411,3
DA:413,3
DA:417,1
DA:419,1
DA:421,1
DA:424,3
DA:425,3
DA:429,3
DA:430,3
DA:434,3
DA:435,3
DA:437,3
DA:438,3
DA:439,3
DA:440,3
DA:441,3
DA:442,3
DA:443,3
DA:445,3
DA:446,3
DA:447,3
DA:448,3
DA:450,3
DA:451,3
DA:452,3
DA:453,3
DA:454,3
DA:456,3
DA:457,3
DA:458,3
DA:459,3
DA:460,3
DA:461,3
DA:462,3
DA:463,3
DA:465,3
DA:467,174
DA:472,3
DA:474,3
DA:476,3
DA:477,3
DA:482,3
DA:483,3
DA:484,3
DA:485,3
DA:488,3
DA:489,3
DA:490,3
DA:491,3
DA:492,3
DA:493,3
DA:494,3
DA:495,3
DA:496,3
DA:497,3
DA:498,3
DA:499,3
DA:501,3
DA:502,3
DA:503,3
DA:504,3
DA:507,8
DA:508,6
DA:511,3
DA:512,3
DA:515,3
DA:516,3
DA:517,3
DA:518,3
DA:519,3
DA:521,3
DA:522,3
DA:525,3
DA:526,3
DA:530,3
DA:531,3
DA:533,3
DA:534,3
DA:536,5
DA:538,3
DA:539,3
DA:540,3
DA:541,3
DA:542,3
DA:543,3
DA:544,3
DA:545,3
DA:546,3
DA:547,3
DA:548,3
DA:552,1
DA:554,1
DA:556,1
DA:559,3
DA:560,3
DA:561,3
DA:562,3
DA:563,3
DA:565,3
DA:566,3
DA:567,3
DA:572,1
DA:573,3
DA:574,3
DA:575,3
DA:576,3
DA:580,3
DA:581,3
DA:582,3
DA:583,3
DA:590,3
DA:591,3
DA:592,3
DA:593,3
DA:594,3
DA:600,1
DA:602,4
DA:604,4
DA:606,4
DA:608,4
DA:609,3
DA:629,1
DA:631,8
DA:633,1
DA:639,1
DA:641,12
DA:643,12
DA:648,1
DA:650,1
DA:652,1
DA:653,8
DA:654,1
DA:655,48
DA:656,48
DA:665,1
DA:667,8
DA:669,8
DA:671,8
DA:674,1
DA:675,1
DA:676,1
DA:677,1
DA:679,3
DA:680,3
DA:681,3
DA:685,3
DA:686,3
DA:687,3
DA:688,3
DA:694,1
DA:696,8
DA:698,8
DA:700,8
DA:703,1
DA:704,1
DA:705,1
DA:706,1
DA:708,3
DA:709,3
DA:710,3
DA:714,3
DA:715,3
DA:716,3
DA:717,3
DA:719,3
DA:720,3
DA:721,3
DA:722,3
DA:723,1
DA:725,0
DA:730,3
LF:436
LH:433
BRDA:362,0,0,7
BRDA:362,0,1,0
BRDA:362,1,0,7
BRDA:362,1,1,0
BRDA:363,2,0,3
BRDA:363,2,1,4
BRDA:507,3,0,6
BRDA:507,3,1,2
BRDA:674,4,0,1
BRDA:674,4,1,1
BRDA:703,5,0,1
BRDA:703,5,1,1
BRF:12
BRH:10
end_of_record
TN:
SF:..\core\src\shared-tests\deleteAll.ts
FN:5,deleteAll
FN:6,(anonymous_2)
FNF:2
FNH:2
FNDA:109,deleteAll
FNDA:3,(anonymous_2)
DA:6,109
DA:7,109
LF:2
LH:2
BRF:0
BRH:0
end_of_record
TN:
SF:..\core\src\shared-tests\entityWithValidations.ts
FN:23,(anonymous_0)
FN:27,(anonymous_1)
FN:9,(anonymous_3)
FN:9,(anonymous_4)
FNF:4
FNH:4
FNDA:224,(anonymous_0)
FNDA:24,(anonymous_1)
FNDA:149,(anonymous_3)
FNDA:149,(anonymous_4)
DA:6,1
DA:9,149
DA:10,149
DA:11,4
DA:12,149
DA:13,113
DA:17,1
DA:19,1
DA:21,1
DA:22,1
DA:23,224
DA:24,224
DA:28,24
DA:29,24
DA:30,24
DA:31,24
DA:32,24
DA:33,24
DA:34,24
DA:35,24
DA:36,24
DA:37,24
DA:38,24
DA:39,24
DA:40,24
DA:41,24
DA:42,24
DA:43,24
DA:44,24
DA:45,24
LF:30
LH:30
BRDA:10,0,0,4
BRDA:10,0,1,145
BRDA:10,1,0,149
BRDA:10,1,1,149
BRDA:12,2,0,113
BRDA:12,2,1,36
BRF:6
BRH:6
end_of_record
TN:
SF:..\core\src\tests\Done.ts
FN:3,(anonymous_0)
FN:5,(anonymous_1)
FN:8,(anonymous_2)
FNF:3
FNH:3
FNDA:101,(anonymous_0)
FNDA:98,(anonymous_1)
FNDA:96,(anonymous_2)
DA:4,101
DA:6,98
DA:9,96
LF:3
LH:3
BRDA:8,0,0,94
BRF:1
BRH:1
end_of_record
TN:
SF:..\core\src\tests\TestDataApiResponse.ts
FN:5,(anonymous_0)
FN:7,(anonymous_1)
FN:10,(anonymous_2)
FN:13,(anonymous_3)
FN:16,(anonymous_4)
FN:19,(anonymous_5)
FN:22,(anonymous_6)
FNF:7
FNH:7
FNDA:1,(anonymous_0)
FNDA:1,(anonymous_1)
FNDA:1,(anonymous_2)
FNDA:1,(anonymous_3)
FNDA:1,(anonymous_4)
FNDA:1,(anonymous_5)
FNDA:1,(anonymous_6)
DA:8,1
DA:11,1
DA:14,1
DA:17,1
DA:20,1
DA:23,1
LF:6
LH:6
BRF:0
BRH:0
end_of_record
TN:
SF:..\core\src\tests\c.ts
FN:11,(anonymous_0)
FNF:1
FNH:1
FNDA:39,(anonymous_0)
DA:6,1
DA:8,1
DA:10,1
DA:11,39
DA:12,39
LF:5
LH:5
BRF:0
BRH:0
end_of_record
TN:
SF:..\core\src\tests\createData.ts
FN:8,createData
FN:17,(anonymous_2)
FN:17,(anonymous_3)
FNF:3
FNH:3
FNDA:108,createData
FNDA:297,(anonymous_2)
FNDA:297,(anonymous_3)
DA:11,108
DA:12,108
DA:13,108
DA:14,71
DA:15,108
DA:16,108
DA:17,297
DA:19,297
DA:20,297
DA:21,297
DA:22,297
DA:23,297
DA:24,12
DA:25,297
DA:28,108
LF:15
LH:15
BRDA:13,0,0,71
BRDA:13,0,1,37
BRDA:16,1,0,107
BRDA:16,1,1,1
BRDA:23,2,0,12
BRDA:23,2,1,285
BRF:6
BRH:6
end_of_record
TN:
SF:..\core\src\tests\d.ts
FNF:0
FNH:0
DA:11,1
DA:13,1
DA:15,1
DA:17,1
LF:4
LH:4
BRF:0
BRH:0
end_of_record
TN:
SF:..\core\src\tests\dWithPrefilter.ts
FN:19,(anonymous_0)
FNF:1
FNH:1
FNDA:1,(anonymous_0)
DA:11,1
DA:13,1
DA:15,1
DA:17,1
DA:19,1
DA:20,1
DA:21,1
LF:7
LH:7
BRF:0
BRH:0
end_of_record
TN:
SF:..\core\src\tests\entityForCustomFilter.ts
FN:17,(anonymous_0)
FN:17,(anonymous_1)
FN:30,(anonymous_2)
FN:30,(anonymous_3)
FN:31,(anonymous_4)
FN:38,(anonymous_5)
FN:39,(anonymous_6)
FN:40,(anonymous_7)
FNF:8
FNH:8
FNDA:8,(anonymous_0)
FNDA:8,(anonymous_1)
FNDA:1,(anonymous_2)
FNDA:1,(anonymous_3)
FNDA:15,(anonymous_4)
FNDA:4,(anonymous_5)
FNDA:4,(anonymous_6)
FNDA:4,(anonymous_7)
DA:10,1
DA:12,1
DA:13,1
DA:17,8
DA:19,8
DA:20,8
DA:21,4
DA:22,8
DA:23,0
DA:24,8
DA:25,4
DA:26,4
DA:27,4
DA:30,1
DA:31,15
DA:36,8
DA:38,4
DA:39,4
DA:40,4
DA:44,1
LF:20
LH:19
BRDA:20,0,0,4
BRDA:20,0,1,4
BRDA:22,1,0,0
BRDA:22,1,1,8
BRDA:24,2,0,4
BRDA:24,2,1,4
BRDA:31,3,0,15
BRDA:31,3,1,12
BRF:8
BRH:7
end_of_record
TN:
SF:..\core\src\tests\entityWithValidationsOnColumn.ts
FN:9,(anonymous_0)
FNF:1
FNH:1
FNDA:13,(anonymous_0)
DA:5,1
DA:7,1
DA:10,13
DA:11,5
DA:14,1
LF:5
LH:5
BRDA:10,0,0,5
BRDA:10,0,1,8
BRDA:10,1,0,13
BRDA:10,1,1,13
BRF:4
BRH:4
end_of_record
TN:
SF:..\core\src\tests\h.ts
FN:24,(anonymous_0)
FN:7,(anonymous_1)
FN:8,(anonymous_2)
FN:12,(anonymous_3)
FNF:4
FNH:4
FNDA:10,(anonymous_0)
FNDA:93,(anonymous_1)
FNDA:68,(anonymous_2)
FNDA:20,(anonymous_3)
DA:7,93
DA:8,68
DA:13,20
DA:14,7
DA:17,13
DA:21,1
DA:23,1
DA:24,10
DA:25,1
DA:27,1
LF:10
LH:10
BRDA:7,0,0,40
BRDA:7,0,1,53
BRDA:8,1,0,30
BRDA:8,1,1,38
BRDA:13,2,0,7
BRDA:13,2,1,13
BRF:6
BRH:6
end_of_record
TN:
SF:..\core\src\tests\remult-3-entities.ts
FN:39,(anonymous_1)
FN:43,(anonymous_2)
FN:46,(anonymous_3)
FNF:3
FNH:3
FNDA:144,(anonymous_1)
FNDA:144,(anonymous_2)
FNDA:206,(anonymous_3)
DA:5,1
DA:7,1
DA:9,1
DA:11,1
DA:13,1
DA:15,1
DA:29,1
DA:33,1033
DA:35,1
DA:37,1
DA:39,144
DA:41,1
DA:43,144
DA:45,1
DA:46,206
DA:47,1
LF:16
LH:16
BRDA:39,0,0,143
BRDA:39,0,1,1
BRDA:43,1,0,143
BRDA:43,1,1,1
BRF:4
BRH:4
end_of_record
TN:
SF:..\core\src\tests\tasks.ts
FNF:0
FNH:0
DA:4,1
DA:6,1
DA:8,1
DA:10,20
LF:4
LH:4
BRF:0
BRH:0
end_of_record
TN:
SF:..\core\src\tests\testModel\models.ts
FN:9,(anonymous_0)
FN:18,(anonymous_1)
FNF:2
FNH:2
FNDA:3,(anonymous_0)
FNDA:3,(anonymous_1)
DA:5,1
DA:6,1
DA:7,1
DA:8,1
DA:9,3
DA:14,1
DA:15,1
DA:16,1
DA:17,1
DA:18,3
LF:10
LH:10
BRF:0
BRH:0
end_of_record
